2020-02-03 08:03:32 - Starting ProjectApplication on DESKTOP-N3QQ62U with PID 6824 (started by upperlink in C:\Users\upperlink\Desktop\sample project\project)
2020-02-03 08:03:32 - No active profile set, falling back to default profiles: default
2020-02-03 08:03:38 - Bootstrapping Spring Data repositories in DEFAULT mode.
2020-02-03 08:03:38 - Finished Spring Data repository scanning in 96ms. Found 1 repository interfaces.
2020-02-03 08:03:39 - Bean 'org.springframework.transaction.annotation.ProxyTransactionManagementConfiguration' of type [org.springframework.transaction.annotation.ProxyTransactionManagementConfiguration$$EnhancerBySpringCGLIB$$5deb1895] is not eligible for getting processed by all BeanPostProcessors (for example: not eligible for auto-proxying)
2020-02-03 08:03:40 - Tomcat initialized with port(s): 3214 (http)
2020-02-03 08:03:40 - Initializing ProtocolHandler ["http-nio-3214"]
2020-02-03 08:03:40 - Starting service [Tomcat]
2020-02-03 08:03:40 - Starting Servlet engine: [Apache Tomcat/9.0.16]
2020-02-03 08:03:40 - The APR based Apache Tomcat Native library which allows optimal performance in production environments was not found on the java.library.path: [C:\Program Files\Java\jdk1.8.0_171\bin;C:\WINDOWS\Sun\Java\bin;C:\WINDOWS\system32;C:\WINDOWS;C:\ProgramData\DockerDesktop\version-bin;C:\Program Files\Docker\Docker\Resources\bin;C:\Program Files (x86)\Common Files\Oracle\Java\javapath;C:\WINDOWS\system32;C:\WINDOWS;C:\WINDOWS\System32\Wbem;C:\WINDOWS\System32\WindowsPowerShell\v1.0\;C:\Program Files\Git\cmd;C:\WINDOWS\System32\OpenSSH\;C:\Program Files\Microsoft SQL Server\Client SDK\ODBC\110\Tools\Binn\;C:\Program Files (x86)\Microsoft SQL Server\120\Tools\Binn\;C:\Program Files\Microsoft SQL Server\120\Tools\Binn\;C:\Program Files\Microsoft SQL Server\120\DTS\Binn\;C:\Program Files (x86)\Microsoft SQL Server\120\Tools\Binn\ManagementStudio\;C:\Program Files (x86)\Microsoft SQL Server\120\DTS\Binn\;C:\Program Files\Java\jdk1.8.0_171\bin;C:\Program Files\apache-maven-3.6.2\bin;C:\Program Files\Redis\;C:\apache-tomcat-9.0.0.M15\bin;C:\Program Files (x86)\Yarn\bin\;C:\Program Files\nodejs\;C:\Users\upperlink\AppData\Local\Microsoft\WindowsApps;C:\Program Files\Microsoft VS Code\bin;C:\Users\upperlink\AppData\Local\Yarn\bin;C:\Users\upperlink\AppData\Roaming\npm;.]
2020-02-03 08:03:40 - Initializing Spring embedded WebApplicationContext
2020-02-03 08:03:40 - Root WebApplicationContext: initialization completed in 7217 ms
2020-02-03 08:03:41 - null. DataSource.unwrap(class com.zaxxer.hikari.HikariDataSource) returned 
2020-02-03 08:03:41 - HikariPool-1 - Starting...
2020-02-03 08:03:43 - HikariPool-1 - Driver does not support get/set network timeout for connections. (This operation is not supported.)
2020-02-03 08:03:43 - HikariPool-1 - Start completed.
2020-02-03 08:03:43 - 1. Connection opened
2020-02-03 08:03:43 - 1. Connection.new Connection returned 
2020-02-03 08:03:43 - null. DataSource.getConnection() returned 
2020-02-03 08:03:43 - 1. Connection.getMetaData() returned  SQLServerDatabaseMetaData:1
2020-02-03 08:03:43 - 1. Connection closed
2020-02-03 08:03:43 - 1. Connection.close() returned 
2020-02-03 08:03:43 - null. DataSource.unwrap(class com.zaxxer.hikari.HikariDataSource) returned 
2020-02-03 08:03:43 - HHH000204: Processing PersistenceUnitInfo [
	name: default
	...]
2020-02-03 08:03:43 - HHH000412: Hibernate Core {5.3.7.Final}
2020-02-03 08:03:43 - HHH000206: hibernate.properties not found
2020-02-03 08:03:44 - HCANN000001: Hibernate Commons Annotations {5.0.4.Final}
2020-02-03 08:03:44 - 2. Connection opened
2020-02-03 08:03:44 - 2. Connection.new Connection returned 
2020-02-03 08:03:44 - null. DataSource.getConnection() returned 
2020-02-03 08:03:44 - 2. Connection.getMetaData() returned  SQLServerDatabaseMetaData:1
2020-02-03 08:03:44 - HHH000400: Using dialect: org.hibernate.dialect.SQLServer2012Dialect
2020-02-03 08:03:45 - 2. Connection closed
2020-02-03 08:03:45 - 2. Connection.close() returned 
2020-02-03 08:03:46 - 3. Connection opened
2020-02-03 08:03:46 - 3. Connection.new Connection returned 
2020-02-03 08:03:46 - null. DataSource.getConnection() returned 
2020-02-03 08:03:46 - 3. Connection.getAutoCommit() returned true
2020-02-03 08:03:46 - 3. Statement.new Statement returned 
2020-02-03 08:03:46 - 3. Connection.createStatement() returned net.sf.log4jdbc.sql.jdbcapi.StatementSpy@5e9bf744
2020-02-03 08:03:46 - select name from sys.sequences 

2020-02-03 08:03:46 - select name from sys.sequences 
 {executed in 46 msec}
2020-02-03 08:03:46 - 3. ResultSet.new ResultSet returned 
2020-02-03 08:03:46 - 3. Statement.executeQuery(select name from sys.sequences) returned net.sf.log4jdbc.sql.jdbcapi.ResultSetSpy@1a2773a8
2020-02-03 08:03:46 - 
|-----|
|name |
|-----|
|-----|

2020-02-03 08:03:46 - 3. ResultSet.next() returned false
2020-02-03 08:03:46 - 3. ResultSet.close() returned void
2020-02-03 08:03:46 - 3. Statement.close() returned 
2020-02-03 08:03:46 - 3. Connection.getMetaData() returned  SQLServerDatabaseMetaData:1
2020-02-03 08:03:56 - 3. Connection closed
2020-02-03 08:03:56 - 3. Connection.close() returned 
2020-02-03 08:03:56 - Initialized JPA EntityManagerFactory for persistence unit 'default'
2020-02-03 08:03:56 - Statistics initialized [enabled=false]
2020-02-03 08:03:57 - spring.jpa.open-in-view is enabled by default. Therefore, database queries may be performed during view rendering. Explicitly configure spring.jpa.open-in-view to disable this warning
2020-02-03 08:03:57 - Initializing ExecutorService 'applicationTaskExecutor'
2020-02-03 08:03:57 - null. DataSource.unwrap(class com.zaxxer.hikari.HikariDataSource) returned 
2020-02-03 08:03:57 - null. DataSource.unwrap(class com.zaxxer.hikari.HikariDataSource) returned 
2020-02-03 08:03:57 - null. DataSource.unwrap(class com.zaxxer.hikari.HikariDataSource) returned 
2020-02-03 08:03:58 - Exposing 2 endpoint(s) beneath base path '/management'
2020-02-03 08:03:58 - Starting ProtocolHandler ["http-nio-3214"]
2020-02-03 08:03:58 - Tomcat started on port(s): 3214 (http) with context path ''
2020-02-03 08:03:58 - Started ProjectApplication in 28.017 seconds (JVM running for 31.542)
2020-02-03 08:24:08 - Neither @ContextConfiguration nor @ContextHierarchy found for test class [com.sample.project.ProjectApplicationTests], using SpringBootContextLoader
2020-02-03 08:24:08 - Could not detect default resource locations for test class [com.sample.project.ProjectApplicationTests]: no resource found for suffixes {-context.xml, Context.groovy}.
2020-02-03 08:24:08 - Could not detect default configuration classes for test class [com.sample.project.ProjectApplicationTests]: ProjectApplicationTests does not declare any static, non-private, non-final, nested classes annotated with @Configuration.
2020-02-03 08:24:09 - Found @SpringBootConfiguration com.sample.project.ProjectApplication for test class com.sample.project.ProjectApplicationTests
2020-02-03 08:24:09 - Loaded default TestExecutionListener class names from location [META-INF/spring.factories]: [org.springframework.boot.test.mock.mockito.MockitoTestExecutionListener, org.springframework.boot.test.mock.mockito.ResetMocksTestExecutionListener, org.springframework.boot.test.autoconfigure.restdocs.RestDocsTestExecutionListener, org.springframework.boot.test.autoconfigure.web.client.MockRestServiceServerResetTestExecutionListener, org.springframework.boot.test.autoconfigure.web.servlet.MockMvcPrintOnlyOnFailureTestExecutionListener, org.springframework.boot.test.autoconfigure.web.servlet.WebDriverTestExecutionListener, org.springframework.test.context.web.ServletTestExecutionListener, org.springframework.test.context.support.DirtiesContextBeforeModesTestExecutionListener, org.springframework.test.context.support.DependencyInjectionTestExecutionListener, org.springframework.test.context.support.DirtiesContextTestExecutionListener, org.springframework.test.context.transaction.TransactionalTestExecutionListener, org.springframework.test.context.jdbc.SqlScriptsTestExecutionListener]
2020-02-03 08:24:09 - Using TestExecutionListeners: [org.springframework.test.context.web.ServletTestExecutionListener@212b5695, org.springframework.test.context.support.DirtiesContextBeforeModesTestExecutionListener@446293d, org.springframework.boot.test.mock.mockito.MockitoTestExecutionListener@69997e9d, org.springframework.boot.test.autoconfigure.SpringBootDependencyInjectionTestExecutionListener@793be5ca, org.springframework.test.context.support.DirtiesContextTestExecutionListener@2df9b86, org.springframework.test.context.transaction.TransactionalTestExecutionListener@37654521, org.springframework.test.context.jdbc.SqlScriptsTestExecutionListener@15aab8c6, org.springframework.boot.test.mock.mockito.ResetMocksTestExecutionListener@33990a0c, org.springframework.boot.test.autoconfigure.restdocs.RestDocsTestExecutionListener@4de4b452, org.springframework.boot.test.autoconfigure.web.client.MockRestServiceServerResetTestExecutionListener@50b5ac82, org.springframework.boot.test.autoconfigure.web.servlet.MockMvcPrintOnlyOnFailureTestExecutionListener@101952da, org.springframework.boot.test.autoconfigure.web.servlet.WebDriverTestExecutionListener@6babf3bf]
2020-02-03 08:24:10 - 

Found multiple occurrences of org.json.JSONObject on the class path:

	jar:file:/C:/Users/upperlink/.m2/repository/com/vaadin/external/google/android-json/0.0.20131108.vaadin1/android-json-0.0.20131108.vaadin1.jar!/org/json/JSONObject.class
	jar:file:/C:/Users/upperlink/.m2/repository/org/json/json/20190722/json-20190722.jar!/org/json/JSONObject.class

You may wish to exclude one of them to ensure predictable runtime behavior

2020-02-03 08:24:10 - Starting ProjectApplicationTests on DESKTOP-N3QQ62U with PID 12044 (started by upperlink in C:\Users\upperlink\Desktop\sample project\project)
2020-02-03 08:24:10 - No active profile set, falling back to default profiles: default
2020-02-03 08:24:12 - Bootstrapping Spring Data repositories in DEFAULT mode.
2020-02-03 08:24:12 - Finished Spring Data repository scanning in 115ms. Found 1 repository interfaces.
2020-02-03 08:24:13 - Bean 'org.springframework.transaction.annotation.ProxyTransactionManagementConfiguration' of type [org.springframework.transaction.annotation.ProxyTransactionManagementConfiguration$$EnhancerBySpringCGLIB$$c0aee5c6] is not eligible for getting processed by all BeanPostProcessors (for example: not eligible for auto-proxying)
2020-02-03 08:24:13 - HikariPool-1 - Starting...
2020-02-03 08:24:14 - HikariPool-1 - Driver does not support get/set network timeout for connections. (This operation is not supported.)
2020-02-03 08:24:14 - HikariPool-1 - Start completed.
2020-02-03 08:24:14 - 1. Connection opened
2020-02-03 08:24:14 - 1. Connection.new Connection returned 
2020-02-03 08:24:14 - null. DataSource.getConnection() returned 
2020-02-03 08:24:14 - 1. Connection.getMetaData() returned  SQLServerDatabaseMetaData:1
2020-02-03 08:24:14 - 1. Connection closed
2020-02-03 08:24:14 - 1. Connection.close() returned 
2020-02-03 08:24:14 - null. DataSource.unwrap(class com.zaxxer.hikari.HikariDataSource) returned 
2020-02-03 08:24:15 - HHH000204: Processing PersistenceUnitInfo [
	name: default
	...]
2020-02-03 08:24:15 - HHH000412: Hibernate Core {5.3.7.Final}
2020-02-03 08:24:15 - HHH000206: hibernate.properties not found
2020-02-03 08:24:15 - HCANN000001: Hibernate Commons Annotations {5.0.4.Final}
2020-02-03 08:24:15 - 2. Connection opened
2020-02-03 08:24:15 - 2. Connection.new Connection returned 
2020-02-03 08:24:15 - null. DataSource.getConnection() returned 
2020-02-03 08:24:15 - 2. Connection.getMetaData() returned  SQLServerDatabaseMetaData:1
2020-02-03 08:24:15 - HHH000400: Using dialect: org.hibernate.dialect.SQLServer2012Dialect
2020-02-03 08:24:15 - 2. Connection closed
2020-02-03 08:24:15 - 2. Connection.close() returned 
2020-02-03 08:24:16 - 3. Connection opened
2020-02-03 08:24:16 - 3. Connection.new Connection returned 
2020-02-03 08:24:16 - null. DataSource.getConnection() returned 
2020-02-03 08:24:16 - 3. Connection.getAutoCommit() returned true
2020-02-03 08:24:16 - 3. Statement.new Statement returned 
2020-02-03 08:24:16 - 3. Connection.createStatement() returned net.sf.log4jdbc.sql.jdbcapi.StatementSpy@62735b13
2020-02-03 08:24:16 - select name from sys.sequences 

2020-02-03 08:24:16 - select name from sys.sequences 
 {executed in 11 msec}
2020-02-03 08:24:16 - 3. ResultSet.new ResultSet returned 
2020-02-03 08:24:16 - 3. Statement.executeQuery(select name from sys.sequences) returned net.sf.log4jdbc.sql.jdbcapi.ResultSetSpy@46d0f89c
2020-02-03 08:24:16 - 
|-----|
|name |
|-----|
|-----|

2020-02-03 08:24:16 - 3. ResultSet.next() returned false
2020-02-03 08:24:16 - 3. ResultSet.close() returned void
2020-02-03 08:24:16 - 3. Statement.close() returned 
2020-02-03 08:24:16 - 3. Connection.getMetaData() returned  SQLServerDatabaseMetaData:1
2020-02-03 08:24:17 - 3. Connection closed
2020-02-03 08:24:17 - 3. Connection.close() returned 
2020-02-03 08:24:17 - Initialized JPA EntityManagerFactory for persistence unit 'default'
2020-02-03 08:24:17 - Statistics initialized [enabled=false]
2020-02-03 08:24:18 - spring.jpa.open-in-view is enabled by default. Therefore, database queries may be performed during view rendering. Explicitly configure spring.jpa.open-in-view to disable this warning
2020-02-03 08:24:19 - Initializing ExecutorService 'applicationTaskExecutor'
2020-02-03 08:24:20 - null. DataSource.unwrap(class com.zaxxer.hikari.HikariDataSource) returned 
2020-02-03 08:24:20 - null. DataSource.unwrap(class com.zaxxer.hikari.HikariDataSource) returned 
2020-02-03 08:24:20 - null. DataSource.unwrap(class com.zaxxer.hikari.HikariDataSource) returned 
2020-02-03 08:24:21 - Exposing 2 endpoint(s) beneath base path '/management'
2020-02-03 08:24:21 - Started ProjectApplicationTests in 11.883 seconds (JVM running for 13.981)
2020-02-03 08:24:21 - Shutting down ExecutorService 'applicationTaskExecutor'
2020-02-03 08:24:21 - Closing JPA EntityManagerFactory for persistence unit 'default'
2020-02-03 08:24:21 - HikariPool-1 - Shutdown initiated...
2020-02-03 08:24:21 - HikariPool-1 - Shutdown completed.
