2019-06-03 09:02:34 - Starting ProjectApplication on DESKTOP-765QC83 with PID 9232 (C:\Users\User\Desktop\project\target\classes started by User in C:\Users\User\Desktop\project)
2019-06-03 09:02:34 - No active profile set, falling back to default profiles: default
2019-06-03 09:02:35 - Devtools property defaults active! Set 'spring.devtools.add-properties' to 'false' to disable
2019-06-03 09:02:35 - For additional web related logging consider setting the 'logging.level.web' property to 'DEBUG'
2019-06-03 09:02:37 - Bootstrapping Spring Data repositories in DEFAULT mode.
2019-06-03 09:02:37 - Finished Spring Data repository scanning in 115ms. Found 1 repository interfaces.
2019-06-03 09:02:38 - Bean 'org.springframework.transaction.annotation.ProxyTransactionManagementConfiguration' of type [org.springframework.transaction.annotation.ProxyTransactionManagementConfiguration$$EnhancerBySpringCGLIB$$27c03c78] is not eligible for getting processed by all BeanPostProcessors (for example: not eligible for auto-proxying)
2019-06-03 09:02:39 - Tomcat initialized with port(s): 8097 (http)
2019-06-03 09:02:39 - Initializing ProtocolHandler ["http-nio-8097"]
2019-06-03 09:02:39 - Starting service [Tomcat]
2019-06-03 09:02:39 - Starting Servlet engine: [Apache Tomcat/9.0.16]
2019-06-03 09:02:39 - The APR based Apache Tomcat Native library which allows optimal performance in production environments was not found on the java.library.path: [C:\Program Files\Java\jdk1.8.0_171\bin;C:\Windows\Sun\Java\bin;C:\Windows\system32;C:\Windows;C:\Program Files (x86)\Common Files\Oracle\Java\javapath;C:\Windows\system32;C:\Windows;C:\Windows\System32\Wbem;C:\Windows\System32\WindowsPowerShell\v1.0\;C:\Program Files\nodejs\;C:\Program Files\Git\cmd;C:\Program Files\Microsoft SQL Server\Client SDK\ODBC\110\Tools\Binn\;C:\Program Files (x86)\Microsoft SQL Server\120\Tools\Binn\;C:\Program Files\Microsoft SQL Server\120\Tools\Binn\;C:\Program Files\Microsoft SQL Server\120\DTS\Binn\;C:\Program Files (x86)\Microsoft SQL Server\120\Tools\Binn\ManagementStudio\;C:\Program Files (x86)\Microsoft SQL Server\120\DTS\Binn\;C:\Program Files\Java\apache-maven-3.6.1\bin;C:\Program Files\Java\jdk1.8.0_171\bin;C:\Users\User\AppData\Local\Microsoft\WindowsApps;C:\Users\User\AppData\Roaming\npm;.]
2019-06-03 09:02:40 - Initializing Spring embedded WebApplicationContext
2019-06-03 09:02:40 - Root WebApplicationContext: initialization completed in 5007 ms
2019-06-03 09:02:40 - HikariPool-1 - Starting...
2019-06-03 09:02:41 - HikariPool-1 - Driver does not support get/set network timeout for connections. (This operation is not supported.)
2019-06-03 09:02:41 - HikariPool-1 - Start completed.
2019-06-03 09:02:41 - HHH000204: Processing PersistenceUnitInfo [
	name: default
	...]
2019-06-03 09:02:41 - HHH000412: Hibernate Core {5.3.7.Final}
2019-06-03 09:02:41 - HHH000206: hibernate.properties not found
2019-06-03 09:02:42 - HCANN000001: Hibernate Commons Annotations {5.0.4.Final}
2019-06-03 09:02:42 - HHH000400: Using dialect: org.hibernate.dialect.SQLServer2012Dialect
2019-06-03 09:02:43 - Initialized JPA EntityManagerFactory for persistence unit 'default'
2019-06-03 09:02:44 - Initializing ExecutorService 'applicationTaskExecutor'
2019-06-03 09:02:45 - spring.jpa.open-in-view is enabled by default. Therefore, database queries may be performed during view rendering. Explicitly configure spring.jpa.open-in-view to disable this warning
2019-06-03 09:02:45 - LiveReload server is running on port 35729
2019-06-03 09:02:45 - Exposing 2 endpoint(s) beneath base path '/actuator'
2019-06-03 09:02:45 - Starting ProtocolHandler ["http-nio-8097"]
2019-06-03 09:02:45 - Tomcat started on port(s): 8097 (http) with context path ''
2019-06-03 09:02:45 - Started ProjectApplication in 11.823 seconds (JVM running for 29.689)
2019-06-03 09:02:56 - Initializing Spring DispatcherServlet 'dispatcherServlet'
2019-06-03 09:02:56 - Initializing Servlet 'dispatcherServlet'
2019-06-03 09:02:56 - Completed initialization in 15 ms
2019-06-03 09:02:56 - HHH000397: Using ASTQueryTranslatorFactory
