2019-07-12 13:05:23 - Bean 'org.springframework.cloud.autoconfigure.ConfigurationPropertiesRebinderAutoConfiguration' of type [org.springframework.cloud.autoconfigure.ConfigurationPropertiesRebinderAutoConfiguration$$EnhancerBySpringCGLIB$$798dd570] is not eligible for getting processed by all BeanPostProcessors (for example: not eligible for auto-proxying)
2019-07-12 13:05:25 - No active profile set, falling back to default profiles: default
2019-07-12 13:05:33 - Bootstrapping Spring Data repositories in DEFAULT mode.
2019-07-12 13:05:34 - Finished Spring Data repository scanning in 612ms. Found 1 repository interfaces.
2019-07-12 13:05:35 - Endpoint ID 'service-registry' contains invalid characters, please migrate to a valid format.
2019-07-12 13:05:36 - BeanFactory id=6ce9ef8b-c40b-36c3-9128-c7ad404e1c56
2019-07-12 13:05:37 - Bean 'org.springframework.transaction.annotation.ProxyTransactionManagementConfiguration' of type [org.springframework.transaction.annotation.ProxyTransactionManagementConfiguration$$EnhancerBySpringCGLIB$$5d73d273] is not eligible for getting processed by all BeanPostProcessors (for example: not eligible for auto-proxying)
2019-07-12 13:05:38 - Bean 'org.springframework.cloud.autoconfigure.ConfigurationPropertiesRebinderAutoConfiguration' of type [org.springframework.cloud.autoconfigure.ConfigurationPropertiesRebinderAutoConfiguration$$EnhancerBySpringCGLIB$$798dd570] is not eligible for getting processed by all BeanPostProcessors (for example: not eligible for auto-proxying)
2019-07-12 13:05:39 - Tomcat initialized with port(s): 8092 (http)
2019-07-12 13:05:39 - Initializing ProtocolHandler ["http-nio-8092"]
2019-07-12 13:05:39 - Starting service [Tomcat]
2019-07-12 13:05:39 - Starting Servlet engine: [Apache Tomcat/9.0.16]
2019-07-12 13:05:39 - The APR based Apache Tomcat Native library which allows optimal performance in production environments was not found on the java.library.path: [C:\Program Files\Java\jdk1.8.0_172\bin;C:\Windows\Sun\Java\bin;C:\Windows\system32;C:\Windows;C:\app\UPPERLINK\product\11.2.0\dbhome_1\bin;C:\Windows\system32;C:\Windows;C:\Windows\System32\Wbem;C:\Windows\System32\WindowsPowerShell\v1.0\;C:\Windows\System32\OpenSSH\;C:\Program Files\Java\jdk1.8.0_172\bin;C:\Program Files\Microsoft SQL Server\Client SDK\ODBC\110\Tools\Binn\;C:\Program Files (x86)\Microsoft SQL Server\120\Tools\Binn\;C:\Program Files\Microsoft SQL Server\120\Tools\Binn\;C:\Program Files\Microsoft SQL Server\120\DTS\Binn\;C:\Program Files (x86)\Microsoft SQL Server\120\Tools\Binn\ManagementStudio\;C:\Program Files (x86)\Microsoft SQL Server\120\DTS\Binn\;C:\Program Files\apache-maven-3.5.4\bin;C:\Program Files\Redis\;C:\Program Files\nodejs\;C:\Program Files\Zookeeper\zookeeper-3.4.10\bin;C:\Program Files\Git\cmd;C:\Users\UPPERLINK\AppData\Local\Microsoft\WindowsApps;;C:\Program Files (x86)\Microsoft VS Code\bin;C:\Users\UPPERLINK\AppData\Roaming\npm;.]
2019-07-12 13:05:40 - Initializing Spring embedded WebApplicationContext
2019-07-12 13:05:41 - Root WebApplicationContext: initialization completed in 15621 ms
2019-07-12 13:05:43 - No URLs will be polled as dynamic configuration sources.
2019-07-12 13:05:43 - To enable URLs as dynamic configuration sources, define System property archaius.configurationSource.additionalUrls or make config.properties available on classpath.
2019-07-12 13:05:43 - DynamicPropertyFactory is initialized with configuration sources: com.netflix.config.ConcurrentCompositeConfiguration@4fa822ad
2019-07-12 13:05:46 - HikariPool-1 - Starting...
2019-07-12 13:05:47 - HikariPool-1 - Driver does not support get/set network timeout for connections. (This operation is not supported.)
2019-07-12 13:05:47 - HikariPool-1 - Start completed.
2019-07-12 13:05:47 - HHH000204: Processing PersistenceUnitInfo [
	name: default
	...]
2019-07-12 13:05:47 - HHH000412: Hibernate Core {5.3.7.Final}
2019-07-12 13:05:47 - HHH000206: hibernate.properties not found
2019-07-12 13:05:48 - HCANN000001: Hibernate Commons Annotations {5.0.4.Final}
2019-07-12 13:05:49 - HHH000400: Using dialect: org.hibernate.dialect.SQLServer2012Dialect
2019-07-12 13:05:54 - Initialized JPA EntityManagerFactory for persistence unit 'default'
2019-07-12 13:05:56 - No URLs will be polled as dynamic configuration sources.
2019-07-12 13:05:56 - To enable URLs as dynamic configuration sources, define System property archaius.configurationSource.additionalUrls or make config.properties available on classpath.
2019-07-12 13:06:01 - Initializing ExecutorService 'applicationTaskExecutor'
2019-07-12 13:06:01 - spring.jpa.open-in-view is enabled by default. Therefore, database queries may be performed during view rendering. Explicitly configure spring.jpa.open-in-view to disable this warning
2019-07-12 13:06:05 - Exposing 2 endpoint(s) beneath base path '/actuator'
2019-07-12 13:06:05 - Setting initial instance status as: STARTING
2019-07-12 13:06:05 - Initializing Eureka in region us-east-1
2019-07-12 13:06:05 - Using JSON encoding codec LegacyJacksonJson
2019-07-12 13:06:05 - Using JSON decoding codec LegacyJacksonJson
2019-07-12 13:06:06 - Using XML encoding codec XStreamXml
2019-07-12 13:06:06 - Using XML decoding codec XStreamXml
2019-07-12 13:06:06 - Resolving eureka endpoints via configuration
2019-07-12 13:06:06 - Disable delta property : false
2019-07-12 13:06:06 - Single vip registry refresh property : null
2019-07-12 13:06:06 - Force full registry fetch : false
2019-07-12 13:06:06 - Application is null : false
2019-07-12 13:06:06 - Registered Applications size is zero : true
2019-07-12 13:06:06 - Application version is -1: true
2019-07-12 13:06:06 - Getting all instance registry info from the eureka server
2019-07-12 13:06:07 - The response status is 200
2019-07-12 13:06:07 - Starting heartbeat executor: renew interval is: 30
2019-07-12 13:06:07 - InstanceInfoReplicator onDemand update allowed rate per min is 4
2019-07-12 13:06:07 - Discovery Client initialized at timestamp 1562933167874 with initial instances count: 0
2019-07-12 13:06:07 - Registering application PROJECT-SERVICE with eureka with status UP
2019-07-12 13:06:07 - Saw local status change event StatusChangeEvent [timestamp=1562933167891, current=UP, previous=STARTING]
2019-07-12 13:06:07 - DiscoveryClient_PROJECT-SERVICE/172.16.16.87:project-service:8092: registering service...
2019-07-12 13:06:07 - Starting ProtocolHandler ["http-nio-8092"]
2019-07-12 13:06:08 - Tomcat started on port(s): 8092 (http) with context path ''
2019-07-12 13:06:08 - Updating port to 8092
2019-07-12 13:06:08 - Started ProjectApplication in 50.694 seconds (JVM running for 64.702)
2019-07-12 13:06:09 - DiscoveryClient_PROJECT-SERVICE/172.16.16.87:project-service:8092 - registration status: 204
2019-07-12 13:06:37 - Disable delta property : false
2019-07-12 13:06:37 - Single vip registry refresh property : null
2019-07-12 13:06:37 - Force full registry fetch : false
2019-07-12 13:06:37 - Application is null : false
2019-07-12 13:06:37 - Registered Applications size is zero : true
2019-07-12 13:06:37 - Application version is -1: false
2019-07-12 13:06:37 - Getting all instance registry info from the eureka server
2019-07-12 13:06:37 - The response status is 200
2019-07-12 13:11:06 - Resolving eureka endpoints via configuration
2019-07-12 13:16:06 - Resolving eureka endpoints via configuration
2019-07-12 13:21:06 - Resolving eureka endpoints via configuration
2019-07-12 15:08:49 - Bean 'org.springframework.cloud.autoconfigure.ConfigurationPropertiesRebinderAutoConfiguration' of type [org.springframework.cloud.autoconfigure.ConfigurationPropertiesRebinderAutoConfiguration$$EnhancerBySpringCGLIB$$167e5c2b] is not eligible for getting processed by all BeanPostProcessors (for example: not eligible for auto-proxying)
2019-07-12 15:08:51 - No active profile set, falling back to default profiles: default
2019-07-12 15:08:57 - Bootstrapping Spring Data repositories in DEFAULT mode.
2019-07-12 15:08:58 - Finished Spring Data repository scanning in 513ms. Found 1 repository interfaces.
2019-07-12 15:08:59 - Endpoint ID 'service-registry' contains invalid characters, please migrate to a valid format.
2019-07-12 15:08:59 - BeanFactory id=6ce9ef8b-c40b-36c3-9128-c7ad404e1c56
2019-07-12 15:09:00 - Bean 'org.springframework.transaction.annotation.ProxyTransactionManagementConfiguration' of type [org.springframework.transaction.annotation.ProxyTransactionManagementConfiguration$$EnhancerBySpringCGLIB$$fa64592e] is not eligible for getting processed by all BeanPostProcessors (for example: not eligible for auto-proxying)
2019-07-12 15:09:00 - Bean 'org.springframework.cloud.autoconfigure.ConfigurationPropertiesRebinderAutoConfiguration' of type [org.springframework.cloud.autoconfigure.ConfigurationPropertiesRebinderAutoConfiguration$$EnhancerBySpringCGLIB$$167e5c2b] is not eligible for getting processed by all BeanPostProcessors (for example: not eligible for auto-proxying)
2019-07-12 15:09:02 - Tomcat initialized with port(s): 8092 (http)
2019-07-12 15:09:02 - Initializing ProtocolHandler ["http-nio-8092"]
2019-07-12 15:09:02 - Starting service [Tomcat]
2019-07-12 15:09:02 - Starting Servlet engine: [Apache Tomcat/9.0.16]
2019-07-12 15:09:03 - The APR based Apache Tomcat Native library which allows optimal performance in production environments was not found on the java.library.path: [C:\Program Files\Java\jdk1.8.0_172\bin;C:\Windows\Sun\Java\bin;C:\Windows\system32;C:\Windows;C:\app\UPPERLINK\product\11.2.0\dbhome_1\bin;C:\Windows\system32;C:\Windows;C:\Windows\System32\Wbem;C:\Windows\System32\WindowsPowerShell\v1.0\;C:\Windows\System32\OpenSSH\;C:\Program Files\Java\jdk1.8.0_172\bin;C:\Program Files\Microsoft SQL Server\Client SDK\ODBC\110\Tools\Binn\;C:\Program Files (x86)\Microsoft SQL Server\120\Tools\Binn\;C:\Program Files\Microsoft SQL Server\120\Tools\Binn\;C:\Program Files\Microsoft SQL Server\120\DTS\Binn\;C:\Program Files (x86)\Microsoft SQL Server\120\Tools\Binn\ManagementStudio\;C:\Program Files (x86)\Microsoft SQL Server\120\DTS\Binn\;C:\Program Files\apache-maven-3.5.4\bin;C:\Program Files\Redis\;C:\Program Files\nodejs\;C:\Program Files\Zookeeper\zookeeper-3.4.10\bin;C:\Program Files\Git\cmd;C:\Users\UPPERLINK\AppData\Local\Microsoft\WindowsApps;;C:\Program Files (x86)\Microsoft VS Code\bin;C:\Users\UPPERLINK\AppData\Roaming\npm;.]
2019-07-12 15:09:04 - Initializing Spring embedded WebApplicationContext
2019-07-12 15:09:04 - Root WebApplicationContext: initialization completed in 13615 ms
2019-07-12 15:09:05 - No URLs will be polled as dynamic configuration sources.
2019-07-12 15:09:05 - To enable URLs as dynamic configuration sources, define System property archaius.configurationSource.additionalUrls or make config.properties available on classpath.
2019-07-12 15:09:05 - DynamicPropertyFactory is initialized with configuration sources: com.netflix.config.ConcurrentCompositeConfiguration@2d5ef498
2019-07-12 15:09:08 - HikariPool-1 - Starting...
2019-07-12 15:09:10 - HikariPool-1 - Driver does not support get/set network timeout for connections. (This operation is not supported.)
2019-07-12 15:09:10 - HikariPool-1 - Start completed.
2019-07-12 15:09:10 - HHH000204: Processing PersistenceUnitInfo [
	name: default
	...]
2019-07-12 15:09:11 - HHH000412: Hibernate Core {5.3.7.Final}
2019-07-12 15:09:11 - HHH000206: hibernate.properties not found
2019-07-12 15:09:12 - HCANN000001: Hibernate Commons Annotations {5.0.4.Final}
2019-07-12 15:09:13 - HHH000400: Using dialect: org.hibernate.dialect.SQLServer2012Dialect
2019-07-12 15:09:15 - Initialized JPA EntityManagerFactory for persistence unit 'default'
2019-07-12 15:09:18 - No URLs will be polled as dynamic configuration sources.
2019-07-12 15:09:18 - To enable URLs as dynamic configuration sources, define System property archaius.configurationSource.additionalUrls or make config.properties available on classpath.
2019-07-12 15:09:19 - Initializing ExecutorService 'applicationTaskExecutor'
2019-07-12 15:09:19 - spring.jpa.open-in-view is enabled by default. Therefore, database queries may be performed during view rendering. Explicitly configure spring.jpa.open-in-view to disable this warning
2019-07-12 15:09:22 - Exposing 2 endpoint(s) beneath base path '/actuator'
2019-07-12 15:09:23 - Setting initial instance status as: STARTING
2019-07-12 15:09:23 - Initializing Eureka in region us-east-1
2019-07-12 15:09:23 - Using JSON encoding codec LegacyJacksonJson
2019-07-12 15:09:23 - Using JSON decoding codec LegacyJacksonJson
2019-07-12 15:09:24 - Using XML encoding codec XStreamXml
2019-07-12 15:09:24 - Using XML decoding codec XStreamXml
2019-07-12 15:09:24 - Resolving eureka endpoints via configuration
2019-07-12 15:09:25 - Disable delta property : false
2019-07-12 15:09:25 - Single vip registry refresh property : null
2019-07-12 15:09:25 - Force full registry fetch : false
2019-07-12 15:09:25 - Application is null : false
2019-07-12 15:09:25 - Registered Applications size is zero : true
2019-07-12 15:09:25 - Application version is -1: true
2019-07-12 15:09:25 - Getting all instance registry info from the eureka server
2019-07-12 15:09:26 - The response status is 200
2019-07-12 15:09:26 - Starting heartbeat executor: renew interval is: 30
2019-07-12 15:09:26 - InstanceInfoReplicator onDemand update allowed rate per min is 4
2019-07-12 15:09:26 - Discovery Client initialized at timestamp 1562940566106 with initial instances count: 0
2019-07-12 15:09:26 - Registering application PROJECT-SERVICE with eureka with status UP
2019-07-12 15:09:26 - Saw local status change event StatusChangeEvent [timestamp=1562940566250, current=UP, previous=STARTING]
2019-07-12 15:09:26 - DiscoveryClient_PROJECT-SERVICE/172.16.16.87:project-service:8092: registering service...
2019-07-12 15:09:26 - Starting ProtocolHandler ["http-nio-8092"]
2019-07-12 15:09:27 - Tomcat started on port(s): 8092 (http) with context path ''
2019-07-12 15:09:27 - Updating port to 8092
2019-07-12 15:09:27 - Started ProjectApplication in 40.281 seconds (JVM running for 60.704)
2019-07-12 15:09:27 - DiscoveryClient_PROJECT-SERVICE/172.16.16.87:project-service:8092 - registration status: 204
2019-07-12 15:09:56 - Disable delta property : false
2019-07-12 15:09:56 - Single vip registry refresh property : null
2019-07-12 15:09:56 - Force full registry fetch : false
2019-07-12 15:09:56 - Application is null : false
2019-07-12 15:09:56 - Registered Applications size is zero : true
2019-07-12 15:09:56 - Application version is -1: false
2019-07-12 15:09:56 - Getting all instance registry info from the eureka server
2019-07-12 15:09:56 - The response status is 200
2019-07-12 15:14:25 - Resolving eureka endpoints via configuration
2019-07-12 15:14:53 - Bean 'org.springframework.cloud.autoconfigure.ConfigurationPropertiesRebinderAutoConfiguration' of type [org.springframework.cloud.autoconfigure.ConfigurationPropertiesRebinderAutoConfiguration$$EnhancerBySpringCGLIB$$a90dae9c] is not eligible for getting processed by all BeanPostProcessors (for example: not eligible for auto-proxying)
2019-07-12 15:14:55 - No active profile set, falling back to default profiles: default
2019-07-12 15:14:57 - Bootstrapping Spring Data repositories in DEFAULT mode.
2019-07-12 15:14:57 - Finished Spring Data repository scanning in 153ms. Found 1 repository interfaces.
2019-07-12 15:14:57 - Endpoint ID 'service-registry' contains invalid characters, please migrate to a valid format.
2019-07-12 15:14:58 - BeanFactory id=6ce9ef8b-c40b-36c3-9128-c7ad404e1c56
2019-07-12 15:14:58 - Bean 'org.springframework.transaction.annotation.ProxyTransactionManagementConfiguration' of type [org.springframework.transaction.annotation.ProxyTransactionManagementConfiguration$$EnhancerBySpringCGLIB$$8cf3ab9f] is not eligible for getting processed by all BeanPostProcessors (for example: not eligible for auto-proxying)
2019-07-12 15:14:58 - Bean 'org.springframework.cloud.autoconfigure.ConfigurationPropertiesRebinderAutoConfiguration' of type [org.springframework.cloud.autoconfigure.ConfigurationPropertiesRebinderAutoConfiguration$$EnhancerBySpringCGLIB$$a90dae9c] is not eligible for getting processed by all BeanPostProcessors (for example: not eligible for auto-proxying)
2019-07-12 15:15:06 - Tomcat initialized with port(s): 8092 (http)
2019-07-12 15:15:07 - Initializing ProtocolHandler ["http-nio-8092"]
2019-07-12 15:15:07 - Starting service [Tomcat]
2019-07-12 15:15:07 - Starting Servlet engine: [Apache Tomcat/9.0.16]
2019-07-12 15:15:07 - The APR based Apache Tomcat Native library which allows optimal performance in production environments was not found on the java.library.path: [C:\Program Files\Java\jdk1.8.0_172\bin;C:\Windows\Sun\Java\bin;C:\Windows\system32;C:\Windows;C:\app\UPPERLINK\product\11.2.0\dbhome_1\bin;C:\Windows\system32;C:\Windows;C:\Windows\System32\Wbem;C:\Windows\System32\WindowsPowerShell\v1.0\;C:\Windows\System32\OpenSSH\;C:\Program Files\Java\jdk1.8.0_172\bin;C:\Program Files\Microsoft SQL Server\Client SDK\ODBC\110\Tools\Binn\;C:\Program Files (x86)\Microsoft SQL Server\120\Tools\Binn\;C:\Program Files\Microsoft SQL Server\120\Tools\Binn\;C:\Program Files\Microsoft SQL Server\120\DTS\Binn\;C:\Program Files (x86)\Microsoft SQL Server\120\Tools\Binn\ManagementStudio\;C:\Program Files (x86)\Microsoft SQL Server\120\DTS\Binn\;C:\Program Files\apache-maven-3.5.4\bin;C:\Program Files\Redis\;C:\Program Files\nodejs\;C:\Program Files\Zookeeper\zookeeper-3.4.10\bin;C:\Program Files\Git\cmd;C:\Users\UPPERLINK\AppData\Local\Microsoft\WindowsApps;;C:\Program Files (x86)\Microsoft VS Code\bin;C:\Users\UPPERLINK\AppData\Roaming\npm;.]
2019-07-12 15:15:08 - Initializing Spring embedded WebApplicationContext
2019-07-12 15:15:08 - Root WebApplicationContext: initialization completed in 13510 ms
2019-07-12 15:15:08 - No URLs will be polled as dynamic configuration sources.
2019-07-12 15:15:08 - To enable URLs as dynamic configuration sources, define System property archaius.configurationSource.additionalUrls or make config.properties available on classpath.
2019-07-12 15:15:08 - DynamicPropertyFactory is initialized with configuration sources: com.netflix.config.ConcurrentCompositeConfiguration@48f4713c
2019-07-12 15:15:12 - HikariPool-1 - Starting...
2019-07-12 15:15:13 - HikariPool-1 - Driver does not support get/set network timeout for connections. (This operation is not supported.)
2019-07-12 15:15:13 - HikariPool-1 - Start completed.
2019-07-12 15:15:13 - HHH000204: Processing PersistenceUnitInfo [
	name: default
	...]
2019-07-12 15:15:13 - HHH000412: Hibernate Core {5.3.7.Final}
2019-07-12 15:15:13 - HHH000206: hibernate.properties not found
2019-07-12 15:15:13 - HCANN000001: Hibernate Commons Annotations {5.0.4.Final}
2019-07-12 15:15:13 - HHH000400: Using dialect: org.hibernate.dialect.SQLServer2012Dialect
2019-07-12 15:15:15 - Initialized JPA EntityManagerFactory for persistence unit 'default'
2019-07-12 15:15:15 - No URLs will be polled as dynamic configuration sources.
2019-07-12 15:15:15 - To enable URLs as dynamic configuration sources, define System property archaius.configurationSource.additionalUrls or make config.properties available on classpath.
2019-07-12 15:15:16 - Initializing ExecutorService 'applicationTaskExecutor'
2019-07-12 15:15:16 - spring.jpa.open-in-view is enabled by default. Therefore, database queries may be performed during view rendering. Explicitly configure spring.jpa.open-in-view to disable this warning
2019-07-12 15:15:18 - Exposing 2 endpoint(s) beneath base path '/actuator'
2019-07-12 15:15:18 - Setting initial instance status as: STARTING
2019-07-12 15:15:18 - Initializing Eureka in region us-east-1
2019-07-12 15:15:18 - Using JSON encoding codec LegacyJacksonJson
2019-07-12 15:15:18 - Using JSON decoding codec LegacyJacksonJson
2019-07-12 15:15:18 - Using XML encoding codec XStreamXml
2019-07-12 15:15:18 - Using XML decoding codec XStreamXml
2019-07-12 15:15:19 - Resolving eureka endpoints via configuration
2019-07-12 15:15:19 - Disable delta property : false
2019-07-12 15:15:19 - Single vip registry refresh property : null
2019-07-12 15:15:19 - Force full registry fetch : false
2019-07-12 15:15:19 - Application is null : false
2019-07-12 15:15:19 - Registered Applications size is zero : true
2019-07-12 15:15:19 - Application version is -1: true
2019-07-12 15:15:19 - Getting all instance registry info from the eureka server
2019-07-12 15:15:20 - The response status is 200
2019-07-12 15:15:20 - Starting heartbeat executor: renew interval is: 30
2019-07-12 15:15:20 - InstanceInfoReplicator onDemand update allowed rate per min is 4
2019-07-12 15:15:20 - Discovery Client initialized at timestamp 1562940920170 with initial instances count: 0
2019-07-12 15:15:20 - Registering application PROJECT-SERVICE with eureka with status UP
2019-07-12 15:15:20 - Saw local status change event StatusChangeEvent [timestamp=1562940920179, current=UP, previous=STARTING]
2019-07-12 15:15:20 - DiscoveryClient_PROJECT-SERVICE/172.16.16.87:project-service:8092: registering service...
2019-07-12 15:15:20 - Starting ProtocolHandler ["http-nio-8092"]
2019-07-12 15:15:20 - Tomcat started on port(s): 8092 (http) with context path ''
2019-07-12 15:15:20 - Updating port to 8092
2019-07-12 15:15:20 - Started ProjectApplication in 30.344 seconds (JVM running for 34.349)
2019-07-12 15:15:20 - DiscoveryClient_PROJECT-SERVICE/172.16.16.87:project-service:8092 - registration status: 204
2019-07-12 15:15:50 - Disable delta property : false
2019-07-12 15:15:50 - Single vip registry refresh property : null
2019-07-12 15:15:50 - Force full registry fetch : false
2019-07-12 15:15:50 - Application is null : false
2019-07-12 15:15:50 - Registered Applications size is zero : true
2019-07-12 15:15:50 - Application version is -1: false
2019-07-12 15:15:50 - Getting all instance registry info from the eureka server
2019-07-12 15:15:50 - The response status is 200
