2019-03-27 08:09:09 - Starting ProjectApplication on SOLDEV28 with PID 18252 (C:\Users\amaechi.ekene\Desktop\project\target\classes started by amaechi.ekene in C:\Users\amaechi.ekene\Desktop\project)
2019-03-27 08:09:09 - No active profile set, falling back to default profiles: default
2019-03-27 08:09:09 - Devtools property defaults active! Set 'spring.devtools.add-properties' to 'false' to disable
2019-03-27 08:09:09 - For additional web related logging consider setting the 'logging.level.web' property to 'DEBUG'
2019-03-27 08:09:14 - Bootstrapping Spring Data repositories in DEFAULT mode.
2019-03-27 08:09:14 - Finished Spring Data repository scanning in 241ms. Found 1 repository interfaces.
2019-03-27 08:09:15 - Bean 'org.springframework.transaction.annotation.ProxyTransactionManagementConfiguration' of type [org.springframework.transaction.annotation.ProxyTransactionManagementConfiguration$$EnhancerBySpringCGLIB$$32380667] is not eligible for getting processed by all BeanPostProcessors (for example: not eligible for auto-proxying)
2019-03-27 08:09:17 - Tomcat initialized with port(s): 8092 (http)
2019-03-27 08:09:18 - Initializing ProtocolHandler ["http-nio-8092"]
2019-03-27 08:09:18 - Starting service [Tomcat]
2019-03-27 08:09:18 - Starting Servlet engine: [Apache Tomcat/9.0.16]
2019-03-27 08:09:18 - The APR based Apache Tomcat Native library which allows optimal performance in production environments was not found on the java.library.path: [C:\Program Files\Java\jdk1.8.0_171\bin;C:\WINDOWS\Sun\Java\bin;C:\WINDOWS\system32;C:\WINDOWS;C:\ProgramData\Oracle\Java\javapath;C:\Program Files (x86)\Intel\iCLS Client\;C:\Program Files\Intel\iCLS Client\;C:\WINDOWS\system32;C:\WINDOWS;C:\WINDOWS\System32\Wbem;C:\WINDOWS\System32\WindowsPowerShell\v1.0\;C:\Program Files (x86)\Intel\Intel(R) Management Engine Components\DAL;C:\Program Files\Intel\Intel(R) Management Engine Components\DAL;C:\Program Files (x86)\Intel\Intel(R) Management Engine Components\IPT;C:\Program Files\Intel\Intel(R) Management Engine Components\IPT;C:\Program Files\Microsoft SQL Server\Client SDK\ODBC\110\Tools\Binn\;C:\Program Files (x86)\Microsoft SQL Server\120\Tools\Binn\;C:\Program Files\Microsoft SQL Server\120\Tools\Binn\;C:\Program Files\Microsoft SQL Server\120\DTS\Binn\;C:\Program Files (x86)\Microsoft SQL Server\120\Tools\Binn\ManagementStudio\;C:\Program Files (x86)\Microsoft SQL Server\120\DTS\Binn\;C:\Program Files\Microsoft VS Code\bin;C:\Program Files\nodejs\;C:\WINDOWS\system32\config\systemprofile\.dnx\bin;C:\Program Files\Microsoft DNX\Dnvm\;C:\Program Files\Microsoft SQL Server\130\Tools\Binn\;C:\WINDOWS\System32\OpenSSH\;C:\Program Files\Java\jdk1.8.0_20\bin;C:\Program Files\PuTTY\;C:\Users\amaechi.ekene\AppData\Local\Microsoft\WindowsApps;C:\Users\amaechi.ekene\AppData\Local\Programs\Git\cmd;C:\Users\amaechi.ekene\AppData\Roaming\npm;;.]
2019-03-27 08:09:18 - Initializing Spring embedded WebApplicationContext
2019-03-27 08:09:18 - Root WebApplicationContext: initialization completed in 9148 ms
2019-03-27 08:09:20 - HikariPool-1 - Starting...
2019-03-27 08:09:21 - HikariPool-1 - Driver does not support get/set network timeout for connections. (This operation is not supported.)
2019-03-27 08:09:21 - HikariPool-1 - Start completed.
2019-03-27 08:09:21 - HHH000204: Processing PersistenceUnitInfo [
	name: default
	...]
2019-03-27 08:09:21 - HHH000412: Hibernate Core {5.3.7.Final}
2019-03-27 08:09:21 - HHH000206: hibernate.properties not found
2019-03-27 08:09:22 - HCANN000001: Hibernate Commons Annotations {5.0.4.Final}
2019-03-27 08:09:22 - HHH000400: Using dialect: org.hibernate.dialect.SQLServer2012Dialect
2019-03-27 08:09:24 - Initialized JPA EntityManagerFactory for persistence unit 'default'
2019-03-27 08:09:25 - Initializing ExecutorService 'applicationTaskExecutor'
2019-03-27 08:09:25 - spring.jpa.open-in-view is enabled by default. Therefore, database queries may be performed during view rendering. Explicitly configure spring.jpa.open-in-view to disable this warning
2019-03-27 08:09:26 - LiveReload server is running on port 35729
2019-03-27 08:09:26 - Exposing 2 endpoint(s) beneath base path '/actuator'
2019-03-27 08:09:26 - Starting ProtocolHandler ["http-nio-8092"]
2019-03-27 08:09:26 - Tomcat started on port(s): 8092 (http) with context path ''
2019-03-27 08:09:26 - Started ProjectApplication in 18.924 seconds (JVM running for 21.37)
2019-03-27 08:14:04 - Starting ProjectApplication on SOLDEV28 with PID 28844 (C:\Users\amaechi.ekene\Desktop\project\target\classes started by amaechi.ekene in C:\Users\amaechi.ekene\Desktop\project)
2019-03-27 08:14:04 - No active profile set, falling back to default profiles: default
2019-03-27 08:14:04 - Devtools property defaults active! Set 'spring.devtools.add-properties' to 'false' to disable
2019-03-27 08:14:04 - For additional web related logging consider setting the 'logging.level.web' property to 'DEBUG'
2019-03-27 08:14:06 - Bootstrapping Spring Data repositories in DEFAULT mode.
2019-03-27 08:14:06 - Finished Spring Data repository scanning in 107ms. Found 1 repository interfaces.
2019-03-27 08:14:07 - Bean 'org.springframework.transaction.annotation.ProxyTransactionManagementConfiguration' of type [org.springframework.transaction.annotation.ProxyTransactionManagementConfiguration$$EnhancerBySpringCGLIB$$a4f9928c] is not eligible for getting processed by all BeanPostProcessors (for example: not eligible for auto-proxying)
2019-03-27 08:14:09 - Tomcat initialized with port(s): 8092 (http)
2019-03-27 08:14:09 - Initializing ProtocolHandler ["http-nio-8092"]
2019-03-27 08:14:09 - Starting service [Tomcat]
2019-03-27 08:14:09 - Starting Servlet engine: [Apache Tomcat/9.0.16]
2019-03-27 08:14:09 - The APR based Apache Tomcat Native library which allows optimal performance in production environments was not found on the java.library.path: [C:\Program Files\Java\jdk1.8.0_171\bin;C:\WINDOWS\Sun\Java\bin;C:\WINDOWS\system32;C:\WINDOWS;C:\ProgramData\Oracle\Java\javapath;C:\Program Files (x86)\Intel\iCLS Client\;C:\Program Files\Intel\iCLS Client\;C:\WINDOWS\system32;C:\WINDOWS;C:\WINDOWS\System32\Wbem;C:\WINDOWS\System32\WindowsPowerShell\v1.0\;C:\Program Files (x86)\Intel\Intel(R) Management Engine Components\DAL;C:\Program Files\Intel\Intel(R) Management Engine Components\DAL;C:\Program Files (x86)\Intel\Intel(R) Management Engine Components\IPT;C:\Program Files\Intel\Intel(R) Management Engine Components\IPT;C:\Program Files\Microsoft SQL Server\Client SDK\ODBC\110\Tools\Binn\;C:\Program Files (x86)\Microsoft SQL Server\120\Tools\Binn\;C:\Program Files\Microsoft SQL Server\120\Tools\Binn\;C:\Program Files\Microsoft SQL Server\120\DTS\Binn\;C:\Program Files (x86)\Microsoft SQL Server\120\Tools\Binn\ManagementStudio\;C:\Program Files (x86)\Microsoft SQL Server\120\DTS\Binn\;C:\Program Files\Microsoft VS Code\bin;C:\Program Files\nodejs\;C:\WINDOWS\system32\config\systemprofile\.dnx\bin;C:\Program Files\Microsoft DNX\Dnvm\;C:\Program Files\Microsoft SQL Server\130\Tools\Binn\;C:\WINDOWS\System32\OpenSSH\;C:\Program Files\Java\jdk1.8.0_20\bin;C:\Program Files\PuTTY\;C:\Users\amaechi.ekene\AppData\Local\Microsoft\WindowsApps;C:\Users\amaechi.ekene\AppData\Local\Programs\Git\cmd;C:\Users\amaechi.ekene\AppData\Roaming\npm;;.]
2019-03-27 08:14:09 - Initializing Spring embedded WebApplicationContext
2019-03-27 08:14:09 - Root WebApplicationContext: initialization completed in 4690 ms
2019-03-27 08:14:10 - HikariPool-1 - Starting...
2019-03-27 08:14:10 - HikariPool-1 - Driver does not support get/set network timeout for connections. (This operation is not supported.)
2019-03-27 08:14:10 - HikariPool-1 - Start completed.
2019-03-27 08:14:11 - HHH000204: Processing PersistenceUnitInfo [
	name: default
	...]
2019-03-27 08:14:11 - HHH000412: Hibernate Core {5.3.7.Final}
2019-03-27 08:14:11 - HHH000206: hibernate.properties not found
2019-03-27 08:14:11 - HCANN000001: Hibernate Commons Annotations {5.0.4.Final}
2019-03-27 08:14:11 - HHH000400: Using dialect: org.hibernate.dialect.SQLServer2012Dialect
2019-03-27 08:14:12 - Initialized JPA EntityManagerFactory for persistence unit 'default'
2019-03-27 08:14:14 - Initializing ExecutorService 'applicationTaskExecutor'
2019-03-27 08:14:14 - spring.jpa.open-in-view is enabled by default. Therefore, database queries may be performed during view rendering. Explicitly configure spring.jpa.open-in-view to disable this warning
2019-03-27 08:14:14 - LiveReload server is running on port 35729
2019-03-27 08:14:14 - Exposing 2 endpoint(s) beneath base path '/actuator'
2019-03-27 08:14:14 - Starting ProtocolHandler ["http-nio-8092"]
2019-03-27 08:14:14 - Tomcat started on port(s): 8092 (http) with context path ''
2019-03-27 08:14:14 - Started ProjectApplication in 11.475 seconds (JVM running for 13.309)
2019-03-27 08:15:22 - Starting ProjectApplication on SOLDEV28 with PID 30636 (C:\Users\amaechi.ekene\Desktop\project\target\classes started by amaechi.ekene in C:\Users\amaechi.ekene\Desktop\project)
2019-03-27 08:15:22 - No active profile set, falling back to default profiles: default
2019-03-27 08:15:22 - Devtools property defaults active! Set 'spring.devtools.add-properties' to 'false' to disable
2019-03-27 08:15:22 - For additional web related logging consider setting the 'logging.level.web' property to 'DEBUG'
2019-03-27 08:15:25 - Bootstrapping Spring Data repositories in DEFAULT mode.
2019-03-27 08:15:25 - Finished Spring Data repository scanning in 115ms. Found 1 repository interfaces.
2019-03-27 08:15:26 - Bean 'org.springframework.transaction.annotation.ProxyTransactionManagementConfiguration' of type [org.springframework.transaction.annotation.ProxyTransactionManagementConfiguration$$EnhancerBySpringCGLIB$$8673aa45] is not eligible for getting processed by all BeanPostProcessors (for example: not eligible for auto-proxying)
2019-03-27 08:15:27 - Tomcat initialized with port(s): 8092 (http)
2019-03-27 08:15:27 - Initializing ProtocolHandler ["http-nio-8092"]
2019-03-27 08:15:27 - Starting service [Tomcat]
2019-03-27 08:15:27 - Starting Servlet engine: [Apache Tomcat/9.0.16]
2019-03-27 08:15:27 - The APR based Apache Tomcat Native library which allows optimal performance in production environments was not found on the java.library.path: [C:\Program Files\Java\jdk1.8.0_171\bin;C:\WINDOWS\Sun\Java\bin;C:\WINDOWS\system32;C:\WINDOWS;C:\ProgramData\Oracle\Java\javapath;C:\Program Files (x86)\Intel\iCLS Client\;C:\Program Files\Intel\iCLS Client\;C:\WINDOWS\system32;C:\WINDOWS;C:\WINDOWS\System32\Wbem;C:\WINDOWS\System32\WindowsPowerShell\v1.0\;C:\Program Files (x86)\Intel\Intel(R) Management Engine Components\DAL;C:\Program Files\Intel\Intel(R) Management Engine Components\DAL;C:\Program Files (x86)\Intel\Intel(R) Management Engine Components\IPT;C:\Program Files\Intel\Intel(R) Management Engine Components\IPT;C:\Program Files\Microsoft SQL Server\Client SDK\ODBC\110\Tools\Binn\;C:\Program Files (x86)\Microsoft SQL Server\120\Tools\Binn\;C:\Program Files\Microsoft SQL Server\120\Tools\Binn\;C:\Program Files\Microsoft SQL Server\120\DTS\Binn\;C:\Program Files (x86)\Microsoft SQL Server\120\Tools\Binn\ManagementStudio\;C:\Program Files (x86)\Microsoft SQL Server\120\DTS\Binn\;C:\Program Files\Microsoft VS Code\bin;C:\Program Files\nodejs\;C:\WINDOWS\system32\config\systemprofile\.dnx\bin;C:\Program Files\Microsoft DNX\Dnvm\;C:\Program Files\Microsoft SQL Server\130\Tools\Binn\;C:\WINDOWS\System32\OpenSSH\;C:\Program Files\Java\jdk1.8.0_20\bin;C:\Program Files\PuTTY\;C:\Users\amaechi.ekene\AppData\Local\Microsoft\WindowsApps;C:\Users\amaechi.ekene\AppData\Local\Programs\Git\cmd;C:\Users\amaechi.ekene\AppData\Roaming\npm;;.]
2019-03-27 08:15:28 - Initializing Spring embedded WebApplicationContext
2019-03-27 08:15:28 - Root WebApplicationContext: initialization completed in 5451 ms
2019-03-27 08:15:29 - HikariPool-1 - Starting...
2019-03-27 08:15:29 - HikariPool-1 - Driver does not support get/set network timeout for connections. (This operation is not supported.)
2019-03-27 08:15:29 - HikariPool-1 - Start completed.
2019-03-27 08:15:30 - HHH000204: Processing PersistenceUnitInfo [
	name: default
	...]
2019-03-27 08:15:30 - HHH000412: Hibernate Core {5.3.7.Final}
2019-03-27 08:15:30 - HHH000206: hibernate.properties not found
2019-03-27 08:15:30 - HCANN000001: Hibernate Commons Annotations {5.0.4.Final}
2019-03-27 08:15:30 - HHH000400: Using dialect: org.hibernate.dialect.SQLServer2012Dialect
2019-03-27 08:15:31 - Initialized JPA EntityManagerFactory for persistence unit 'default'
2019-03-27 08:15:32 - Initializing ExecutorService 'applicationTaskExecutor'
2019-03-27 08:15:33 - spring.jpa.open-in-view is enabled by default. Therefore, database queries may be performed during view rendering. Explicitly configure spring.jpa.open-in-view to disable this warning
2019-03-27 08:15:33 - LiveReload server is running on port 35729
2019-03-27 08:15:33 - Exposing 2 endpoint(s) beneath base path '/actuator'
2019-03-27 08:15:33 - Starting ProtocolHandler ["http-nio-8092"]
2019-03-27 08:15:33 - Tomcat started on port(s): 8092 (http) with context path ''
2019-03-27 08:15:33 - Started ProjectApplication in 12.859 seconds (JVM running for 15.478)
