2019-06-10 09:09:27 - Neither @ContextConfiguration nor @ContextHierarchy found for test class [com.sample.project.ProjectApplicationTests], using SpringBootContextLoader
2019-06-10 09:09:27 - Could not detect default resource locations for test class [com.sample.project.ProjectApplicationTests]: no resource found for suffixes {-context.xml, Context.groovy}.
2019-06-10 09:09:27 - Could not detect default configuration classes for test class [com.sample.project.ProjectApplicationTests]: ProjectApplicationTests does not declare any static, non-private, non-final, nested classes annotated with @Configuration.
2019-06-10 09:09:28 - Found @SpringBootConfiguration com.sample.project.ProjectApplication for test class com.sample.project.ProjectApplicationTests
2019-06-10 09:09:28 - Loaded default TestExecutionListener class names from location [META-INF/spring.factories]: [org.springframework.boot.test.mock.mockito.MockitoTestExecutionListener, org.springframework.boot.test.mock.mockito.ResetMocksTestExecutionListener, org.springframework.boot.test.autoconfigure.restdocs.RestDocsTestExecutionListener, org.springframework.boot.test.autoconfigure.web.client.MockRestServiceServerResetTestExecutionListener, org.springframework.boot.test.autoconfigure.web.servlet.MockMvcPrintOnlyOnFailureTestExecutionListener, org.springframework.boot.test.autoconfigure.web.servlet.WebDriverTestExecutionListener, org.springframework.test.context.web.ServletTestExecutionListener, org.springframework.test.context.support.DirtiesContextBeforeModesTestExecutionListener, org.springframework.test.context.support.DependencyInjectionTestExecutionListener, org.springframework.test.context.support.DirtiesContextTestExecutionListener, org.springframework.test.context.transaction.TransactionalTestExecutionListener, org.springframework.test.context.jdbc.SqlScriptsTestExecutionListener]
2019-06-10 09:09:28 - Using TestExecutionListeners: [org.springframework.test.context.web.ServletTestExecutionListener@742ff096, org.springframework.test.context.support.DirtiesContextBeforeModesTestExecutionListener@75437611, org.springframework.boot.test.mock.mockito.MockitoTestExecutionListener@350aac89, org.springframework.boot.test.autoconfigure.SpringBootDependencyInjectionTestExecutionListener@1c5920df, org.springframework.test.context.support.DirtiesContextTestExecutionListener@17f9d882, org.springframework.test.context.transaction.TransactionalTestExecutionListener@79e4c792, org.springframework.test.context.jdbc.SqlScriptsTestExecutionListener@196a42c3, org.springframework.boot.test.mock.mockito.ResetMocksTestExecutionListener@4c60d6e9, org.springframework.boot.test.autoconfigure.restdocs.RestDocsTestExecutionListener@15043a2f, org.springframework.boot.test.autoconfigure.web.client.MockRestServiceServerResetTestExecutionListener@4a83a74a, org.springframework.boot.test.autoconfigure.web.servlet.MockMvcPrintOnlyOnFailureTestExecutionListener@1349883, org.springframework.boot.test.autoconfigure.web.servlet.WebDriverTestExecutionListener@4b29d1d2]
2019-06-10 09:09:31 - Starting ProjectApplicationTests on DESKTOP-11J5U7N with PID 106524 (started by UPPERLINK in C:\Users\UPPERLINK\Desktop\project)
2019-06-10 09:09:31 - No active profile set, falling back to default profiles: default
2019-06-10 09:09:36 - Bootstrapping Spring Data repositories in DEFAULT mode.
2019-06-10 09:09:36 - Finished Spring Data repository scanning in 408ms. Found 1 repository interfaces.
2019-06-10 09:09:39 - Bean 'org.springframework.transaction.annotation.ProxyTransactionManagementConfiguration' of type [org.springframework.transaction.annotation.ProxyTransactionManagementConfiguration$$EnhancerBySpringCGLIB$$4be82b3d] is not eligible for getting processed by all BeanPostProcessors (for example: not eligible for auto-proxying)
2019-06-10 09:09:40 - HikariPool-1 - Starting...
2019-06-10 09:09:41 - HikariPool-1 - Driver does not support get/set network timeout for connections. (This operation is not supported.)
2019-06-10 09:09:41 - HikariPool-1 - Start completed.
2019-06-10 09:09:42 - HHH000204: Processing PersistenceUnitInfo [
	name: default
	...]
2019-06-10 09:09:42 - HHH000412: Hibernate Core {5.3.7.Final}
2019-06-10 09:09:42 - HHH000206: hibernate.properties not found
2019-06-10 09:09:43 - HCANN000001: Hibernate Commons Annotations {5.0.4.Final}
2019-06-10 09:09:44 - HHH000400: Using dialect: org.hibernate.dialect.SQLServer2012Dialect
2019-06-10 09:09:48 - Initialized JPA EntityManagerFactory for persistence unit 'default'
2019-06-10 09:09:53 - Initializing ExecutorService 'applicationTaskExecutor'
2019-06-10 09:09:53 - spring.jpa.open-in-view is enabled by default. Therefore, database queries may be performed during view rendering. Explicitly configure spring.jpa.open-in-view to disable this warning
2019-06-10 09:09:57 - Exposing 2 endpoint(s) beneath base path '/actuator'
2019-06-10 09:09:57 - Started ProjectApplicationTests in 28.676 seconds (JVM running for 31.928)
2019-06-10 09:09:57 - Shutting down ExecutorService 'applicationTaskExecutor'
2019-06-10 09:09:57 - Closing JPA EntityManagerFactory for persistence unit 'default'
2019-06-10 09:09:57 - HikariPool-1 - Shutdown initiated...
2019-06-10 09:09:57 - HikariPool-1 - Shutdown completed.
2019-06-10 09:32:47 - Neither @ContextConfiguration nor @ContextHierarchy found for test class [com.sample.project.ProjectApplicationTests], using SpringBootContextLoader
2019-06-10 09:32:47 - Could not detect default resource locations for test class [com.sample.project.ProjectApplicationTests]: no resource found for suffixes {-context.xml, Context.groovy}.
2019-06-10 09:32:47 - Could not detect default configuration classes for test class [com.sample.project.ProjectApplicationTests]: ProjectApplicationTests does not declare any static, non-private, non-final, nested classes annotated with @Configuration.
2019-06-10 09:32:47 - Found @SpringBootConfiguration com.sample.project.ProjectApplication for test class com.sample.project.ProjectApplicationTests
2019-06-10 09:32:48 - Loaded default TestExecutionListener class names from location [META-INF/spring.factories]: [org.springframework.boot.test.mock.mockito.MockitoTestExecutionListener, org.springframework.boot.test.mock.mockito.ResetMocksTestExecutionListener, org.springframework.boot.test.autoconfigure.restdocs.RestDocsTestExecutionListener, org.springframework.boot.test.autoconfigure.web.client.MockRestServiceServerResetTestExecutionListener, org.springframework.boot.test.autoconfigure.web.servlet.MockMvcPrintOnlyOnFailureTestExecutionListener, org.springframework.boot.test.autoconfigure.web.servlet.WebDriverTestExecutionListener, org.springframework.test.context.web.ServletTestExecutionListener, org.springframework.test.context.support.DirtiesContextBeforeModesTestExecutionListener, org.springframework.test.context.support.DependencyInjectionTestExecutionListener, org.springframework.test.context.support.DirtiesContextTestExecutionListener, org.springframework.test.context.transaction.TransactionalTestExecutionListener, org.springframework.test.context.jdbc.SqlScriptsTestExecutionListener]
2019-06-10 09:32:48 - Using TestExecutionListeners: [org.springframework.test.context.web.ServletTestExecutionListener@742ff096, org.springframework.test.context.support.DirtiesContextBeforeModesTestExecutionListener@75437611, org.springframework.boot.test.mock.mockito.MockitoTestExecutionListener@350aac89, org.springframework.boot.test.autoconfigure.SpringBootDependencyInjectionTestExecutionListener@1c5920df, org.springframework.test.context.support.DirtiesContextTestExecutionListener@17f9d882, org.springframework.test.context.transaction.TransactionalTestExecutionListener@79e4c792, org.springframework.test.context.jdbc.SqlScriptsTestExecutionListener@196a42c3, org.springframework.boot.test.mock.mockito.ResetMocksTestExecutionListener@4c60d6e9, org.springframework.boot.test.autoconfigure.restdocs.RestDocsTestExecutionListener@15043a2f, org.springframework.boot.test.autoconfigure.web.client.MockRestServiceServerResetTestExecutionListener@4a83a74a, org.springframework.boot.test.autoconfigure.web.servlet.MockMvcPrintOnlyOnFailureTestExecutionListener@1349883, org.springframework.boot.test.autoconfigure.web.servlet.WebDriverTestExecutionListener@4b29d1d2]
2019-06-10 09:32:50 - Starting ProjectApplicationTests on DESKTOP-11J5U7N with PID 85528 (started by UPPERLINK in C:\Users\UPPERLINK\Desktop\project)
2019-06-10 09:32:50 - No active profile set, falling back to default profiles: default
2019-06-10 09:32:56 - Bootstrapping Spring Data repositories in DEFAULT mode.
2019-06-10 09:32:56 - Finished Spring Data repository scanning in 283ms. Found 1 repository interfaces.
2019-06-10 09:32:57 - Bean 'org.springframework.transaction.annotation.ProxyTransactionManagementConfiguration' of type [org.springframework.transaction.annotation.ProxyTransactionManagementConfiguration$$EnhancerBySpringCGLIB$$a5ba0975] is not eligible for getting processed by all BeanPostProcessors (for example: not eligible for auto-proxying)
2019-06-10 09:32:58 - HikariPool-1 - Starting...
2019-06-10 09:33:01 - HikariPool-1 - Driver does not support get/set network timeout for connections. (This operation is not supported.)
2019-06-10 09:33:01 - HikariPool-1 - Start completed.
2019-06-10 09:33:01 - HHH000204: Processing PersistenceUnitInfo [
	name: default
	...]
2019-06-10 09:33:01 - HHH000412: Hibernate Core {5.3.7.Final}
2019-06-10 09:33:01 - HHH000206: hibernate.properties not found
2019-06-10 09:33:02 - HCANN000001: Hibernate Commons Annotations {5.0.4.Final}
2019-06-10 09:33:02 - HHH000400: Using dialect: org.hibernate.dialect.SQLServer2012Dialect
2019-06-10 09:33:04 - Initialized JPA EntityManagerFactory for persistence unit 'default'
2019-06-10 09:33:08 - Initializing ExecutorService 'applicationTaskExecutor'
2019-06-10 09:33:08 - spring.jpa.open-in-view is enabled by default. Therefore, database queries may be performed during view rendering. Explicitly configure spring.jpa.open-in-view to disable this warning
2019-06-10 09:33:11 - Exposing 2 endpoint(s) beneath base path '/actuator'
2019-06-10 09:33:11 - Started ProjectApplicationTests in 23.49 seconds (JVM running for 27.498)
2019-06-10 09:33:12 - Shutting down ExecutorService 'applicationTaskExecutor'
2019-06-10 09:33:12 - Closing JPA EntityManagerFactory for persistence unit 'default'
2019-06-10 09:33:12 - HikariPool-1 - Shutdown initiated...
2019-06-10 09:33:12 - HikariPool-1 - Shutdown completed.
2019-06-10 12:51:47 - Neither @ContextConfiguration nor @ContextHierarchy found for test class [com.sample.project.ProjectApplicationTests], using SpringBootContextLoader
2019-06-10 12:51:47 - Could not detect default resource locations for test class [com.sample.project.ProjectApplicationTests]: no resource found for suffixes {-context.xml, Context.groovy}.
2019-06-10 12:51:47 - Could not detect default configuration classes for test class [com.sample.project.ProjectApplicationTests]: ProjectApplicationTests does not declare any static, non-private, non-final, nested classes annotated with @Configuration.
2019-06-10 12:51:48 - Found @SpringBootConfiguration com.sample.project.ProjectApplication for test class com.sample.project.ProjectApplicationTests
2019-06-10 12:51:49 - Loaded default TestExecutionListener class names from location [META-INF/spring.factories]: [org.springframework.boot.test.mock.mockito.MockitoTestExecutionListener, org.springframework.boot.test.mock.mockito.ResetMocksTestExecutionListener, org.springframework.boot.test.autoconfigure.restdocs.RestDocsTestExecutionListener, org.springframework.boot.test.autoconfigure.web.client.MockRestServiceServerResetTestExecutionListener, org.springframework.boot.test.autoconfigure.web.servlet.MockMvcPrintOnlyOnFailureTestExecutionListener, org.springframework.boot.test.autoconfigure.web.servlet.WebDriverTestExecutionListener, org.springframework.test.context.web.ServletTestExecutionListener, org.springframework.test.context.support.DirtiesContextBeforeModesTestExecutionListener, org.springframework.test.context.support.DependencyInjectionTestExecutionListener, org.springframework.test.context.support.DirtiesContextTestExecutionListener, org.springframework.test.context.transaction.TransactionalTestExecutionListener, org.springframework.test.context.jdbc.SqlScriptsTestExecutionListener]
2019-06-10 12:51:49 - Using TestExecutionListeners: [org.springframework.test.context.web.ServletTestExecutionListener@66498326, org.springframework.test.context.support.DirtiesContextBeforeModesTestExecutionListener@cad498c, org.springframework.boot.test.mock.mockito.MockitoTestExecutionListener@1e6454ec, org.springframework.boot.test.autoconfigure.SpringBootDependencyInjectionTestExecutionListener@2accdbb5, org.springframework.test.context.support.DirtiesContextTestExecutionListener@b62d79, org.springframework.test.context.transaction.TransactionalTestExecutionListener@6631f5ca, org.springframework.test.context.jdbc.SqlScriptsTestExecutionListener@5ace1ed4, org.springframework.boot.test.mock.mockito.ResetMocksTestExecutionListener@1613674b, org.springframework.boot.test.autoconfigure.restdocs.RestDocsTestExecutionListener@27ff5d15, org.springframework.boot.test.autoconfigure.web.client.MockRestServiceServerResetTestExecutionListener@4e096385, org.springframework.boot.test.autoconfigure.web.servlet.MockMvcPrintOnlyOnFailureTestExecutionListener@649bec2e, org.springframework.boot.test.autoconfigure.web.servlet.WebDriverTestExecutionListener@693fe6c9]
2019-06-10 12:51:51 - Starting ProjectApplicationTests on DESKTOP-11J5U7N with PID 141612 (started by UPPERLINK in C:\Users\UPPERLINK\Desktop\project)
2019-06-10 12:51:51 - No active profile set, falling back to default profiles: default
2019-06-10 12:51:58 - Bootstrapping Spring Data repositories in DEFAULT mode.
2019-06-10 12:51:59 - Finished Spring Data repository scanning in 439ms. Found 1 repository interfaces.
2019-06-10 12:52:01 - Bean 'org.springframework.transaction.annotation.ProxyTransactionManagementConfiguration' of type [org.springframework.transaction.annotation.ProxyTransactionManagementConfiguration$$EnhancerBySpringCGLIB$$1f613c16] is not eligible for getting processed by all BeanPostProcessors (for example: not eligible for auto-proxying)
2019-06-10 12:52:03 - HikariPool-1 - Starting...
2019-06-10 12:52:04 - HikariPool-1 - Driver does not support get/set network timeout for connections. (This operation is not supported.)
2019-06-10 12:52:04 - HikariPool-1 - Start completed.
2019-06-10 12:52:04 - HHH000204: Processing PersistenceUnitInfo [
	name: default
	...]
2019-06-10 12:52:05 - HHH000412: Hibernate Core {5.3.7.Final}
2019-06-10 12:52:05 - HHH000206: hibernate.properties not found
2019-06-10 12:52:06 - HCANN000001: Hibernate Commons Annotations {5.0.4.Final}
2019-06-10 12:52:07 - HHH000400: Using dialect: org.hibernate.dialect.SQLServer2012Dialect
2019-06-10 12:52:09 - Initialized JPA EntityManagerFactory for persistence unit 'default'
2019-06-10 12:52:14 - Initializing ExecutorService 'applicationTaskExecutor'
2019-06-10 12:52:14 - spring.jpa.open-in-view is enabled by default. Therefore, database queries may be performed during view rendering. Explicitly configure spring.jpa.open-in-view to disable this warning
2019-06-10 12:52:18 - Exposing 2 endpoint(s) beneath base path '/actuator'
2019-06-10 12:52:19 - Started ProjectApplicationTests in 29.409 seconds (JVM running for 34.46)
2019-06-10 12:52:19 - Shutting down ExecutorService 'applicationTaskExecutor'
2019-06-10 12:52:19 - Closing JPA EntityManagerFactory for persistence unit 'default'
2019-06-10 12:52:19 - HikariPool-1 - Shutdown initiated...
2019-06-10 12:52:19 - HikariPool-1 - Shutdown completed.
