2019-08-21 20:33:23 - Starting ProjectApplication on DESKTOP-11J5U7N with PID 243520 (C:\Users\UPPERLINK\Desktop\PROJECTS\project\target\classes started by UPPERLINK in C:\Users\UPPERLINK\Desktop\PROJECTS\project)
2019-08-21 20:33:23 - No active profile set, falling back to default profiles: default
2019-08-21 20:33:24 - Devtools property defaults active! Set 'spring.devtools.add-properties' to 'false' to disable
2019-08-21 20:33:24 - For additional web related logging consider setting the 'logging.level.web' property to 'DEBUG'
2019-08-21 20:33:27 - Bootstrapping Spring Data repositories in DEFAULT mode.
2019-08-21 20:33:27 - Finished Spring Data repository scanning in 124ms. Found 1 repository interfaces.
2019-08-21 20:33:28 - Bean 'org.springframework.transaction.annotation.ProxyTransactionManagementConfiguration' of type [org.springframework.transaction.annotation.ProxyTransactionManagementConfiguration$$EnhancerBySpringCGLIB$$36c4349c] is not eligible for getting processed by all BeanPostProcessors (for example: not eligible for auto-proxying)
2019-08-21 20:33:29 - Tomcat initialized with port(s): 8092 (http)
2019-08-21 20:33:29 - Initializing ProtocolHandler ["http-nio-8092"]
2019-08-21 20:33:29 - Starting service [Tomcat]
2019-08-21 20:33:29 - Starting Servlet engine: [Apache Tomcat/9.0.16]
2019-08-21 20:33:29 - The APR based Apache Tomcat Native library which allows optimal performance in production environments was not found on the java.library.path: [C:\Program Files\Java\jdk1.8.0_172\bin;C:\Windows\Sun\Java\bin;C:\Windows\system32;C:\Windows;C:\app\UPPERLINK\product\11.2.0\dbhome_1\bin;C:\Windows\system32;C:\Windows;C:\Windows\System32\Wbem;C:\Windows\System32\WindowsPowerShell\v1.0\;C:\Windows\System32\OpenSSH\;C:\Program Files\Java\jdk1.8.0_172\bin;C:\Program Files\Microsoft SQL Server\Client SDK\ODBC\110\Tools\Binn\;C:\Program Files (x86)\Microsoft SQL Server\120\Tools\Binn\;C:\Program Files\Microsoft SQL Server\120\Tools\Binn\;C:\Program Files\Microsoft SQL Server\120\DTS\Binn\;C:\Program Files (x86)\Microsoft SQL Server\120\Tools\Binn\ManagementStudio\;C:\Program Files (x86)\Microsoft SQL Server\120\DTS\Binn\;C:\Program Files\apache-maven-3.5.4\bin;C:\Program Files\Redis\;C:\Program Files\nodejs\;C:\Program Files\Zookeeper\zookeeper-3.4.10\bin;C:\Program Files\Git\cmd;C:\Users\UPPERLINK\AppData\Local\Microsoft\WindowsApps;;C:\Program Files (x86)\Microsoft VS Code\bin;C:\Users\UPPERLINK\AppData\Roaming\npm;.]
2019-08-21 20:33:29 - Initializing Spring embedded WebApplicationContext
2019-08-21 20:33:29 - Root WebApplicationContext: initialization completed in 5448 ms
2019-08-21 20:33:30 - HikariPool-1 - Starting...
2019-08-21 20:33:30 - HikariPool-1 - Driver does not support get/set network timeout for connections. (This operation is not supported.)
2019-08-21 20:33:30 - HikariPool-1 - Start completed.
2019-08-21 20:33:31 - HHH000204: Processing PersistenceUnitInfo [
	name: default
	...]
2019-08-21 20:33:31 - HHH000412: Hibernate Core {5.3.7.Final}
2019-08-21 20:33:31 - HHH000206: hibernate.properties not found
2019-08-21 20:33:31 - HCANN000001: Hibernate Commons Annotations {5.0.4.Final}
2019-08-21 20:33:31 - HHH000400: Using dialect: org.hibernate.dialect.SQLServer2012Dialect
2019-08-21 20:33:32 - Initialized JPA EntityManagerFactory for persistence unit 'default'
2019-08-21 20:33:33 - Initializing ExecutorService 'applicationTaskExecutor'
2019-08-21 20:33:34 - spring.jpa.open-in-view is enabled by default. Therefore, database queries may be performed during view rendering. Explicitly configure spring.jpa.open-in-view to disable this warning
2019-08-21 20:33:34 - LiveReload server is running on port 35729
2019-08-21 20:33:34 - Exposing 2 endpoint(s) beneath base path '/actuator'
2019-08-21 20:33:34 - Starting ProtocolHandler ["http-nio-8092"]
2019-08-21 20:33:34 - Tomcat started on port(s): 8092 (http) with context path ''
2019-08-21 20:33:34 - Started ProjectApplication in 11.85 seconds (JVM running for 14.2)
2019-08-21 20:43:20 - Initializing Spring DispatcherServlet 'dispatcherServlet'
2019-08-21 20:43:20 - Initializing Servlet 'dispatcherServlet'
2019-08-21 20:43:20 - Completed initialization in 36 ms
2019-08-21 21:00:44 - Starting ProjectApplication on DESKTOP-11J5U7N with PID 241456 (C:\Users\UPPERLINK\Desktop\PROJECTS\project\target\classes started by UPPERLINK in C:\Users\UPPERLINK\Desktop\PROJECTS\project)
2019-08-21 21:00:44 - No active profile set, falling back to default profiles: default
2019-08-21 21:00:44 - Devtools property defaults active! Set 'spring.devtools.add-properties' to 'false' to disable
2019-08-21 21:00:44 - For additional web related logging consider setting the 'logging.level.web' property to 'DEBUG'
2019-08-21 21:00:46 - Bootstrapping Spring Data repositories in DEFAULT mode.
2019-08-21 21:00:47 - Finished Spring Data repository scanning in 388ms. Found 1 repository interfaces.
2019-08-21 21:00:48 - Bean 'org.springframework.transaction.annotation.ProxyTransactionManagementConfiguration' of type [org.springframework.transaction.annotation.ProxyTransactionManagementConfiguration$$EnhancerBySpringCGLIB$$41288050] is not eligible for getting processed by all BeanPostProcessors (for example: not eligible for auto-proxying)
2019-08-21 21:00:49 - Tomcat initialized with port(s): 8092 (http)
2019-08-21 21:00:49 - Initializing ProtocolHandler ["http-nio-8092"]
2019-08-21 21:00:49 - Starting service [Tomcat]
2019-08-21 21:00:49 - Starting Servlet engine: [Apache Tomcat/9.0.16]
2019-08-21 21:00:49 - The APR based Apache Tomcat Native library which allows optimal performance in production environments was not found on the java.library.path: [C:\Program Files\Java\jdk1.8.0_172\bin;C:\Windows\Sun\Java\bin;C:\Windows\system32;C:\Windows;C:\app\UPPERLINK\product\11.2.0\dbhome_1\bin;C:\Windows\system32;C:\Windows;C:\Windows\System32\Wbem;C:\Windows\System32\WindowsPowerShell\v1.0\;C:\Windows\System32\OpenSSH\;C:\Program Files\Java\jdk1.8.0_172\bin;C:\Program Files\Microsoft SQL Server\Client SDK\ODBC\110\Tools\Binn\;C:\Program Files (x86)\Microsoft SQL Server\120\Tools\Binn\;C:\Program Files\Microsoft SQL Server\120\Tools\Binn\;C:\Program Files\Microsoft SQL Server\120\DTS\Binn\;C:\Program Files (x86)\Microsoft SQL Server\120\Tools\Binn\ManagementStudio\;C:\Program Files (x86)\Microsoft SQL Server\120\DTS\Binn\;C:\Program Files\apache-maven-3.5.4\bin;C:\Program Files\Redis\;C:\Program Files\nodejs\;C:\Program Files\Zookeeper\zookeeper-3.4.10\bin;C:\Program Files\Git\cmd;C:\Users\UPPERLINK\AppData\Local\Microsoft\WindowsApps;;C:\Program Files (x86)\Microsoft VS Code\bin;C:\Users\UPPERLINK\AppData\Roaming\npm;.]
2019-08-21 21:00:49 - Initializing Spring embedded WebApplicationContext
2019-08-21 21:00:49 - Root WebApplicationContext: initialization completed in 5167 ms
2019-08-21 21:00:50 - HikariPool-1 - Starting...
2019-08-21 21:00:50 - HikariPool-1 - Driver does not support get/set network timeout for connections. (This operation is not supported.)
2019-08-21 21:00:50 - HikariPool-1 - Start completed.
2019-08-21 21:00:51 - HHH000204: Processing PersistenceUnitInfo [
	name: default
	...]
2019-08-21 21:00:51 - HHH000412: Hibernate Core {5.3.7.Final}
2019-08-21 21:00:51 - HHH000206: hibernate.properties not found
2019-08-21 21:00:51 - HCANN000001: Hibernate Commons Annotations {5.0.4.Final}
2019-08-21 21:00:51 - HHH000400: Using dialect: org.hibernate.dialect.SQLServer2012Dialect
2019-08-21 21:00:52 - Initialized JPA EntityManagerFactory for persistence unit 'default'
2019-08-21 21:00:54 - Initializing ExecutorService 'applicationTaskExecutor'
2019-08-21 21:00:54 - spring.jpa.open-in-view is enabled by default. Therefore, database queries may be performed during view rendering. Explicitly configure spring.jpa.open-in-view to disable this warning
2019-08-21 21:00:55 - Creating filter chain: any request, [org.springframework.security.web.context.request.async.WebAsyncManagerIntegrationFilter@12b1dc33, org.springframework.security.web.context.SecurityContextPersistenceFilter@263ae25d, org.springframework.security.web.header.HeaderWriterFilter@2b9275f4, org.springframework.security.web.csrf.CsrfFilter@65e31e5f, org.springframework.security.web.authentication.logout.LogoutFilter@633d66b9, org.springframework.security.web.authentication.UsernamePasswordAuthenticationFilter@276f987f, org.springframework.security.web.authentication.ui.DefaultLoginPageGeneratingFilter@7188ef21, org.springframework.security.web.authentication.ui.DefaultLogoutPageGeneratingFilter@2b558a4, org.springframework.security.web.authentication.www.BasicAuthenticationFilter@a9c0184, org.springframework.security.web.savedrequest.RequestCacheAwareFilter@67420dcb, org.springframework.security.web.servletapi.SecurityContextHolderAwareRequestFilter@6b47fa35, org.springframework.security.web.authentication.AnonymousAuthenticationFilter@2dfdf447, org.springframework.security.web.session.SessionManagementFilter@1a8f90f1, org.springframework.security.web.access.ExceptionTranslationFilter@2f15277d, org.springframework.security.web.access.intercept.FilterSecurityInterceptor@2a086403]
2019-08-21 21:00:55 - Exposing 2 endpoint(s) beneath base path '/actuator'
2019-08-21 21:00:55 - LiveReload server is running on port 35729
2019-08-21 21:00:56 - Starting ProtocolHandler ["http-nio-8092"]
2019-08-21 21:00:56 - Tomcat started on port(s): 8092 (http) with context path ''
2019-08-21 21:00:56 - Started ProjectApplication in 12.639 seconds (JVM running for 16.83)
2019-08-21 21:02:27 - Initializing Spring DispatcherServlet 'dispatcherServlet'
2019-08-21 21:02:27 - Initializing Servlet 'dispatcherServlet'
2019-08-21 21:02:27 - Completed initialization in 19 ms
2019-08-21 21:02:52 - Servlet.service() for servlet [dispatcherServlet] in context with path [] threw exception
java.lang.IllegalArgumentException: There is no PasswordEncoder mapped for the id "null"
	at org.springframework.security.crypto.password.DelegatingPasswordEncoder$UnmappedIdPasswordEncoder.matches(DelegatingPasswordEncoder.java:244)
	at org.springframework.security.crypto.password.DelegatingPasswordEncoder.matches(DelegatingPasswordEncoder.java:198)
	at org.springframework.security.config.annotation.authentication.configuration.AuthenticationConfiguration$LazyPasswordEncoder.matches(AuthenticationConfiguration.java:289)
	at org.springframework.security.authentication.dao.DaoAuthenticationProvider.additionalAuthenticationChecks(DaoAuthenticationProvider.java:90)
	at org.springframework.security.authentication.dao.AbstractUserDetailsAuthenticationProvider.authenticate(AbstractUserDetailsAuthenticationProvider.java:166)
	at org.springframework.security.authentication.ProviderManager.authenticate(ProviderManager.java:175)
	at org.springframework.security.authentication.ProviderManager.authenticate(ProviderManager.java:200)
	at org.springframework.security.web.authentication.UsernamePasswordAuthenticationFilter.attemptAuthentication(UsernamePasswordAuthenticationFilter.java:94)
	at org.springframework.security.web.authentication.AbstractAuthenticationProcessingFilter.doFilter(AbstractAuthenticationProcessingFilter.java:212)
	at org.springframework.security.web.FilterChainProxy$VirtualFilterChain.doFilter(FilterChainProxy.java:334)
	at org.springframework.security.web.authentication.logout.LogoutFilter.doFilter(LogoutFilter.java:116)
	at org.springframework.security.web.FilterChainProxy$VirtualFilterChain.doFilter(FilterChainProxy.java:334)
	at org.springframework.security.web.csrf.CsrfFilter.doFilterInternal(CsrfFilter.java:124)
	at org.springframework.web.filter.OncePerRequestFilter.doFilter(OncePerRequestFilter.java:107)
	at org.springframework.security.web.FilterChainProxy$VirtualFilterChain.doFilter(FilterChainProxy.java:334)
	at org.springframework.security.web.header.HeaderWriterFilter.doFilterInternal(HeaderWriterFilter.java:74)
	at org.springframework.web.filter.OncePerRequestFilter.doFilter(OncePerRequestFilter.java:107)
	at org.springframework.security.web.FilterChainProxy$VirtualFilterChain.doFilter(FilterChainProxy.java:334)
	at org.springframework.security.web.context.SecurityContextPersistenceFilter.doFilter(SecurityContextPersistenceFilter.java:105)
	at org.springframework.security.web.FilterChainProxy$VirtualFilterChain.doFilter(FilterChainProxy.java:334)
	at org.springframework.security.web.context.request.async.WebAsyncManagerIntegrationFilter.doFilterInternal(WebAsyncManagerIntegrationFilter.java:56)
	at org.springframework.web.filter.OncePerRequestFilter.doFilter(OncePerRequestFilter.java:107)
	at org.springframework.security.web.FilterChainProxy$VirtualFilterChain.doFilter(FilterChainProxy.java:334)
	at org.springframework.security.web.FilterChainProxy.doFilterInternal(FilterChainProxy.java:215)
	at org.springframework.security.web.FilterChainProxy.doFilter(FilterChainProxy.java:178)
	at org.springframework.web.filter.DelegatingFilterProxy.invokeDelegate(DelegatingFilterProxy.java:357)
	at org.springframework.web.filter.DelegatingFilterProxy.doFilter(DelegatingFilterProxy.java:270)
	at org.apache.catalina.core.ApplicationFilterChain.internalDoFilter(ApplicationFilterChain.java:193)
	at org.apache.catalina.core.ApplicationFilterChain.doFilter(ApplicationFilterChain.java:166)
	at org.springframework.web.filter.RequestContextFilter.doFilterInternal(RequestContextFilter.java:99)
	at org.springframework.web.filter.OncePerRequestFilter.doFilter(OncePerRequestFilter.java:107)
	at org.apache.catalina.core.ApplicationFilterChain.internalDoFilter(ApplicationFilterChain.java:193)
	at org.apache.catalina.core.ApplicationFilterChain.doFilter(ApplicationFilterChain.java:166)
	at org.springframework.web.filter.FormContentFilter.doFilterInternal(FormContentFilter.java:92)
	at org.springframework.web.filter.OncePerRequestFilter.doFilter(OncePerRequestFilter.java:107)
	at org.apache.catalina.core.ApplicationFilterChain.internalDoFilter(ApplicationFilterChain.java:193)
	at org.apache.catalina.core.ApplicationFilterChain.doFilter(ApplicationFilterChain.java:166)
	at org.springframework.web.filter.HiddenHttpMethodFilter.doFilterInternal(HiddenHttpMethodFilter.java:93)
	at org.springframework.web.filter.OncePerRequestFilter.doFilter(OncePerRequestFilter.java:107)
	at org.apache.catalina.core.ApplicationFilterChain.internalDoFilter(ApplicationFilterChain.java:193)
	at org.apache.catalina.core.ApplicationFilterChain.doFilter(ApplicationFilterChain.java:166)
	at org.springframework.boot.actuate.metrics.web.servlet.WebMvcMetricsFilter.filterAndRecordMetrics(WebMvcMetricsFilter.java:117)
	at org.springframework.boot.actuate.metrics.web.servlet.WebMvcMetricsFilter.doFilterInternal(WebMvcMetricsFilter.java:106)
	at org.springframework.web.filter.OncePerRequestFilter.doFilter(OncePerRequestFilter.java:107)
	at org.apache.catalina.core.ApplicationFilterChain.internalDoFilter(ApplicationFilterChain.java:193)
	at org.apache.catalina.core.ApplicationFilterChain.doFilter(ApplicationFilterChain.java:166)
	at org.springframework.web.filter.CharacterEncodingFilter.doFilterInternal(CharacterEncodingFilter.java:200)
	at org.springframework.web.filter.OncePerRequestFilter.doFilter(OncePerRequestFilter.java:107)
	at org.apache.catalina.core.ApplicationFilterChain.internalDoFilter(ApplicationFilterChain.java:193)
	at org.apache.catalina.core.ApplicationFilterChain.doFilter(ApplicationFilterChain.java:166)
	at org.apache.catalina.core.StandardWrapperValve.invoke(StandardWrapperValve.java:200)
	at org.apache.catalina.core.StandardContextValve.invoke(StandardContextValve.java:96)
	at org.apache.catalina.authenticator.AuthenticatorBase.invoke(AuthenticatorBase.java:490)
	at org.apache.catalina.core.StandardHostValve.invoke(StandardHostValve.java:139)
	at org.apache.catalina.valves.ErrorReportValve.invoke(ErrorReportValve.java:92)
	at org.apache.catalina.core.StandardEngineValve.invoke(StandardEngineValve.java:74)
	at org.apache.catalina.connector.CoyoteAdapter.service(CoyoteAdapter.java:343)
	at org.apache.coyote.http11.Http11Processor.service(Http11Processor.java:408)
	at org.apache.coyote.AbstractProcessorLight.process(AbstractProcessorLight.java:66)
	at org.apache.coyote.AbstractProtocol$ConnectionHandler.process(AbstractProtocol.java:834)
	at org.apache.tomcat.util.net.NioEndpoint$SocketProcessor.doRun(NioEndpoint.java:1415)
	at org.apache.tomcat.util.net.SocketProcessorBase.run(SocketProcessorBase.java:49)
	at java.util.concurrent.ThreadPoolExecutor.runWorker(ThreadPoolExecutor.java:1149)
	at java.util.concurrent.ThreadPoolExecutor$Worker.run(ThreadPoolExecutor.java:624)
	at org.apache.tomcat.util.threads.TaskThread$WrappingRunnable.run(TaskThread.java:61)
	at java.lang.Thread.run(Thread.java:748)
2019-08-21 21:05:51 - Starting ProjectApplication on DESKTOP-11J5U7N with PID 246168 (C:\Users\UPPERLINK\Desktop\PROJECTS\project\target\classes started by UPPERLINK in C:\Users\UPPERLINK\Desktop\PROJECTS\project)
2019-08-21 21:05:51 - No active profile set, falling back to default profiles: default
2019-08-21 21:05:51 - Devtools property defaults active! Set 'spring.devtools.add-properties' to 'false' to disable
2019-08-21 21:05:51 - For additional web related logging consider setting the 'logging.level.web' property to 'DEBUG'
2019-08-21 21:05:53 - Bootstrapping Spring Data repositories in DEFAULT mode.
2019-08-21 21:05:54 - Finished Spring Data repository scanning in 194ms. Found 1 repository interfaces.
2019-08-21 21:05:55 - Bean 'org.springframework.transaction.annotation.ProxyTransactionManagementConfiguration' of type [org.springframework.transaction.annotation.ProxyTransactionManagementConfiguration$$EnhancerBySpringCGLIB$$2b54189d] is not eligible for getting processed by all BeanPostProcessors (for example: not eligible for auto-proxying)
2019-08-21 21:05:55 - Tomcat initialized with port(s): 8092 (http)
2019-08-21 21:05:55 - Initializing ProtocolHandler ["http-nio-8092"]
2019-08-21 21:05:55 - Starting service [Tomcat]
2019-08-21 21:05:55 - Starting Servlet engine: [Apache Tomcat/9.0.16]
2019-08-21 21:05:55 - The APR based Apache Tomcat Native library which allows optimal performance in production environments was not found on the java.library.path: [C:\Program Files\Java\jdk1.8.0_172\bin;C:\Windows\Sun\Java\bin;C:\Windows\system32;C:\Windows;C:\app\UPPERLINK\product\11.2.0\dbhome_1\bin;C:\Windows\system32;C:\Windows;C:\Windows\System32\Wbem;C:\Windows\System32\WindowsPowerShell\v1.0\;C:\Windows\System32\OpenSSH\;C:\Program Files\Java\jdk1.8.0_172\bin;C:\Program Files\Microsoft SQL Server\Client SDK\ODBC\110\Tools\Binn\;C:\Program Files (x86)\Microsoft SQL Server\120\Tools\Binn\;C:\Program Files\Microsoft SQL Server\120\Tools\Binn\;C:\Program Files\Microsoft SQL Server\120\DTS\Binn\;C:\Program Files (x86)\Microsoft SQL Server\120\Tools\Binn\ManagementStudio\;C:\Program Files (x86)\Microsoft SQL Server\120\DTS\Binn\;C:\Program Files\apache-maven-3.5.4\bin;C:\Program Files\Redis\;C:\Program Files\nodejs\;C:\Program Files\Zookeeper\zookeeper-3.4.10\bin;C:\Program Files\Git\cmd;C:\Users\UPPERLINK\AppData\Local\Microsoft\WindowsApps;;C:\Program Files (x86)\Microsoft VS Code\bin;C:\Users\UPPERLINK\AppData\Roaming\npm;.]
2019-08-21 21:05:56 - Initializing Spring embedded WebApplicationContext
2019-08-21 21:05:56 - Root WebApplicationContext: initialization completed in 5100 ms
2019-08-21 21:05:57 - HikariPool-1 - Starting...
2019-08-21 21:05:57 - HikariPool-1 - Driver does not support get/set network timeout for connections. (This operation is not supported.)
2019-08-21 21:05:57 - HikariPool-1 - Start completed.
2019-08-21 21:05:58 - HHH000204: Processing PersistenceUnitInfo [
	name: default
	...]
2019-08-21 21:05:58 - HHH000412: Hibernate Core {5.3.7.Final}
2019-08-21 21:05:58 - HHH000206: hibernate.properties not found
2019-08-21 21:05:58 - HCANN000001: Hibernate Commons Annotations {5.0.4.Final}
2019-08-21 21:05:58 - HHH000400: Using dialect: org.hibernate.dialect.SQLServer2012Dialect
2019-08-21 21:05:59 - Initialized JPA EntityManagerFactory for persistence unit 'default'
2019-08-21 21:06:00 - Initializing ExecutorService 'applicationTaskExecutor'
2019-08-21 21:06:00 - spring.jpa.open-in-view is enabled by default. Therefore, database queries may be performed during view rendering. Explicitly configure spring.jpa.open-in-view to disable this warning
2019-08-21 21:06:01 - Creating filter chain: any request, [org.springframework.security.web.context.request.async.WebAsyncManagerIntegrationFilter@1667b9a8, org.springframework.security.web.context.SecurityContextPersistenceFilter@23376a91, org.springframework.security.web.header.HeaderWriterFilter@64e1884a, org.springframework.security.web.csrf.CsrfFilter@2d7a137f, org.springframework.security.web.authentication.logout.LogoutFilter@a31dfce, org.springframework.security.web.authentication.UsernamePasswordAuthenticationFilter@21234f36, org.springframework.security.web.authentication.ui.DefaultLoginPageGeneratingFilter@327627b, org.springframework.security.web.authentication.ui.DefaultLogoutPageGeneratingFilter@1563201, org.springframework.security.web.authentication.www.BasicAuthenticationFilter@10110954, org.springframework.security.web.savedrequest.RequestCacheAwareFilter@6c6dd7e4, org.springframework.security.web.servletapi.SecurityContextHolderAwareRequestFilter@6ea7daba, org.springframework.security.web.authentication.AnonymousAuthenticationFilter@11c04774, org.springframework.security.web.session.SessionManagementFilter@1b5fa44b, org.springframework.security.web.access.ExceptionTranslationFilter@76c9013d, org.springframework.security.web.access.intercept.FilterSecurityInterceptor@2aa3ac8e]
2019-08-21 21:06:02 - Exposing 2 endpoint(s) beneath base path '/actuator'
2019-08-21 21:06:03 - LiveReload server is running on port 35729
2019-08-21 21:06:03 - Starting ProtocolHandler ["http-nio-8092"]
2019-08-21 21:06:03 - Tomcat started on port(s): 8092 (http) with context path ''
2019-08-21 21:06:03 - Started ProjectApplication in 13.075 seconds (JVM running for 15.302)
2019-08-21 21:06:18 - Initializing Spring DispatcherServlet 'dispatcherServlet'
2019-08-21 21:06:18 - Initializing Servlet 'dispatcherServlet'
2019-08-21 21:06:18 - Completed initialization in 13 ms
2019-08-21 21:06:27 - Servlet.service() for servlet [dispatcherServlet] in context with path [] threw exception
java.lang.IllegalArgumentException: There is no PasswordEncoder mapped for the id "null"
	at org.springframework.security.crypto.password.DelegatingPasswordEncoder$UnmappedIdPasswordEncoder.matches(DelegatingPasswordEncoder.java:244)
	at org.springframework.security.crypto.password.DelegatingPasswordEncoder.matches(DelegatingPasswordEncoder.java:198)
	at org.springframework.security.config.annotation.authentication.configuration.AuthenticationConfiguration$LazyPasswordEncoder.matches(AuthenticationConfiguration.java:289)
	at org.springframework.security.authentication.dao.DaoAuthenticationProvider.additionalAuthenticationChecks(DaoAuthenticationProvider.java:90)
	at org.springframework.security.authentication.dao.AbstractUserDetailsAuthenticationProvider.authenticate(AbstractUserDetailsAuthenticationProvider.java:166)
	at org.springframework.security.authentication.ProviderManager.authenticate(ProviderManager.java:175)
	at org.springframework.security.authentication.ProviderManager.authenticate(ProviderManager.java:200)
	at org.springframework.security.web.authentication.UsernamePasswordAuthenticationFilter.attemptAuthentication(UsernamePasswordAuthenticationFilter.java:94)
	at org.springframework.security.web.authentication.AbstractAuthenticationProcessingFilter.doFilter(AbstractAuthenticationProcessingFilter.java:212)
	at org.springframework.security.web.FilterChainProxy$VirtualFilterChain.doFilter(FilterChainProxy.java:334)
	at org.springframework.security.web.authentication.logout.LogoutFilter.doFilter(LogoutFilter.java:116)
	at org.springframework.security.web.FilterChainProxy$VirtualFilterChain.doFilter(FilterChainProxy.java:334)
	at org.springframework.security.web.csrf.CsrfFilter.doFilterInternal(CsrfFilter.java:124)
	at org.springframework.web.filter.OncePerRequestFilter.doFilter(OncePerRequestFilter.java:107)
	at org.springframework.security.web.FilterChainProxy$VirtualFilterChain.doFilter(FilterChainProxy.java:334)
	at org.springframework.security.web.header.HeaderWriterFilter.doFilterInternal(HeaderWriterFilter.java:74)
	at org.springframework.web.filter.OncePerRequestFilter.doFilter(OncePerRequestFilter.java:107)
	at org.springframework.security.web.FilterChainProxy$VirtualFilterChain.doFilter(FilterChainProxy.java:334)
	at org.springframework.security.web.context.SecurityContextPersistenceFilter.doFilter(SecurityContextPersistenceFilter.java:105)
	at org.springframework.security.web.FilterChainProxy$VirtualFilterChain.doFilter(FilterChainProxy.java:334)
	at org.springframework.security.web.context.request.async.WebAsyncManagerIntegrationFilter.doFilterInternal(WebAsyncManagerIntegrationFilter.java:56)
	at org.springframework.web.filter.OncePerRequestFilter.doFilter(OncePerRequestFilter.java:107)
	at org.springframework.security.web.FilterChainProxy$VirtualFilterChain.doFilter(FilterChainProxy.java:334)
	at org.springframework.security.web.FilterChainProxy.doFilterInternal(FilterChainProxy.java:215)
	at org.springframework.security.web.FilterChainProxy.doFilter(FilterChainProxy.java:178)
	at org.springframework.web.filter.DelegatingFilterProxy.invokeDelegate(DelegatingFilterProxy.java:357)
	at org.springframework.web.filter.DelegatingFilterProxy.doFilter(DelegatingFilterProxy.java:270)
	at org.apache.catalina.core.ApplicationFilterChain.internalDoFilter(ApplicationFilterChain.java:193)
	at org.apache.catalina.core.ApplicationFilterChain.doFilter(ApplicationFilterChain.java:166)
	at org.springframework.web.filter.RequestContextFilter.doFilterInternal(RequestContextFilter.java:99)
	at org.springframework.web.filter.OncePerRequestFilter.doFilter(OncePerRequestFilter.java:107)
	at org.apache.catalina.core.ApplicationFilterChain.internalDoFilter(ApplicationFilterChain.java:193)
	at org.apache.catalina.core.ApplicationFilterChain.doFilter(ApplicationFilterChain.java:166)
	at org.springframework.web.filter.FormContentFilter.doFilterInternal(FormContentFilter.java:92)
	at org.springframework.web.filter.OncePerRequestFilter.doFilter(OncePerRequestFilter.java:107)
	at org.apache.catalina.core.ApplicationFilterChain.internalDoFilter(ApplicationFilterChain.java:193)
	at org.apache.catalina.core.ApplicationFilterChain.doFilter(ApplicationFilterChain.java:166)
	at org.springframework.web.filter.HiddenHttpMethodFilter.doFilterInternal(HiddenHttpMethodFilter.java:93)
	at org.springframework.web.filter.OncePerRequestFilter.doFilter(OncePerRequestFilter.java:107)
	at org.apache.catalina.core.ApplicationFilterChain.internalDoFilter(ApplicationFilterChain.java:193)
	at org.apache.catalina.core.ApplicationFilterChain.doFilter(ApplicationFilterChain.java:166)
	at org.springframework.boot.actuate.metrics.web.servlet.WebMvcMetricsFilter.filterAndRecordMetrics(WebMvcMetricsFilter.java:117)
	at org.springframework.boot.actuate.metrics.web.servlet.WebMvcMetricsFilter.doFilterInternal(WebMvcMetricsFilter.java:106)
	at org.springframework.web.filter.OncePerRequestFilter.doFilter(OncePerRequestFilter.java:107)
	at org.apache.catalina.core.ApplicationFilterChain.internalDoFilter(ApplicationFilterChain.java:193)
	at org.apache.catalina.core.ApplicationFilterChain.doFilter(ApplicationFilterChain.java:166)
	at org.springframework.web.filter.CharacterEncodingFilter.doFilterInternal(CharacterEncodingFilter.java:200)
	at org.springframework.web.filter.OncePerRequestFilter.doFilter(OncePerRequestFilter.java:107)
	at org.apache.catalina.core.ApplicationFilterChain.internalDoFilter(ApplicationFilterChain.java:193)
	at org.apache.catalina.core.ApplicationFilterChain.doFilter(ApplicationFilterChain.java:166)
	at org.apache.catalina.core.StandardWrapperValve.invoke(StandardWrapperValve.java:200)
	at org.apache.catalina.core.StandardContextValve.invoke(StandardContextValve.java:96)
	at org.apache.catalina.authenticator.AuthenticatorBase.invoke(AuthenticatorBase.java:490)
	at org.apache.catalina.core.StandardHostValve.invoke(StandardHostValve.java:139)
	at org.apache.catalina.valves.ErrorReportValve.invoke(ErrorReportValve.java:92)
	at org.apache.catalina.core.StandardEngineValve.invoke(StandardEngineValve.java:74)
	at org.apache.catalina.connector.CoyoteAdapter.service(CoyoteAdapter.java:343)
	at org.apache.coyote.http11.Http11Processor.service(Http11Processor.java:408)
	at org.apache.coyote.AbstractProcessorLight.process(AbstractProcessorLight.java:66)
	at org.apache.coyote.AbstractProtocol$ConnectionHandler.process(AbstractProtocol.java:834)
	at org.apache.tomcat.util.net.NioEndpoint$SocketProcessor.doRun(NioEndpoint.java:1415)
	at org.apache.tomcat.util.net.SocketProcessorBase.run(SocketProcessorBase.java:49)
	at java.util.concurrent.ThreadPoolExecutor.runWorker(ThreadPoolExecutor.java:1149)
	at java.util.concurrent.ThreadPoolExecutor$Worker.run(ThreadPoolExecutor.java:624)
	at org.apache.tomcat.util.threads.TaskThread$WrappingRunnable.run(TaskThread.java:61)
	at java.lang.Thread.run(Thread.java:748)
2019-08-21 21:16:30 - Starting ProjectApplication on DESKTOP-11J5U7N with PID 243632 (C:\Users\UPPERLINK\Desktop\PROJECTS\project\target\classes started by UPPERLINK in C:\Users\UPPERLINK\Desktop\PROJECTS\project)
2019-08-21 21:16:30 - No active profile set, falling back to default profiles: default
2019-08-21 21:16:30 - Devtools property defaults active! Set 'spring.devtools.add-properties' to 'false' to disable
2019-08-21 21:16:30 - For additional web related logging consider setting the 'logging.level.web' property to 'DEBUG'
2019-08-21 21:16:32 - Bootstrapping Spring Data repositories in DEFAULT mode.
2019-08-21 21:16:32 - Finished Spring Data repository scanning in 104ms. Found 1 repository interfaces.
2019-08-21 21:16:33 - Bean 'org.springframework.transaction.annotation.ProxyTransactionManagementConfiguration' of type [org.springframework.transaction.annotation.ProxyTransactionManagementConfiguration$$EnhancerBySpringCGLIB$$ab9e9ce3] is not eligible for getting processed by all BeanPostProcessors (for example: not eligible for auto-proxying)
2019-08-21 21:16:34 - Tomcat initialized with port(s): 8092 (http)
2019-08-21 21:16:34 - Initializing ProtocolHandler ["http-nio-8092"]
2019-08-21 21:16:34 - Starting service [Tomcat]
2019-08-21 21:16:34 - Starting Servlet engine: [Apache Tomcat/9.0.16]
2019-08-21 21:16:34 - The APR based Apache Tomcat Native library which allows optimal performance in production environments was not found on the java.library.path: [C:\Program Files\Java\jdk1.8.0_172\bin;C:\Windows\Sun\Java\bin;C:\Windows\system32;C:\Windows;C:\app\UPPERLINK\product\11.2.0\dbhome_1\bin;C:\Windows\system32;C:\Windows;C:\Windows\System32\Wbem;C:\Windows\System32\WindowsPowerShell\v1.0\;C:\Windows\System32\OpenSSH\;C:\Program Files\Java\jdk1.8.0_172\bin;C:\Program Files\Microsoft SQL Server\Client SDK\ODBC\110\Tools\Binn\;C:\Program Files (x86)\Microsoft SQL Server\120\Tools\Binn\;C:\Program Files\Microsoft SQL Server\120\Tools\Binn\;C:\Program Files\Microsoft SQL Server\120\DTS\Binn\;C:\Program Files (x86)\Microsoft SQL Server\120\Tools\Binn\ManagementStudio\;C:\Program Files (x86)\Microsoft SQL Server\120\DTS\Binn\;C:\Program Files\apache-maven-3.5.4\bin;C:\Program Files\Redis\;C:\Program Files\nodejs\;C:\Program Files\Zookeeper\zookeeper-3.4.10\bin;C:\Program Files\Git\cmd;C:\Users\UPPERLINK\AppData\Local\Microsoft\WindowsApps;;C:\Program Files (x86)\Microsoft VS Code\bin;C:\Users\UPPERLINK\AppData\Roaming\npm;.]
2019-08-21 21:16:34 - Initializing Spring embedded WebApplicationContext
2019-08-21 21:16:34 - Root WebApplicationContext: initialization completed in 4288 ms
2019-08-21 21:16:35 - HikariPool-1 - Starting...
2019-08-21 21:16:36 - HikariPool-1 - Driver does not support get/set network timeout for connections. (This operation is not supported.)
2019-08-21 21:16:36 - HikariPool-1 - Start completed.
2019-08-21 21:16:36 - HHH000204: Processing PersistenceUnitInfo [
	name: default
	...]
2019-08-21 21:16:36 - HHH000412: Hibernate Core {5.3.7.Final}
2019-08-21 21:16:36 - HHH000206: hibernate.properties not found
2019-08-21 21:16:36 - HCANN000001: Hibernate Commons Annotations {5.0.4.Final}
2019-08-21 21:16:37 - HHH000400: Using dialect: org.hibernate.dialect.SQLServer2012Dialect
2019-08-21 21:16:38 - Initialized JPA EntityManagerFactory for persistence unit 'default'
2019-08-21 21:16:39 - Initializing ExecutorService 'applicationTaskExecutor'
2019-08-21 21:16:39 - spring.jpa.open-in-view is enabled by default. Therefore, database queries may be performed during view rendering. Explicitly configure spring.jpa.open-in-view to disable this warning
2019-08-21 21:16:39 - 

Using generated security password: aa90491e-ecd4-4e7f-ab3a-e749770f6d4e

2019-08-21 21:16:40 - Creating filter chain: any request, [org.springframework.security.web.context.request.async.WebAsyncManagerIntegrationFilter@543fdd36, org.springframework.security.web.context.SecurityContextPersistenceFilter@24e929c8, org.springframework.security.web.header.HeaderWriterFilter@5917b1d2, org.springframework.security.web.csrf.CsrfFilter@6ba9ee96, org.springframework.security.web.authentication.logout.LogoutFilter@5b120090, org.springframework.security.web.authentication.UsernamePasswordAuthenticationFilter@5c71162b, org.springframework.security.web.authentication.ui.DefaultLoginPageGeneratingFilter@1b38945a, org.springframework.security.web.authentication.ui.DefaultLogoutPageGeneratingFilter@6ae98af2, org.springframework.security.web.authentication.www.BasicAuthenticationFilter@696de8f8, org.springframework.security.web.savedrequest.RequestCacheAwareFilter@2692b232, org.springframework.security.web.servletapi.SecurityContextHolderAwareRequestFilter@5549bc59, org.springframework.security.web.authentication.AnonymousAuthenticationFilter@326120b6, org.springframework.security.web.session.SessionManagementFilter@6070b235, org.springframework.security.web.access.ExceptionTranslationFilter@5f951591, org.springframework.security.web.access.intercept.FilterSecurityInterceptor@2d01ee3a]
2019-08-21 21:16:41 - Exposing 2 endpoint(s) beneath base path '/actuator'
2019-08-21 21:16:41 - LiveReload server is running on port 35729
2019-08-21 21:16:41 - Starting ProtocolHandler ["http-nio-8092"]
2019-08-21 21:16:41 - Tomcat started on port(s): 8092 (http) with context path ''
2019-08-21 21:16:41 - Started ProjectApplication in 11.852 seconds (JVM running for 14.166)
2019-08-21 21:18:30 - Initializing Spring DispatcherServlet 'dispatcherServlet'
2019-08-21 21:18:30 - Initializing Servlet 'dispatcherServlet'
2019-08-21 21:18:30 - Completed initialization in 17 ms
2019-08-21 21:27:22 - Starting ProjectApplication on DESKTOP-11J5U7N with PID 233840 (C:\Users\UPPERLINK\Desktop\PROJECTS\project\target\classes started by UPPERLINK in C:\Users\UPPERLINK\Desktop\PROJECTS\project)
2019-08-21 21:27:22 - No active profile set, falling back to default profiles: default
2019-08-21 21:27:22 - Devtools property defaults active! Set 'spring.devtools.add-properties' to 'false' to disable
2019-08-21 21:27:22 - For additional web related logging consider setting the 'logging.level.web' property to 'DEBUG'
2019-08-21 21:27:24 - Bootstrapping Spring Data repositories in DEFAULT mode.
2019-08-21 21:27:24 - Finished Spring Data repository scanning in 213ms. Found 1 repository interfaces.
2019-08-21 21:27:25 - Bean 'org.springframework.transaction.annotation.ProxyTransactionManagementConfiguration' of type [org.springframework.transaction.annotation.ProxyTransactionManagementConfiguration$$EnhancerBySpringCGLIB$$3d5a25e9] is not eligible for getting processed by all BeanPostProcessors (for example: not eligible for auto-proxying)
2019-08-21 21:27:26 - Tomcat initialized with port(s): 8092 (http)
2019-08-21 21:27:26 - Initializing ProtocolHandler ["http-nio-8092"]
2019-08-21 21:27:26 - Starting service [Tomcat]
2019-08-21 21:27:26 - Starting Servlet engine: [Apache Tomcat/9.0.16]
2019-08-21 21:27:26 - The APR based Apache Tomcat Native library which allows optimal performance in production environments was not found on the java.library.path: [C:\Program Files\Java\jdk1.8.0_172\bin;C:\Windows\Sun\Java\bin;C:\Windows\system32;C:\Windows;C:\app\UPPERLINK\product\11.2.0\dbhome_1\bin;C:\Windows\system32;C:\Windows;C:\Windows\System32\Wbem;C:\Windows\System32\WindowsPowerShell\v1.0\;C:\Windows\System32\OpenSSH\;C:\Program Files\Java\jdk1.8.0_172\bin;C:\Program Files\Microsoft SQL Server\Client SDK\ODBC\110\Tools\Binn\;C:\Program Files (x86)\Microsoft SQL Server\120\Tools\Binn\;C:\Program Files\Microsoft SQL Server\120\Tools\Binn\;C:\Program Files\Microsoft SQL Server\120\DTS\Binn\;C:\Program Files (x86)\Microsoft SQL Server\120\Tools\Binn\ManagementStudio\;C:\Program Files (x86)\Microsoft SQL Server\120\DTS\Binn\;C:\Program Files\apache-maven-3.5.4\bin;C:\Program Files\Redis\;C:\Program Files\nodejs\;C:\Program Files\Zookeeper\zookeeper-3.4.10\bin;C:\Program Files\Git\cmd;C:\Users\UPPERLINK\AppData\Local\Microsoft\WindowsApps;;C:\Program Files (x86)\Microsoft VS Code\bin;C:\Users\UPPERLINK\AppData\Roaming\npm;.]
2019-08-21 21:27:27 - Initializing Spring embedded WebApplicationContext
2019-08-21 21:27:27 - Root WebApplicationContext: initialization completed in 4864 ms
2019-08-21 21:27:28 - HikariPool-1 - Starting...
2019-08-21 21:27:28 - HikariPool-1 - Driver does not support get/set network timeout for connections. (This operation is not supported.)
2019-08-21 21:27:28 - HikariPool-1 - Start completed.
2019-08-21 21:27:29 - HHH000204: Processing PersistenceUnitInfo [
	name: default
	...]
2019-08-21 21:27:29 - HHH000412: Hibernate Core {5.3.7.Final}
2019-08-21 21:27:29 - HHH000206: hibernate.properties not found
2019-08-21 21:27:29 - HCANN000001: Hibernate Commons Annotations {5.0.4.Final}
2019-08-21 21:27:29 - HHH000400: Using dialect: org.hibernate.dialect.SQLServer2012Dialect
2019-08-21 21:27:30 - Initialized JPA EntityManagerFactory for persistence unit 'default'
2019-08-21 21:27:31 - Initializing ExecutorService 'applicationTaskExecutor'
2019-08-21 21:27:31 - spring.jpa.open-in-view is enabled by default. Therefore, database queries may be performed during view rendering. Explicitly configure spring.jpa.open-in-view to disable this warning
2019-08-21 21:27:32 - 

Using generated security password: fc55c60b-4f09-40bf-922e-08898c798196

2019-08-21 21:27:32 - Creating filter chain: any request, [org.springframework.security.web.context.request.async.WebAsyncManagerIntegrationFilter@9ea45d6, org.springframework.security.web.context.SecurityContextPersistenceFilter@45d20af1, org.springframework.security.web.header.HeaderWriterFilter@6264314, org.springframework.security.web.csrf.CsrfFilter@5db51379, org.springframework.security.web.authentication.logout.LogoutFilter@195dceb3, org.springframework.security.web.authentication.UsernamePasswordAuthenticationFilter@5764ea1, org.springframework.security.web.authentication.ui.DefaultLoginPageGeneratingFilter@3f46390, org.springframework.security.web.authentication.ui.DefaultLogoutPageGeneratingFilter@255efea6, org.springframework.security.web.authentication.www.BasicAuthenticationFilter@5534783e, org.springframework.security.web.savedrequest.RequestCacheAwareFilter@95f0718, org.springframework.security.web.servletapi.SecurityContextHolderAwareRequestFilter@27c5e0bd, org.springframework.security.web.authentication.AnonymousAuthenticationFilter@643bf3b0, org.springframework.security.web.session.SessionManagementFilter@52779bbb, org.springframework.security.web.access.ExceptionTranslationFilter@7ea0cbd5, org.springframework.security.web.access.intercept.FilterSecurityInterceptor@17102b2]
2019-08-21 21:27:33 - Exposing 2 endpoint(s) beneath base path '/actuator'
2019-08-21 21:27:33 - LiveReload server is running on port 35729
2019-08-21 21:27:33 - Starting ProtocolHandler ["http-nio-8092"]
2019-08-21 21:27:33 - Tomcat started on port(s): 8092 (http) with context path ''
2019-08-21 21:27:33 - Started ProjectApplication in 11.996 seconds (JVM running for 14.41)
2019-08-21 21:31:13 - Starting ProjectApplication on DESKTOP-11J5U7N with PID 245256 (C:\Users\UPPERLINK\Desktop\PROJECTS\project\target\classes started by UPPERLINK in C:\Users\UPPERLINK\Desktop\PROJECTS\project)
2019-08-21 21:31:13 - No active profile set, falling back to default profiles: default
2019-08-21 21:31:13 - Devtools property defaults active! Set 'spring.devtools.add-properties' to 'false' to disable
2019-08-21 21:31:13 - For additional web related logging consider setting the 'logging.level.web' property to 'DEBUG'
2019-08-21 21:31:15 - Bootstrapping Spring Data repositories in DEFAULT mode.
2019-08-21 21:31:15 - Finished Spring Data repository scanning in 101ms. Found 1 repository interfaces.
2019-08-21 21:31:16 - Bean 'org.springframework.transaction.annotation.ProxyTransactionManagementConfiguration' of type [org.springframework.transaction.annotation.ProxyTransactionManagementConfiguration$$EnhancerBySpringCGLIB$$dcc2e4b] is not eligible for getting processed by all BeanPostProcessors (for example: not eligible for auto-proxying)
2019-08-21 21:31:17 - Tomcat initialized with port(s): 8092 (http)
2019-08-21 21:31:17 - Initializing ProtocolHandler ["http-nio-8092"]
2019-08-21 21:31:17 - Starting service [Tomcat]
2019-08-21 21:31:17 - Starting Servlet engine: [Apache Tomcat/9.0.16]
2019-08-21 21:31:17 - The APR based Apache Tomcat Native library which allows optimal performance in production environments was not found on the java.library.path: [C:\Program Files\Java\jdk1.8.0_172\bin;C:\Windows\Sun\Java\bin;C:\Windows\system32;C:\Windows;C:\app\UPPERLINK\product\11.2.0\dbhome_1\bin;C:\Windows\system32;C:\Windows;C:\Windows\System32\Wbem;C:\Windows\System32\WindowsPowerShell\v1.0\;C:\Windows\System32\OpenSSH\;C:\Program Files\Java\jdk1.8.0_172\bin;C:\Program Files\Microsoft SQL Server\Client SDK\ODBC\110\Tools\Binn\;C:\Program Files (x86)\Microsoft SQL Server\120\Tools\Binn\;C:\Program Files\Microsoft SQL Server\120\Tools\Binn\;C:\Program Files\Microsoft SQL Server\120\DTS\Binn\;C:\Program Files (x86)\Microsoft SQL Server\120\Tools\Binn\ManagementStudio\;C:\Program Files (x86)\Microsoft SQL Server\120\DTS\Binn\;C:\Program Files\apache-maven-3.5.4\bin;C:\Program Files\Redis\;C:\Program Files\nodejs\;C:\Program Files\Zookeeper\zookeeper-3.4.10\bin;C:\Program Files\Git\cmd;C:\Users\UPPERLINK\AppData\Local\Microsoft\WindowsApps;;C:\Program Files (x86)\Microsoft VS Code\bin;C:\Users\UPPERLINK\AppData\Roaming\npm;.]
2019-08-21 21:31:18 - Initializing Spring embedded WebApplicationContext
2019-08-21 21:31:18 - Root WebApplicationContext: initialization completed in 4626 ms
2019-08-21 21:31:19 - HikariPool-1 - Starting...
2019-08-21 21:31:19 - HikariPool-1 - Driver does not support get/set network timeout for connections. (This operation is not supported.)
2019-08-21 21:31:19 - HikariPool-1 - Start completed.
2019-08-21 21:31:19 - HHH000204: Processing PersistenceUnitInfo [
	name: default
	...]
2019-08-21 21:31:19 - HHH000412: Hibernate Core {5.3.7.Final}
2019-08-21 21:31:19 - HHH000206: hibernate.properties not found
2019-08-21 21:31:20 - HCANN000001: Hibernate Commons Annotations {5.0.4.Final}
2019-08-21 21:31:20 - HHH000400: Using dialect: org.hibernate.dialect.SQLServer2012Dialect
2019-08-21 21:31:21 - Initialized JPA EntityManagerFactory for persistence unit 'default'
2019-08-21 21:31:22 - Initializing ExecutorService 'applicationTaskExecutor'
2019-08-21 21:31:22 - spring.jpa.open-in-view is enabled by default. Therefore, database queries may be performed during view rendering. Explicitly configure spring.jpa.open-in-view to disable this warning
2019-08-21 21:31:22 - 

Using generated security password: b31254ea-8a2b-4d59-99e0-3737a29427a7

2019-08-21 21:31:23 - Creating filter chain: any request, [org.springframework.security.web.context.request.async.WebAsyncManagerIntegrationFilter@260a86ef, org.springframework.security.web.context.SecurityContextPersistenceFilter@5413edca, org.springframework.security.web.header.HeaderWriterFilter@7f7cfcd8, org.springframework.security.web.csrf.CsrfFilter@408c1ff1, org.springframework.security.web.authentication.logout.LogoutFilter@1a664989, org.springframework.security.web.authentication.UsernamePasswordAuthenticationFilter@7bedddea, org.springframework.security.web.authentication.ui.DefaultLoginPageGeneratingFilter@340a2372, org.springframework.security.web.authentication.ui.DefaultLogoutPageGeneratingFilter@1d987805, org.springframework.security.web.authentication.www.BasicAuthenticationFilter@44f82a06, org.springframework.security.web.savedrequest.RequestCacheAwareFilter@48ce5f6b, org.springframework.security.web.servletapi.SecurityContextHolderAwareRequestFilter@7362ca15, org.springframework.security.web.authentication.AnonymousAuthenticationFilter@4ef4e000, org.springframework.security.web.session.SessionManagementFilter@63f98d30, org.springframework.security.web.access.ExceptionTranslationFilter@2cf7b59, org.springframework.security.web.access.intercept.FilterSecurityInterceptor@72085587]
2019-08-21 21:31:23 - Exposing 2 endpoint(s) beneath base path '/actuator'
2019-08-21 21:31:23 - LiveReload server is running on port 35729
2019-08-21 21:31:23 - Starting ProtocolHandler ["http-nio-8092"]
2019-08-21 21:31:23 - Tomcat started on port(s): 8092 (http) with context path ''
2019-08-21 21:31:23 - Started ProjectApplication in 11.293 seconds (JVM running for 13.946)
2019-08-21 21:31:45 - Initializing Spring DispatcherServlet 'dispatcherServlet'
2019-08-21 21:31:45 - Initializing Servlet 'dispatcherServlet'
2019-08-21 21:31:45 - Completed initialization in 14 ms
2019-08-21 22:44:06 - Starting ProjectApplication on DESKTOP-11J5U7N with PID 248916 (C:\Users\UPPERLINK\Desktop\PROJECTS\project\target\classes started by UPPERLINK in C:\Users\UPPERLINK\Desktop\PROJECTS\project)
2019-08-21 22:44:06 - No active profile set, falling back to default profiles: default
2019-08-21 22:44:06 - Devtools property defaults active! Set 'spring.devtools.add-properties' to 'false' to disable
2019-08-21 22:44:06 - For additional web related logging consider setting the 'logging.level.web' property to 'DEBUG'
2019-08-21 22:44:09 - Bootstrapping Spring Data repositories in DEFAULT mode.
2019-08-21 22:44:09 - Finished Spring Data repository scanning in 111ms. Found 1 repository interfaces.
2019-08-21 22:44:10 - Bean 'org.springframework.transaction.annotation.ProxyTransactionManagementConfiguration' of type [org.springframework.transaction.annotation.ProxyTransactionManagementConfiguration$$EnhancerBySpringCGLIB$$60d4f77d] is not eligible for getting processed by all BeanPostProcessors (for example: not eligible for auto-proxying)
2019-08-21 22:44:11 - Tomcat initialized with port(s): 8092 (http)
2019-08-21 22:44:11 - Initializing ProtocolHandler ["http-nio-8092"]
2019-08-21 22:44:11 - Starting service [Tomcat]
2019-08-21 22:44:11 - Starting Servlet engine: [Apache Tomcat/9.0.16]
2019-08-21 22:44:11 - The APR based Apache Tomcat Native library which allows optimal performance in production environments was not found on the java.library.path: [C:\Program Files\Java\jdk1.8.0_172\bin;C:\Windows\Sun\Java\bin;C:\Windows\system32;C:\Windows;C:\app\UPPERLINK\product\11.2.0\dbhome_1\bin;C:\Windows\system32;C:\Windows;C:\Windows\System32\Wbem;C:\Windows\System32\WindowsPowerShell\v1.0\;C:\Windows\System32\OpenSSH\;C:\Program Files\Java\jdk1.8.0_172\bin;C:\Program Files\Microsoft SQL Server\Client SDK\ODBC\110\Tools\Binn\;C:\Program Files (x86)\Microsoft SQL Server\120\Tools\Binn\;C:\Program Files\Microsoft SQL Server\120\Tools\Binn\;C:\Program Files\Microsoft SQL Server\120\DTS\Binn\;C:\Program Files (x86)\Microsoft SQL Server\120\Tools\Binn\ManagementStudio\;C:\Program Files (x86)\Microsoft SQL Server\120\DTS\Binn\;C:\Program Files\apache-maven-3.5.4\bin;C:\Program Files\Redis\;C:\Program Files\nodejs\;C:\Program Files\Zookeeper\zookeeper-3.4.10\bin;C:\Program Files\Git\cmd;C:\Users\UPPERLINK\AppData\Local\Microsoft\WindowsApps;;C:\Program Files (x86)\Microsoft VS Code\bin;C:\Users\UPPERLINK\AppData\Roaming\npm;.]
2019-08-21 22:44:11 - Initializing Spring embedded WebApplicationContext
2019-08-21 22:44:11 - Root WebApplicationContext: initialization completed in 5254 ms
2019-08-21 22:44:12 - HikariPool-1 - Starting...
2019-08-21 22:44:13 - HikariPool-1 - Driver does not support get/set network timeout for connections. (This operation is not supported.)
2019-08-21 22:44:13 - HikariPool-1 - Start completed.
2019-08-21 22:44:13 - HHH000204: Processing PersistenceUnitInfo [
	name: default
	...]
2019-08-21 22:44:13 - HHH000412: Hibernate Core {5.3.7.Final}
2019-08-21 22:44:13 - HHH000206: hibernate.properties not found
2019-08-21 22:44:13 - HCANN000001: Hibernate Commons Annotations {5.0.4.Final}
2019-08-21 22:44:14 - HHH000400: Using dialect: org.hibernate.dialect.SQLServer2012Dialect
2019-08-21 22:44:15 - Initialized JPA EntityManagerFactory for persistence unit 'default'
2019-08-21 22:44:16 - Initializing ExecutorService 'applicationTaskExecutor'
2019-08-21 22:44:16 - spring.jpa.open-in-view is enabled by default. Therefore, database queries may be performed during view rendering. Explicitly configure spring.jpa.open-in-view to disable this warning
2019-08-21 22:44:17 - 

Using generated security password: a1840999-59b8-4b28-84db-c643162bd9bd

2019-08-21 22:44:17 - Creating filter chain: any request, [org.springframework.security.web.context.request.async.WebAsyncManagerIntegrationFilter@635380d3, org.springframework.security.web.context.SecurityContextPersistenceFilter@7d82127a, org.springframework.security.web.header.HeaderWriterFilter@70c87695, org.springframework.security.web.csrf.CsrfFilter@663c567, org.springframework.security.web.authentication.logout.LogoutFilter@282f4585, org.springframework.security.web.authentication.UsernamePasswordAuthenticationFilter@393b8ad8, org.springframework.security.web.authentication.ui.DefaultLoginPageGeneratingFilter@257b6582, org.springframework.security.web.authentication.ui.DefaultLogoutPageGeneratingFilter@5d324a29, org.springframework.security.web.authentication.www.BasicAuthenticationFilter@6e539f30, org.springframework.security.web.savedrequest.RequestCacheAwareFilter@32325a10, org.springframework.security.web.servletapi.SecurityContextHolderAwareRequestFilter@6f7ac36b, org.springframework.security.web.authentication.AnonymousAuthenticationFilter@5411ff37, org.springframework.security.web.session.SessionManagementFilter@68a6924b, org.springframework.security.web.access.ExceptionTranslationFilter@2e7aaae0, org.springframework.security.web.access.intercept.FilterSecurityInterceptor@25cd609a]
2019-08-21 22:44:17 - Exposing 2 endpoint(s) beneath base path '/actuator'
2019-08-21 22:44:18 - LiveReload server is running on port 35729
2019-08-21 22:44:18 - Starting ProtocolHandler ["http-nio-8092"]
2019-08-21 22:44:18 - Tomcat started on port(s): 8092 (http) with context path ''
2019-08-21 22:44:18 - Started ProjectApplication in 13.201 seconds (JVM running for 15.866)
2019-08-21 22:44:26 - Initializing Spring DispatcherServlet 'dispatcherServlet'
2019-08-21 22:44:26 - Initializing Servlet 'dispatcherServlet'
2019-08-21 22:44:26 - Completed initialization in 14 ms
2019-08-21 22:47:27 - Starting ProjectApplication on DESKTOP-11J5U7N with PID 246096 (C:\Users\UPPERLINK\Desktop\PROJECTS\project\target\classes started by UPPERLINK in C:\Users\UPPERLINK\Desktop\PROJECTS\project)
2019-08-21 22:47:27 - No active profile set, falling back to default profiles: default
2019-08-21 22:47:28 - Devtools property defaults active! Set 'spring.devtools.add-properties' to 'false' to disable
2019-08-21 22:47:28 - For additional web related logging consider setting the 'logging.level.web' property to 'DEBUG'
2019-08-21 22:47:29 - Bootstrapping Spring Data repositories in DEFAULT mode.
2019-08-21 22:47:30 - Finished Spring Data repository scanning in 149ms. Found 1 repository interfaces.
2019-08-21 22:47:31 - Bean 'org.springframework.transaction.annotation.ProxyTransactionManagementConfiguration' of type [org.springframework.transaction.annotation.ProxyTransactionManagementConfiguration$$EnhancerBySpringCGLIB$$a7116c52] is not eligible for getting processed by all BeanPostProcessors (for example: not eligible for auto-proxying)
2019-08-21 22:47:31 - Tomcat initialized with port(s): 8092 (http)
2019-08-21 22:47:31 - Initializing ProtocolHandler ["http-nio-8092"]
2019-08-21 22:47:32 - Starting service [Tomcat]
2019-08-21 22:47:32 - Starting Servlet engine: [Apache Tomcat/9.0.16]
2019-08-21 22:47:32 - The APR based Apache Tomcat Native library which allows optimal performance in production environments was not found on the java.library.path: [C:\Program Files\Java\jdk1.8.0_172\bin;C:\Windows\Sun\Java\bin;C:\Windows\system32;C:\Windows;C:\app\UPPERLINK\product\11.2.0\dbhome_1\bin;C:\Windows\system32;C:\Windows;C:\Windows\System32\Wbem;C:\Windows\System32\WindowsPowerShell\v1.0\;C:\Windows\System32\OpenSSH\;C:\Program Files\Java\jdk1.8.0_172\bin;C:\Program Files\Microsoft SQL Server\Client SDK\ODBC\110\Tools\Binn\;C:\Program Files (x86)\Microsoft SQL Server\120\Tools\Binn\;C:\Program Files\Microsoft SQL Server\120\Tools\Binn\;C:\Program Files\Microsoft SQL Server\120\DTS\Binn\;C:\Program Files (x86)\Microsoft SQL Server\120\Tools\Binn\ManagementStudio\;C:\Program Files (x86)\Microsoft SQL Server\120\DTS\Binn\;C:\Program Files\apache-maven-3.5.4\bin;C:\Program Files\Redis\;C:\Program Files\nodejs\;C:\Program Files\Zookeeper\zookeeper-3.4.10\bin;C:\Program Files\Git\cmd;C:\Users\UPPERLINK\AppData\Local\Microsoft\WindowsApps;;C:\Program Files (x86)\Microsoft VS Code\bin;C:\Users\UPPERLINK\AppData\Roaming\npm;.]
2019-08-21 22:47:32 - Initializing Spring embedded WebApplicationContext
2019-08-21 22:47:32 - Root WebApplicationContext: initialization completed in 4282 ms
2019-08-21 22:47:33 - HikariPool-1 - Starting...
2019-08-21 22:47:34 - HikariPool-1 - Driver does not support get/set network timeout for connections. (This operation is not supported.)
2019-08-21 22:47:34 - HikariPool-1 - Start completed.
2019-08-21 22:47:34 - HHH000204: Processing PersistenceUnitInfo [
	name: default
	...]
2019-08-21 22:47:34 - HHH000412: Hibernate Core {5.3.7.Final}
2019-08-21 22:47:34 - HHH000206: hibernate.properties not found
2019-08-21 22:47:34 - HCANN000001: Hibernate Commons Annotations {5.0.4.Final}
2019-08-21 22:47:35 - HHH000400: Using dialect: org.hibernate.dialect.SQLServer2012Dialect
2019-08-21 22:47:36 - Initialized JPA EntityManagerFactory for persistence unit 'default'
2019-08-21 22:47:37 - Initializing ExecutorService 'applicationTaskExecutor'
2019-08-21 22:47:37 - spring.jpa.open-in-view is enabled by default. Therefore, database queries may be performed during view rendering. Explicitly configure spring.jpa.open-in-view to disable this warning
2019-08-21 22:47:37 - 

Using generated security password: 8cd00d5c-6e4c-49df-ae1f-552cdb847320

2019-08-21 22:47:38 - Creating filter chain: any request, [org.springframework.security.web.context.request.async.WebAsyncManagerIntegrationFilter@394df60e, org.springframework.security.web.context.SecurityContextPersistenceFilter@64dbc23f, org.springframework.security.web.header.HeaderWriterFilter@55ff93d, org.springframework.security.web.csrf.CsrfFilter@11a02115, org.springframework.security.web.authentication.logout.LogoutFilter@2d8c2cf0, org.springframework.security.web.authentication.UsernamePasswordAuthenticationFilter@6a87c2eb, org.springframework.security.web.authentication.ui.DefaultLoginPageGeneratingFilter@5c0061de, org.springframework.security.web.authentication.ui.DefaultLogoutPageGeneratingFilter@72960eb2, org.springframework.security.web.authentication.www.BasicAuthenticationFilter@44680722, org.springframework.security.web.savedrequest.RequestCacheAwareFilter@33a900c6, org.springframework.security.web.servletapi.SecurityContextHolderAwareRequestFilter@2d4fdda8, org.springframework.security.web.authentication.AnonymousAuthenticationFilter@17118919, org.springframework.security.web.session.SessionManagementFilter@166f930c, org.springframework.security.web.access.ExceptionTranslationFilter@21be19f4, org.springframework.security.web.access.intercept.FilterSecurityInterceptor@7cc13283]
2019-08-21 22:47:38 - Exposing 2 endpoint(s) beneath base path '/management'
2019-08-21 22:47:38 - LiveReload server is running on port 35729
2019-08-21 22:47:38 - Starting ProtocolHandler ["http-nio-8092"]
2019-08-21 22:47:38 - Tomcat started on port(s): 8092 (http) with context path ''
2019-08-21 22:47:38 - Started ProjectApplication in 11.768 seconds (JVM running for 14.389)
2019-08-21 22:50:50 - Initializing Spring DispatcherServlet 'dispatcherServlet'
2019-08-21 22:50:50 - Initializing Servlet 'dispatcherServlet'
2019-08-21 22:50:50 - Completed initialization in 18 ms
2019-08-21 22:54:07 - Starting ProjectApplication on DESKTOP-11J5U7N with PID 245064 (C:\Users\UPPERLINK\Desktop\PROJECTS\project\target\classes started by UPPERLINK in C:\Users\UPPERLINK\Desktop\PROJECTS\project)
2019-08-21 22:54:07 - No active profile set, falling back to default profiles: default
2019-08-21 22:54:07 - Devtools property defaults active! Set 'spring.devtools.add-properties' to 'false' to disable
2019-08-21 22:54:07 - For additional web related logging consider setting the 'logging.level.web' property to 'DEBUG'
2019-08-21 22:54:09 - Bootstrapping Spring Data repositories in DEFAULT mode.
2019-08-21 22:54:09 - Finished Spring Data repository scanning in 110ms. Found 1 repository interfaces.
2019-08-21 22:54:10 - Bean 'org.springframework.transaction.annotation.ProxyTransactionManagementConfiguration' of type [org.springframework.transaction.annotation.ProxyTransactionManagementConfiguration$$EnhancerBySpringCGLIB$$8fd9e00] is not eligible for getting processed by all BeanPostProcessors (for example: not eligible for auto-proxying)
2019-08-21 22:54:11 - Tomcat initialized with port(s): 8092 (http)
2019-08-21 22:54:11 - Initializing ProtocolHandler ["http-nio-8092"]
2019-08-21 22:54:11 - Starting service [Tomcat]
2019-08-21 22:54:11 - Starting Servlet engine: [Apache Tomcat/9.0.16]
2019-08-21 22:54:11 - The APR based Apache Tomcat Native library which allows optimal performance in production environments was not found on the java.library.path: [C:\Program Files\Java\jdk1.8.0_172\bin;C:\Windows\Sun\Java\bin;C:\Windows\system32;C:\Windows;C:\app\UPPERLINK\product\11.2.0\dbhome_1\bin;C:\Windows\system32;C:\Windows;C:\Windows\System32\Wbem;C:\Windows\System32\WindowsPowerShell\v1.0\;C:\Windows\System32\OpenSSH\;C:\Program Files\Java\jdk1.8.0_172\bin;C:\Program Files\Microsoft SQL Server\Client SDK\ODBC\110\Tools\Binn\;C:\Program Files (x86)\Microsoft SQL Server\120\Tools\Binn\;C:\Program Files\Microsoft SQL Server\120\Tools\Binn\;C:\Program Files\Microsoft SQL Server\120\DTS\Binn\;C:\Program Files (x86)\Microsoft SQL Server\120\Tools\Binn\ManagementStudio\;C:\Program Files (x86)\Microsoft SQL Server\120\DTS\Binn\;C:\Program Files\apache-maven-3.5.4\bin;C:\Program Files\Redis\;C:\Program Files\nodejs\;C:\Program Files\Zookeeper\zookeeper-3.4.10\bin;C:\Program Files\Git\cmd;C:\Users\UPPERLINK\AppData\Local\Microsoft\WindowsApps;;C:\Program Files (x86)\Microsoft VS Code\bin;C:\Users\UPPERLINK\AppData\Roaming\npm;.]
2019-08-21 22:54:11 - Initializing Spring embedded WebApplicationContext
2019-08-21 22:54:11 - Root WebApplicationContext: initialization completed in 4701 ms
2019-08-21 22:54:12 - HikariPool-1 - Starting...
2019-08-21 22:54:13 - HikariPool-1 - Driver does not support get/set network timeout for connections. (This operation is not supported.)
2019-08-21 22:54:13 - HikariPool-1 - Start completed.
2019-08-21 22:54:13 - HHH000204: Processing PersistenceUnitInfo [
	name: default
	...]
2019-08-21 22:54:13 - HHH000412: Hibernate Core {5.3.7.Final}
2019-08-21 22:54:13 - HHH000206: hibernate.properties not found
2019-08-21 22:54:13 - HCANN000001: Hibernate Commons Annotations {5.0.4.Final}
2019-08-21 22:54:14 - HHH000400: Using dialect: org.hibernate.dialect.SQLServer2012Dialect
2019-08-21 22:54:15 - Initialized JPA EntityManagerFactory for persistence unit 'default'
2019-08-21 22:54:16 - Initializing ExecutorService 'applicationTaskExecutor'
2019-08-21 22:54:16 - spring.jpa.open-in-view is enabled by default. Therefore, database queries may be performed during view rendering. Explicitly configure spring.jpa.open-in-view to disable this warning
2019-08-21 22:54:17 - 

Using generated security password: 38d38cea-8aa1-411c-8c25-3361aaec71e7

2019-08-21 22:54:17 - Creating filter chain: any request, [org.springframework.security.web.context.request.async.WebAsyncManagerIntegrationFilter@392aae21, org.springframework.security.web.context.SecurityContextPersistenceFilter@55220d99, org.springframework.security.web.header.HeaderWriterFilter@57a3959e, org.springframework.security.web.csrf.CsrfFilter@e613f48, org.springframework.security.web.authentication.logout.LogoutFilter@66b9e573, org.springframework.security.web.authentication.UsernamePasswordAuthenticationFilter@5bcca897, org.springframework.security.web.authentication.ui.DefaultLoginPageGeneratingFilter@43fe16f2, org.springframework.security.web.authentication.ui.DefaultLogoutPageGeneratingFilter@2975e13, org.springframework.security.web.authentication.www.BasicAuthenticationFilter@2b28552d, org.springframework.security.web.savedrequest.RequestCacheAwareFilter@6d7a733b, org.springframework.security.web.servletapi.SecurityContextHolderAwareRequestFilter@145b1b98, org.springframework.security.web.authentication.AnonymousAuthenticationFilter@15fb6ecd, org.springframework.security.web.session.SessionManagementFilter@af432a0, org.springframework.security.web.access.ExceptionTranslationFilter@21e5dd87, org.springframework.security.web.access.intercept.FilterSecurityInterceptor@55d909cd]
2019-08-21 22:54:17 - Exposing 2 endpoint(s) beneath base path '/actuator'
2019-08-21 22:54:18 - LiveReload server is running on port 35729
2019-08-21 22:54:18 - Starting ProtocolHandler ["http-nio-8092"]
2019-08-21 22:54:18 - Tomcat started on port(s): 8092 (http) with context path ''
2019-08-21 22:54:18 - Started ProjectApplication in 12.151 seconds (JVM running for 14.626)
2019-08-21 22:54:29 - Initializing Spring DispatcherServlet 'dispatcherServlet'
2019-08-21 22:54:29 - Initializing Servlet 'dispatcherServlet'
2019-08-21 22:54:29 - Completed initialization in 15 ms
