2019-08-23 07:47:18 - Starting ProjectApplication on DESKTOP-11J5U7N with PID 314176 (C:\Users\UPPERLINK\Desktop\PROJECTS\project\target\classes started by UPPERLINK in C:\Users\UPPERLINK\Desktop\PROJECTS\project)
2019-08-23 07:47:18 - No active profile set, falling back to default profiles: default
2019-08-23 07:47:19 - Devtools property defaults active! Set 'spring.devtools.add-properties' to 'false' to disable
2019-08-23 07:47:19 - For additional web related logging consider setting the 'logging.level.web' property to 'DEBUG'
2019-08-23 07:47:35 - Bootstrapping Spring Data repositories in DEFAULT mode.
2019-08-23 07:47:37 - Finished Spring Data repository scanning in 1548ms. Found 1 repository interfaces.
2019-08-23 07:47:41 - Bean 'org.springframework.transaction.annotation.ProxyTransactionManagementConfiguration' of type [org.springframework.transaction.annotation.ProxyTransactionManagementConfiguration$$EnhancerBySpringCGLIB$$3139452b] is not eligible for getting processed by all BeanPostProcessors (for example: not eligible for auto-proxying)
2019-08-23 07:47:58 - Tomcat initialized with port(s): 8092 (http)
2019-08-23 07:48:00 - Initializing ProtocolHandler ["http-nio-8092"]
2019-08-23 07:48:01 - Starting service [Tomcat]
2019-08-23 07:48:01 - Starting Servlet engine: [Apache Tomcat/9.0.16]
2019-08-23 07:48:01 - The APR based Apache Tomcat Native library which allows optimal performance in production environments was not found on the java.library.path: [C:\Program Files\Java\jdk1.8.0_172\bin;C:\Windows\Sun\Java\bin;C:\Windows\system32;C:\Windows;C:\app\UPPERLINK\product\11.2.0\dbhome_1\bin;C:\Windows\system32;C:\Windows;C:\Windows\System32\Wbem;C:\Windows\System32\WindowsPowerShell\v1.0\;C:\Windows\System32\OpenSSH\;C:\Program Files\Java\jdk1.8.0_172\bin;C:\Program Files\Microsoft SQL Server\Client SDK\ODBC\110\Tools\Binn\;C:\Program Files (x86)\Microsoft SQL Server\120\Tools\Binn\;C:\Program Files\Microsoft SQL Server\120\Tools\Binn\;C:\Program Files\Microsoft SQL Server\120\DTS\Binn\;C:\Program Files (x86)\Microsoft SQL Server\120\Tools\Binn\ManagementStudio\;C:\Program Files (x86)\Microsoft SQL Server\120\DTS\Binn\;C:\Program Files\apache-maven-3.5.4\bin;C:\Program Files\Redis\;C:\Program Files\nodejs\;C:\Program Files\Zookeeper\zookeeper-3.4.10\bin;C:\Program Files\Git\cmd;C:\Users\UPPERLINK\AppData\Local\Microsoft\WindowsApps;;C:\Program Files (x86)\Microsoft VS Code\bin;C:\Users\UPPERLINK\AppData\Roaming\npm;.]
2019-08-23 07:48:02 - Initializing Spring embedded WebApplicationContext
2019-08-23 07:48:02 - Root WebApplicationContext: initialization completed in 43230 ms
2019-08-23 07:48:07 - HikariPool-1 - Starting...
2019-08-23 07:48:15 - HikariPool-1 - Driver does not support get/set network timeout for connections. (This operation is not supported.)
2019-08-23 07:48:15 - HikariPool-1 - Start completed.
2019-08-23 07:48:16 - HHH000204: Processing PersistenceUnitInfo [
	name: default
	...]
2019-08-23 07:48:18 - HHH000412: Hibernate Core {5.3.7.Final}
2019-08-23 07:48:18 - HHH000206: hibernate.properties not found
2019-08-23 07:48:25 - HCANN000001: Hibernate Commons Annotations {5.0.4.Final}
2019-08-23 07:48:29 - HHH000400: Using dialect: org.hibernate.dialect.SQLServer2012Dialect
2019-08-23 07:48:47 - Initialized JPA EntityManagerFactory for persistence unit 'default'
2019-08-23 07:48:52 - Initializing ExecutorService 'applicationTaskExecutor'
2019-08-23 07:48:52 - spring.jpa.open-in-view is enabled by default. Therefore, database queries may be performed during view rendering. Explicitly configure spring.jpa.open-in-view to disable this warning
2019-08-23 07:48:53 - 

Using generated security password: 448e4a79-ca28-4241-acad-37d8d3fe5c85

2019-08-23 07:48:53 - Creating filter chain: any request, [org.springframework.security.web.context.request.async.WebAsyncManagerIntegrationFilter@4172da75, org.springframework.security.web.context.SecurityContextPersistenceFilter@67c3e757, org.springframework.security.web.header.HeaderWriterFilter@53677524, org.springframework.security.web.csrf.CsrfFilter@2e69500d, org.springframework.security.web.authentication.logout.LogoutFilter@8c1d51d, org.springframework.security.web.authentication.UsernamePasswordAuthenticationFilter@7b784d18, org.springframework.security.web.authentication.ui.DefaultLoginPageGeneratingFilter@21335e32, org.springframework.security.web.authentication.ui.DefaultLogoutPageGeneratingFilter@1bb77187, org.springframework.security.web.authentication.www.BasicAuthenticationFilter@66212812, org.springframework.security.web.savedrequest.RequestCacheAwareFilter@166cb469, org.springframework.security.web.servletapi.SecurityContextHolderAwareRequestFilter@3c4e4bc, org.springframework.security.web.authentication.AnonymousAuthenticationFilter@58336b0a, org.springframework.security.web.session.SessionManagementFilter@2860df06, org.springframework.security.web.access.ExceptionTranslationFilter@542ce6f4, org.springframework.security.web.access.intercept.FilterSecurityInterceptor@63b459bc]
2019-08-23 07:48:54 - Exposing 2 endpoint(s) beneath base path '/management'
2019-08-23 07:48:54 - LiveReload server is running on port 35729
2019-08-23 07:48:54 - Starting ProtocolHandler ["http-nio-8092"]
2019-08-23 07:48:54 - Tomcat started on port(s): 8092 (http) with context path ''
2019-08-23 07:48:54 - Started ProjectApplication in 99.486 seconds (JVM running for 164.016)
2019-08-23 07:49:30 - Initializing Spring DispatcherServlet 'dispatcherServlet'
2019-08-23 07:49:30 - Initializing Servlet 'dispatcherServlet'
2019-08-23 07:49:30 - Completed initialization in 16 ms
2019-08-23 08:36:04 - Starting ProjectApplication on DESKTOP-11J5U7N with PID 315524 (C:\Users\UPPERLINK\Desktop\PROJECTS\project\target\classes started by UPPERLINK in C:\Users\UPPERLINK\Desktop\PROJECTS\project)
2019-08-23 08:36:04 - No active profile set, falling back to default profiles: default
2019-08-23 08:36:04 - Devtools property defaults active! Set 'spring.devtools.add-properties' to 'false' to disable
2019-08-23 08:36:04 - For additional web related logging consider setting the 'logging.level.web' property to 'DEBUG'
2019-08-23 08:36:06 - Bootstrapping Spring Data repositories in DEFAULT mode.
2019-08-23 08:36:07 - Finished Spring Data repository scanning in 523ms. Found 1 repository interfaces.
2019-08-23 08:36:08 - Bean 'org.springframework.transaction.annotation.ProxyTransactionManagementConfiguration' of type [org.springframework.transaction.annotation.ProxyTransactionManagementConfiguration$$EnhancerBySpringCGLIB$$30135fe4] is not eligible for getting processed by all BeanPostProcessors (for example: not eligible for auto-proxying)
2019-08-23 08:36:09 - Tomcat initialized with port(s): 8092 (http)
2019-08-23 08:36:10 - Initializing ProtocolHandler ["http-nio-8092"]
2019-08-23 08:36:10 - Starting service [Tomcat]
2019-08-23 08:36:10 - Starting Servlet engine: [Apache Tomcat/9.0.16]
2019-08-23 08:36:10 - The APR based Apache Tomcat Native library which allows optimal performance in production environments was not found on the java.library.path: [C:\Program Files\Java\jdk1.8.0_172\bin;C:\Windows\Sun\Java\bin;C:\Windows\system32;C:\Windows;C:\app\UPPERLINK\product\11.2.0\dbhome_1\bin;C:\Windows\system32;C:\Windows;C:\Windows\System32\Wbem;C:\Windows\System32\WindowsPowerShell\v1.0\;C:\Windows\System32\OpenSSH\;C:\Program Files\Java\jdk1.8.0_172\bin;C:\Program Files\Microsoft SQL Server\Client SDK\ODBC\110\Tools\Binn\;C:\Program Files (x86)\Microsoft SQL Server\120\Tools\Binn\;C:\Program Files\Microsoft SQL Server\120\Tools\Binn\;C:\Program Files\Microsoft SQL Server\120\DTS\Binn\;C:\Program Files (x86)\Microsoft SQL Server\120\Tools\Binn\ManagementStudio\;C:\Program Files (x86)\Microsoft SQL Server\120\DTS\Binn\;C:\Program Files\apache-maven-3.5.4\bin;C:\Program Files\Redis\;C:\Program Files\nodejs\;C:\Program Files\Zookeeper\zookeeper-3.4.10\bin;C:\Program Files\Git\cmd;C:\Users\UPPERLINK\AppData\Local\Microsoft\WindowsApps;;C:\Program Files (x86)\Microsoft VS Code\bin;C:\Users\UPPERLINK\AppData\Roaming\npm;.]
2019-08-23 08:36:10 - Initializing Spring embedded WebApplicationContext
2019-08-23 08:36:10 - Root WebApplicationContext: initialization completed in 6442 ms
2019-08-23 08:36:11 - HikariPool-1 - Starting...
2019-08-23 08:36:12 - HikariPool-1 - Driver does not support get/set network timeout for connections. (This operation is not supported.)
2019-08-23 08:36:12 - HikariPool-1 - Start completed.
2019-08-23 08:36:12 - HHH000204: Processing PersistenceUnitInfo [
	name: default
	...]
2019-08-23 08:36:13 - HHH000412: Hibernate Core {5.3.7.Final}
2019-08-23 08:36:13 - HHH000206: hibernate.properties not found
2019-08-23 08:36:13 - HCANN000001: Hibernate Commons Annotations {5.0.4.Final}
2019-08-23 08:36:13 - HHH000400: Using dialect: org.hibernate.dialect.SQLServer2012Dialect
2019-08-23 08:36:14 - Initialized JPA EntityManagerFactory for persistence unit 'default'
2019-08-23 08:36:15 - Initializing ExecutorService 'applicationTaskExecutor'
2019-08-23 08:36:16 - spring.jpa.open-in-view is enabled by default. Therefore, database queries may be performed during view rendering. Explicitly configure spring.jpa.open-in-view to disable this warning
2019-08-23 08:36:16 - 

Using generated security password: 9bb992bc-4579-459d-82aa-4c6ec61fe614

2019-08-23 08:36:17 - Creating filter chain: any request, [org.springframework.security.web.context.request.async.WebAsyncManagerIntegrationFilter@3ccab834, org.springframework.security.web.context.SecurityContextPersistenceFilter@4928c99a, org.springframework.security.web.header.HeaderWriterFilter@1738c522, org.springframework.security.web.csrf.CsrfFilter@3c9d07ab, org.springframework.security.web.authentication.logout.LogoutFilter@3dd73c9c, org.springframework.security.web.authentication.UsernamePasswordAuthenticationFilter@73f07cb5, org.springframework.security.web.authentication.ui.DefaultLoginPageGeneratingFilter@79460248, org.springframework.security.web.authentication.ui.DefaultLogoutPageGeneratingFilter@29790294, org.springframework.security.web.authentication.www.BasicAuthenticationFilter@1d5d59f6, org.springframework.security.web.savedrequest.RequestCacheAwareFilter@3aea451, org.springframework.security.web.servletapi.SecurityContextHolderAwareRequestFilter@5dea1d4d, org.springframework.security.web.authentication.AnonymousAuthenticationFilter@60460c44, org.springframework.security.web.session.SessionManagementFilter@2164274, org.springframework.security.web.access.ExceptionTranslationFilter@41185c52, org.springframework.security.web.access.intercept.FilterSecurityInterceptor@659f8fa3]
2019-08-23 08:36:17 - Exposing 2 endpoint(s) beneath base path '/management'
2019-08-23 08:36:17 - LiveReload server is running on port 35729
2019-08-23 08:36:18 - Starting ProtocolHandler ["http-nio-8092"]
2019-08-23 08:36:18 - Tomcat started on port(s): 8092 (http) with context path ''
2019-08-23 08:36:18 - Started ProjectApplication in 14.53 seconds (JVM running for 18.15)
2019-08-23 08:36:24 - Initializing Spring DispatcherServlet 'dispatcherServlet'
2019-08-23 08:36:24 - Initializing Servlet 'dispatcherServlet'
2019-08-23 08:36:24 - Completed initialization in 16 ms
2019-08-23 08:38:08 - Starting ProjectApplication on DESKTOP-11J5U7N with PID 318580 (C:\Users\UPPERLINK\Desktop\PROJECTS\project\target\classes started by UPPERLINK in C:\Users\UPPERLINK\Desktop\PROJECTS\project)
2019-08-23 08:38:08 - No active profile set, falling back to default profiles: default
2019-08-23 08:38:08 - Devtools property defaults active! Set 'spring.devtools.add-properties' to 'false' to disable
2019-08-23 08:38:08 - For additional web related logging consider setting the 'logging.level.web' property to 'DEBUG'
2019-08-23 08:38:11 - Bootstrapping Spring Data repositories in DEFAULT mode.
2019-08-23 08:38:11 - Finished Spring Data repository scanning in 146ms. Found 1 repository interfaces.
2019-08-23 08:38:12 - Bean 'org.springframework.transaction.annotation.ProxyTransactionManagementConfiguration' of type [org.springframework.transaction.annotation.ProxyTransactionManagementConfiguration$$EnhancerBySpringCGLIB$$a00aaf4b] is not eligible for getting processed by all BeanPostProcessors (for example: not eligible for auto-proxying)
2019-08-23 08:38:13 - Tomcat initialized with port(s): 8092 (http)
2019-08-23 08:38:13 - Initializing ProtocolHandler ["http-nio-8092"]
2019-08-23 08:38:13 - Starting service [Tomcat]
2019-08-23 08:38:13 - Starting Servlet engine: [Apache Tomcat/9.0.16]
2019-08-23 08:38:13 - The APR based Apache Tomcat Native library which allows optimal performance in production environments was not found on the java.library.path: [C:\Program Files\Java\jdk1.8.0_172\bin;C:\Windows\Sun\Java\bin;C:\Windows\system32;C:\Windows;C:\app\UPPERLINK\product\11.2.0\dbhome_1\bin;C:\Windows\system32;C:\Windows;C:\Windows\System32\Wbem;C:\Windows\System32\WindowsPowerShell\v1.0\;C:\Windows\System32\OpenSSH\;C:\Program Files\Java\jdk1.8.0_172\bin;C:\Program Files\Microsoft SQL Server\Client SDK\ODBC\110\Tools\Binn\;C:\Program Files (x86)\Microsoft SQL Server\120\Tools\Binn\;C:\Program Files\Microsoft SQL Server\120\Tools\Binn\;C:\Program Files\Microsoft SQL Server\120\DTS\Binn\;C:\Program Files (x86)\Microsoft SQL Server\120\Tools\Binn\ManagementStudio\;C:\Program Files (x86)\Microsoft SQL Server\120\DTS\Binn\;C:\Program Files\apache-maven-3.5.4\bin;C:\Program Files\Redis\;C:\Program Files\nodejs\;C:\Program Files\Zookeeper\zookeeper-3.4.10\bin;C:\Program Files\Git\cmd;C:\Users\UPPERLINK\AppData\Local\Microsoft\WindowsApps;;C:\Program Files (x86)\Microsoft VS Code\bin;C:\Users\UPPERLINK\AppData\Roaming\npm;.]
2019-08-23 08:38:13 - Initializing Spring embedded WebApplicationContext
2019-08-23 08:38:13 - Root WebApplicationContext: initialization completed in 5520 ms
2019-08-23 08:38:15 - HikariPool-1 - Starting...
2019-08-23 08:38:16 - HikariPool-1 - Driver does not support get/set network timeout for connections. (This operation is not supported.)
2019-08-23 08:38:16 - HikariPool-1 - Start completed.
2019-08-23 08:38:16 - HHH000204: Processing PersistenceUnitInfo [
	name: default
	...]
2019-08-23 08:38:16 - HHH000412: Hibernate Core {5.3.7.Final}
2019-08-23 08:38:16 - HHH000206: hibernate.properties not found
2019-08-23 08:38:16 - HCANN000001: Hibernate Commons Annotations {5.0.4.Final}
2019-08-23 08:38:16 - HHH000400: Using dialect: org.hibernate.dialect.SQLServer2012Dialect
2019-08-23 08:38:18 - Initialized JPA EntityManagerFactory for persistence unit 'default'
2019-08-23 08:38:19 - Initializing ExecutorService 'applicationTaskExecutor'
2019-08-23 08:38:19 - spring.jpa.open-in-view is enabled by default. Therefore, database queries may be performed during view rendering. Explicitly configure spring.jpa.open-in-view to disable this warning
2019-08-23 08:38:20 - 

Using generated security password: c16f1c15-3738-47a9-9609-5511529381d9

2019-08-23 08:38:21 - Creating filter chain: any request, [org.springframework.security.web.context.request.async.WebAsyncManagerIntegrationFilter@7aa41438, org.springframework.security.web.context.SecurityContextPersistenceFilter@7a6af41a, org.springframework.security.web.header.HeaderWriterFilter@317665e6, org.springframework.security.web.csrf.CsrfFilter@1b4fbde8, org.springframework.security.web.authentication.logout.LogoutFilter@6abc3ea6, org.springframework.security.web.authentication.UsernamePasswordAuthenticationFilter@64bce2bb, org.springframework.security.web.authentication.ui.DefaultLoginPageGeneratingFilter@30a6e460, org.springframework.security.web.authentication.ui.DefaultLogoutPageGeneratingFilter@18f00dd1, org.springframework.security.web.authentication.www.BasicAuthenticationFilter@615deb76, org.springframework.security.web.savedrequest.RequestCacheAwareFilter@7ba3146c, org.springframework.security.web.servletapi.SecurityContextHolderAwareRequestFilter@63c77b2, org.springframework.security.web.authentication.AnonymousAuthenticationFilter@36fdd68a, org.springframework.security.web.session.SessionManagementFilter@637fbbff, org.springframework.security.web.access.ExceptionTranslationFilter@2a04cb25, org.springframework.security.web.access.intercept.FilterSecurityInterceptor@2508ef46]
2019-08-23 08:38:21 - Exposing 2 endpoint(s) beneath base path '/management'
2019-08-23 08:38:21 - LiveReload server is running on port 35729
2019-08-23 08:38:21 - Starting ProtocolHandler ["http-nio-8092"]
2019-08-23 08:38:21 - Tomcat started on port(s): 8092 (http) with context path ''
2019-08-23 08:38:21 - Started ProjectApplication in 14.573 seconds (JVM running for 17.538)
2019-08-23 08:38:38 - Initializing Spring DispatcherServlet 'dispatcherServlet'
2019-08-23 08:38:38 - Initializing Servlet 'dispatcherServlet'
2019-08-23 08:38:38 - Completed initialization in 20 ms
2019-08-23 08:41:11 - Starting ProjectApplication on DESKTOP-11J5U7N with PID 318492 (C:\Users\UPPERLINK\Desktop\PROJECTS\project\target\classes started by UPPERLINK in C:\Users\UPPERLINK\Desktop\PROJECTS\project)
2019-08-23 08:41:11 - No active profile set, falling back to default profiles: default
2019-08-23 08:41:11 - Devtools property defaults active! Set 'spring.devtools.add-properties' to 'false' to disable
2019-08-23 08:41:11 - For additional web related logging consider setting the 'logging.level.web' property to 'DEBUG'
2019-08-23 08:41:13 - Bootstrapping Spring Data repositories in DEFAULT mode.
2019-08-23 08:41:13 - Finished Spring Data repository scanning in 261ms. Found 1 repository interfaces.
2019-08-23 08:41:14 - Bean 'org.springframework.transaction.annotation.ProxyTransactionManagementConfiguration' of type [org.springframework.transaction.annotation.ProxyTransactionManagementConfiguration$$EnhancerBySpringCGLIB$$4701cee9] is not eligible for getting processed by all BeanPostProcessors (for example: not eligible for auto-proxying)
2019-08-23 08:41:16 - Tomcat initialized with port(s): 8092 (http)
2019-08-23 08:41:16 - Initializing ProtocolHandler ["http-nio-8092"]
2019-08-23 08:41:16 - Starting service [Tomcat]
2019-08-23 08:41:16 - Starting Servlet engine: [Apache Tomcat/9.0.16]
2019-08-23 08:41:16 - The APR based Apache Tomcat Native library which allows optimal performance in production environments was not found on the java.library.path: [C:\Program Files\Java\jdk1.8.0_172\bin;C:\Windows\Sun\Java\bin;C:\Windows\system32;C:\Windows;C:\app\UPPERLINK\product\11.2.0\dbhome_1\bin;C:\Windows\system32;C:\Windows;C:\Windows\System32\Wbem;C:\Windows\System32\WindowsPowerShell\v1.0\;C:\Windows\System32\OpenSSH\;C:\Program Files\Java\jdk1.8.0_172\bin;C:\Program Files\Microsoft SQL Server\Client SDK\ODBC\110\Tools\Binn\;C:\Program Files (x86)\Microsoft SQL Server\120\Tools\Binn\;C:\Program Files\Microsoft SQL Server\120\Tools\Binn\;C:\Program Files\Microsoft SQL Server\120\DTS\Binn\;C:\Program Files (x86)\Microsoft SQL Server\120\Tools\Binn\ManagementStudio\;C:\Program Files (x86)\Microsoft SQL Server\120\DTS\Binn\;C:\Program Files\apache-maven-3.5.4\bin;C:\Program Files\Redis\;C:\Program Files\nodejs\;C:\Program Files\Zookeeper\zookeeper-3.4.10\bin;C:\Program Files\Git\cmd;C:\Users\UPPERLINK\AppData\Local\Microsoft\WindowsApps;;C:\Program Files (x86)\Microsoft VS Code\bin;C:\Users\UPPERLINK\AppData\Roaming\npm;.]
2019-08-23 08:41:17 - Initializing Spring embedded WebApplicationContext
2019-08-23 08:41:17 - Root WebApplicationContext: initialization completed in 5869 ms
2019-08-23 08:41:18 - HikariPool-1 - Starting...
2019-08-23 08:41:19 - HikariPool-1 - Driver does not support get/set network timeout for connections. (This operation is not supported.)
2019-08-23 08:41:19 - HikariPool-1 - Start completed.
2019-08-23 08:41:19 - HHH000204: Processing PersistenceUnitInfo [
	name: default
	...]
2019-08-23 08:41:19 - HHH000412: Hibernate Core {5.3.7.Final}
2019-08-23 08:41:19 - HHH000206: hibernate.properties not found
2019-08-23 08:41:19 - HCANN000001: Hibernate Commons Annotations {5.0.4.Final}
2019-08-23 08:41:20 - HHH000400: Using dialect: org.hibernate.dialect.SQLServer2012Dialect
2019-08-23 08:41:21 - Initialized JPA EntityManagerFactory for persistence unit 'default'
2019-08-23 08:41:22 - Initializing ExecutorService 'applicationTaskExecutor'
2019-08-23 08:41:22 - spring.jpa.open-in-view is enabled by default. Therefore, database queries may be performed during view rendering. Explicitly configure spring.jpa.open-in-view to disable this warning
2019-08-23 08:41:23 - 

Using generated security password: 7f4ba4c7-4639-4955-8693-27c2e07c136c

2019-08-23 08:41:23 - Creating filter chain: any request, [org.springframework.security.web.context.request.async.WebAsyncManagerIntegrationFilter@2bfef37c, org.springframework.security.web.context.SecurityContextPersistenceFilter@53c11fbd, org.springframework.security.web.header.HeaderWriterFilter@2c802717, org.springframework.security.web.csrf.CsrfFilter@6293d2f9, org.springframework.security.web.authentication.logout.LogoutFilter@6802fbc6, org.springframework.security.web.authentication.UsernamePasswordAuthenticationFilter@71e1b985, org.springframework.security.web.authentication.ui.DefaultLoginPageGeneratingFilter@4b71c9e3, org.springframework.security.web.authentication.ui.DefaultLogoutPageGeneratingFilter@606c4cd7, org.springframework.security.web.authentication.www.BasicAuthenticationFilter@6a99df35, org.springframework.security.web.savedrequest.RequestCacheAwareFilter@ba73d94, org.springframework.security.web.servletapi.SecurityContextHolderAwareRequestFilter@6eae6a84, org.springframework.security.web.authentication.AnonymousAuthenticationFilter@2fcd43e2, org.springframework.security.web.session.SessionManagementFilter@29a813fb, org.springframework.security.web.access.ExceptionTranslationFilter@666d7145, org.springframework.security.web.access.intercept.FilterSecurityInterceptor@19dfd7db]
2019-08-23 08:41:24 - Exposing 2 endpoint(s) beneath base path '/api/management'
2019-08-23 08:41:24 - LiveReload server is running on port 35729
2019-08-23 08:41:24 - Starting ProtocolHandler ["http-nio-8092"]
2019-08-23 08:41:24 - Tomcat started on port(s): 8092 (http) with context path ''
2019-08-23 08:41:24 - Started ProjectApplication in 14.43 seconds (JVM running for 18.051)
2019-08-23 08:47:31 - Initializing Spring DispatcherServlet 'dispatcherServlet'
2019-08-23 08:47:31 - Initializing Servlet 'dispatcherServlet'
2019-08-23 08:47:31 - Completed initialization in 20 ms
2019-08-23 08:48:23 - Starting ProjectApplication on DESKTOP-11J5U7N with PID 315744 (C:\Users\UPPERLINK\Desktop\PROJECTS\project\target\classes started by UPPERLINK in C:\Users\UPPERLINK\Desktop\PROJECTS\project)
2019-08-23 08:48:23 - No active profile set, falling back to default profiles: default
2019-08-23 08:48:24 - Devtools property defaults active! Set 'spring.devtools.add-properties' to 'false' to disable
2019-08-23 08:48:24 - For additional web related logging consider setting the 'logging.level.web' property to 'DEBUG'
2019-08-23 08:48:26 - Bootstrapping Spring Data repositories in DEFAULT mode.
2019-08-23 08:48:27 - Finished Spring Data repository scanning in 115ms. Found 1 repository interfaces.
2019-08-23 08:48:28 - Bean 'org.springframework.transaction.annotation.ProxyTransactionManagementConfiguration' of type [org.springframework.transaction.annotation.ProxyTransactionManagementConfiguration$$EnhancerBySpringCGLIB$$558c7a4c] is not eligible for getting processed by all BeanPostProcessors (for example: not eligible for auto-proxying)
2019-08-23 08:48:29 - Tomcat initialized with port(s): 8092 (http)
2019-08-23 08:48:29 - Initializing ProtocolHandler ["http-nio-8092"]
2019-08-23 08:48:29 - Starting service [Tomcat]
2019-08-23 08:48:29 - Starting Servlet engine: [Apache Tomcat/9.0.16]
2019-08-23 08:48:29 - The APR based Apache Tomcat Native library which allows optimal performance in production environments was not found on the java.library.path: [C:\Program Files\Java\jdk1.8.0_172\bin;C:\Windows\Sun\Java\bin;C:\Windows\system32;C:\Windows;C:\app\UPPERLINK\product\11.2.0\dbhome_1\bin;C:\Windows\system32;C:\Windows;C:\Windows\System32\Wbem;C:\Windows\System32\WindowsPowerShell\v1.0\;C:\Windows\System32\OpenSSH\;C:\Program Files\Java\jdk1.8.0_172\bin;C:\Program Files\Microsoft SQL Server\Client SDK\ODBC\110\Tools\Binn\;C:\Program Files (x86)\Microsoft SQL Server\120\Tools\Binn\;C:\Program Files\Microsoft SQL Server\120\Tools\Binn\;C:\Program Files\Microsoft SQL Server\120\DTS\Binn\;C:\Program Files (x86)\Microsoft SQL Server\120\Tools\Binn\ManagementStudio\;C:\Program Files (x86)\Microsoft SQL Server\120\DTS\Binn\;C:\Program Files\apache-maven-3.5.4\bin;C:\Program Files\Redis\;C:\Program Files\nodejs\;C:\Program Files\Zookeeper\zookeeper-3.4.10\bin;C:\Program Files\Git\cmd;C:\Users\UPPERLINK\AppData\Local\Microsoft\WindowsApps;;C:\Program Files (x86)\Microsoft VS Code\bin;C:\Users\UPPERLINK\AppData\Roaming\npm;.]
2019-08-23 08:48:29 - Initializing Spring embedded WebApplicationContext
2019-08-23 08:48:29 - Root WebApplicationContext: initialization completed in 5810 ms
2019-08-23 08:48:31 - HikariPool-1 - Starting...
2019-08-23 08:48:32 - HikariPool-1 - Driver does not support get/set network timeout for connections. (This operation is not supported.)
2019-08-23 08:48:32 - HikariPool-1 - Start completed.
2019-08-23 08:48:32 - HHH000204: Processing PersistenceUnitInfo [
	name: default
	...]
2019-08-23 08:48:32 - HHH000412: Hibernate Core {5.3.7.Final}
2019-08-23 08:48:32 - HHH000206: hibernate.properties not found
2019-08-23 08:48:33 - HCANN000001: Hibernate Commons Annotations {5.0.4.Final}
2019-08-23 08:48:33 - HHH000400: Using dialect: org.hibernate.dialect.SQLServer2012Dialect
2019-08-23 08:48:34 - Initialized JPA EntityManagerFactory for persistence unit 'default'
2019-08-23 08:48:35 - Initializing ExecutorService 'applicationTaskExecutor'
2019-08-23 08:48:35 - spring.jpa.open-in-view is enabled by default. Therefore, database queries may be performed during view rendering. Explicitly configure spring.jpa.open-in-view to disable this warning
2019-08-23 08:48:36 - 

Using generated security password: b79d494f-806a-4f30-9ec3-0ac393fbf3c6

2019-08-23 08:48:36 - Creating filter chain: any request, [org.springframework.security.web.context.request.async.WebAsyncManagerIntegrationFilter@5fdd4a5, org.springframework.security.web.context.SecurityContextPersistenceFilter@2374d654, org.springframework.security.web.header.HeaderWriterFilter@1c34c60, org.springframework.security.web.csrf.CsrfFilter@1874f54e, org.springframework.security.web.authentication.logout.LogoutFilter@4928c99a, org.springframework.security.web.authentication.UsernamePasswordAuthenticationFilter@5c33208a, org.springframework.security.web.authentication.ui.DefaultLoginPageGeneratingFilter@24a7d87e, org.springframework.security.web.authentication.ui.DefaultLogoutPageGeneratingFilter@659f8fa3, org.springframework.security.web.authentication.www.BasicAuthenticationFilter@473b1d7a, org.springframework.security.web.savedrequest.RequestCacheAwareFilter@3b968317, org.springframework.security.web.servletapi.SecurityContextHolderAwareRequestFilter@255662f0, org.springframework.security.web.authentication.AnonymousAuthenticationFilter@62b6183b, org.springframework.security.web.session.SessionManagementFilter@3c9d07ab, org.springframework.security.web.access.ExceptionTranslationFilter@3949a60b, org.springframework.security.web.access.intercept.FilterSecurityInterceptor@ce08d89]
2019-08-23 08:48:37 - Exposing 2 endpoint(s) beneath base path '/management'
2019-08-23 08:48:37 - LiveReload server is running on port 35729
2019-08-23 08:48:37 - Starting ProtocolHandler ["http-nio-8092"]
2019-08-23 08:48:37 - Tomcat started on port(s): 8092 (http) with context path ''
2019-08-23 08:48:37 - Started ProjectApplication in 14.373 seconds (JVM running for 17.268)
2019-08-23 08:48:56 - Initializing Spring DispatcherServlet 'dispatcherServlet'
2019-08-23 08:48:56 - Initializing Servlet 'dispatcherServlet'
2019-08-23 08:48:56 - Completed initialization in 19 ms
2019-08-23 09:53:20 - HikariPool-1 - Thread starvation or clock leap detected (housekeeper delta=46s849ms56µs190ns).
