2019-05-17 13:27:16 - Starting ProjectApplication on DESKTOP-765QC83 with PID 168 (C:\Users\User\Desktop\project\target\classes started by User in C:\Users\User\Desktop\project)
2019-05-17 13:27:16 - No active profile set, falling back to default profiles: default
2019-05-17 13:27:16 - Devtools property defaults active! Set 'spring.devtools.add-properties' to 'false' to disable
2019-05-17 13:27:16 - For additional web related logging consider setting the 'logging.level.web' property to 'DEBUG'
2019-05-17 13:27:20 - Bootstrapping Spring Data repositories in DEFAULT mode.
2019-05-17 13:27:20 - Finished Spring Data repository scanning in 156ms. Found 1 repository interfaces.
2019-05-17 13:27:21 - Bean 'org.springframework.transaction.annotation.ProxyTransactionManagementConfiguration' of type [org.springframework.transaction.annotation.ProxyTransactionManagementConfiguration$$EnhancerBySpringCGLIB$$924b72c7] is not eligible for getting processed by all BeanPostProcessors (for example: not eligible for auto-proxying)
2019-05-17 13:27:23 - Tomcat initialized with port(s): 8092 (http)
2019-05-17 13:27:23 - Initializing ProtocolHandler ["http-nio-8092"]
2019-05-17 13:27:23 - Starting service [Tomcat]
2019-05-17 13:27:23 - Starting Servlet engine: [Apache Tomcat/9.0.16]
2019-05-17 13:27:24 - The APR based Apache Tomcat Native library which allows optimal performance in production environments was not found on the java.library.path: [C:\Program Files\Java\jdk1.8.0_171\bin;C:\Windows\Sun\Java\bin;C:\Windows\system32;C:\Windows;C:\Program Files (x86)\Common Files\Oracle\Java\javapath;C:\Windows\system32;C:\Windows;C:\Windows\System32\Wbem;C:\Windows\System32\WindowsPowerShell\v1.0\;C:\Program Files\nodejs\;C:\Program Files\Git\cmd;C:\Program Files\Microsoft SQL Server\Client SDK\ODBC\110\Tools\Binn\;C:\Program Files (x86)\Microsoft SQL Server\120\Tools\Binn\;C:\Program Files\Microsoft SQL Server\120\Tools\Binn\;C:\Program Files\Microsoft SQL Server\120\DTS\Binn\;C:\Program Files (x86)\Microsoft SQL Server\120\Tools\Binn\ManagementStudio\;C:\Program Files (x86)\Microsoft SQL Server\120\DTS\Binn\;C:\Users\User\AppData\Local\Microsoft\WindowsApps;C:\Users\User\AppData\Roaming\npm;.]
2019-05-17 13:27:24 - Initializing Spring embedded WebApplicationContext
2019-05-17 13:27:24 - Root WebApplicationContext: initialization completed in 7686 ms
2019-05-17 13:27:26 - HikariPool-1 - Starting...
2019-05-17 13:27:26 - HikariPool-1 - Driver does not support get/set network timeout for connections. (This operation is not supported.)
2019-05-17 13:27:27 - HikariPool-1 - Start completed.
2019-05-17 13:27:27 - HHH000204: Processing PersistenceUnitInfo [
	name: default
	...]
2019-05-17 13:27:28 - HHH000412: Hibernate Core {5.3.7.Final}
2019-05-17 13:27:28 - HHH000206: hibernate.properties not found
2019-05-17 13:27:29 - HCANN000001: Hibernate Commons Annotations {5.0.4.Final}
2019-05-17 13:27:29 - HHH000400: Using dialect: org.hibernate.dialect.SQLServer2012Dialect
2019-05-17 13:27:31 - Initialized JPA EntityManagerFactory for persistence unit 'default'
2019-05-17 13:27:33 - Initializing ExecutorService 'applicationTaskExecutor'
2019-05-17 13:27:34 - spring.jpa.open-in-view is enabled by default. Therefore, database queries may be performed during view rendering. Explicitly configure spring.jpa.open-in-view to disable this warning
2019-05-17 13:27:36 - LiveReload server is running on port 35729
2019-05-17 13:27:36 - Exposing 2 endpoint(s) beneath base path '/actuator'
2019-05-17 13:27:36 - Starting ProtocolHandler ["http-nio-8092"]
2019-05-17 13:27:36 - Tomcat started on port(s): 8092 (http) with context path ''
2019-05-17 13:27:37 - Started ProjectApplication in 21.742 seconds (JVM running for 41.808)
2019-05-17 13:29:07 - Neither @ContextConfiguration nor @ContextHierarchy found for test class [com.sample.project.ProjectApplicationTests], using SpringBootContextLoader
2019-05-17 13:29:07 - Could not detect default resource locations for test class [com.sample.project.ProjectApplicationTests]: no resource found for suffixes {-context.xml, Context.groovy}.
2019-05-17 13:29:07 - Could not detect default configuration classes for test class [com.sample.project.ProjectApplicationTests]: ProjectApplicationTests does not declare any static, non-private, non-final, nested classes annotated with @Configuration.
2019-05-17 13:29:07 - Found @SpringBootConfiguration com.sample.project.ProjectApplication for test class com.sample.project.ProjectApplicationTests
2019-05-17 13:29:08 - Loaded default TestExecutionListener class names from location [META-INF/spring.factories]: [org.springframework.boot.test.mock.mockito.MockitoTestExecutionListener, org.springframework.boot.test.mock.mockito.ResetMocksTestExecutionListener, org.springframework.boot.test.autoconfigure.restdocs.RestDocsTestExecutionListener, org.springframework.boot.test.autoconfigure.web.client.MockRestServiceServerResetTestExecutionListener, org.springframework.boot.test.autoconfigure.web.servlet.MockMvcPrintOnlyOnFailureTestExecutionListener, org.springframework.boot.test.autoconfigure.web.servlet.WebDriverTestExecutionListener, org.springframework.test.context.web.ServletTestExecutionListener, org.springframework.test.context.support.DirtiesContextBeforeModesTestExecutionListener, org.springframework.test.context.support.DependencyInjectionTestExecutionListener, org.springframework.test.context.support.DirtiesContextTestExecutionListener, org.springframework.test.context.transaction.TransactionalTestExecutionListener, org.springframework.test.context.jdbc.SqlScriptsTestExecutionListener]
2019-05-17 13:29:08 - Using TestExecutionListeners: [org.springframework.test.context.web.ServletTestExecutionListener@742ff096, org.springframework.test.context.support.DirtiesContextBeforeModesTestExecutionListener@75437611, org.springframework.boot.test.mock.mockito.MockitoTestExecutionListener@350aac89, org.springframework.boot.test.autoconfigure.SpringBootDependencyInjectionTestExecutionListener@1c5920df, org.springframework.test.context.support.DirtiesContextTestExecutionListener@17f9d882, org.springframework.test.context.transaction.TransactionalTestExecutionListener@79e4c792, org.springframework.test.context.jdbc.SqlScriptsTestExecutionListener@196a42c3, org.springframework.boot.test.mock.mockito.ResetMocksTestExecutionListener@4c60d6e9, org.springframework.boot.test.autoconfigure.restdocs.RestDocsTestExecutionListener@15043a2f, org.springframework.boot.test.autoconfigure.web.client.MockRestServiceServerResetTestExecutionListener@4a83a74a, org.springframework.boot.test.autoconfigure.web.servlet.MockMvcPrintOnlyOnFailureTestExecutionListener@1349883, org.springframework.boot.test.autoconfigure.web.servlet.WebDriverTestExecutionListener@4b29d1d2]
2019-05-17 13:29:09 - Starting ProjectApplicationTests on DESKTOP-765QC83 with PID 17660 (started by User in C:\Users\User\Desktop\project)
2019-05-17 13:29:09 - No active profile set, falling back to default profiles: default
2019-05-17 13:29:12 - Bootstrapping Spring Data repositories in DEFAULT mode.
2019-05-17 13:29:12 - Finished Spring Data repository scanning in 109ms. Found 1 repository interfaces.
2019-05-17 13:29:14 - Bean 'org.springframework.transaction.annotation.ProxyTransactionManagementConfiguration' of type [org.springframework.transaction.annotation.ProxyTransactionManagementConfiguration$$EnhancerBySpringCGLIB$$dd2c28d3] is not eligible for getting processed by all BeanPostProcessors (for example: not eligible for auto-proxying)
2019-05-17 13:29:14 - HikariPool-1 - Starting...
2019-05-17 13:29:15 - HikariPool-1 - Driver does not support get/set network timeout for connections. (This operation is not supported.)
2019-05-17 13:29:15 - HikariPool-1 - Start completed.
2019-05-17 13:29:15 - HHH000204: Processing PersistenceUnitInfo [
	name: default
	...]
2019-05-17 13:29:16 - HHH000412: Hibernate Core {5.3.7.Final}
2019-05-17 13:29:16 - HHH000206: hibernate.properties not found
2019-05-17 13:29:16 - HCANN000001: Hibernate Commons Annotations {5.0.4.Final}
2019-05-17 13:29:16 - HHH000400: Using dialect: org.hibernate.dialect.SQLServer2012Dialect
2019-05-17 13:29:17 - Initialized JPA EntityManagerFactory for persistence unit 'default'
2019-05-17 13:29:21 - Initializing ExecutorService 'applicationTaskExecutor'
2019-05-17 13:29:22 - spring.jpa.open-in-view is enabled by default. Therefore, database queries may be performed during view rendering. Explicitly configure spring.jpa.open-in-view to disable this warning
2019-05-17 13:29:25 - Exposing 2 endpoint(s) beneath base path '/actuator'
2019-05-17 13:29:25 - Started ProjectApplicationTests in 17.371 seconds (JVM running for 20.057)
2019-05-17 13:29:26 - Shutting down ExecutorService 'applicationTaskExecutor'
2019-05-17 13:29:26 - Closing JPA EntityManagerFactory for persistence unit 'default'
2019-05-17 13:29:26 - HikariPool-1 - Shutdown initiated...
2019-05-17 13:29:26 - HikariPool-1 - Shutdown completed.
