2019-09-10 08:22:15 - Starting ProjectApplication on DESKTOP-11J5U7N with PID 104332 (C:\Users\UPPERLINK\Desktop\PROJECTS\project\target\classes started by UPPERLINK in C:\Users\UPPERLINK\Desktop\PROJECTS\project)
2019-09-10 08:22:15 - No active profile set, falling back to default profiles: default
2019-09-10 08:22:15 - Devtools property defaults active! Set 'spring.devtools.add-properties' to 'false' to disable
2019-09-10 08:22:15 - For additional web related logging consider setting the 'logging.level.web' property to 'DEBUG'
2019-09-10 08:22:17 - Bootstrapping Spring Data repositories in DEFAULT mode.
2019-09-10 08:22:18 - Finished Spring Data repository scanning in 121ms. Found 1 repository interfaces.
2019-09-10 08:22:19 - Bean 'org.springframework.transaction.annotation.ProxyTransactionManagementConfiguration' of type [org.springframework.transaction.annotation.ProxyTransactionManagementConfiguration$$EnhancerBySpringCGLIB$$fc733404] is not eligible for getting processed by all BeanPostProcessors (for example: not eligible for auto-proxying)
2019-09-10 08:22:20 - Tomcat initialized with port(s): 8092 (http)
2019-09-10 08:22:20 - Initializing ProtocolHandler ["http-nio-8092"]
2019-09-10 08:22:20 - Starting service [Tomcat]
2019-09-10 08:22:20 - Starting Servlet engine: [Apache Tomcat/9.0.16]
2019-09-10 08:22:20 - The APR based Apache Tomcat Native library which allows optimal performance in production environments was not found on the java.library.path: [C:\Program Files\Java\jdk1.8.0_172\bin;C:\Windows\Sun\Java\bin;C:\Windows\system32;C:\Windows;C:\app\UPPERLINK\product\11.2.0\dbhome_1\bin;C:\Windows\system32;C:\Windows;C:\Windows\System32\Wbem;C:\Windows\System32\WindowsPowerShell\v1.0\;C:\Windows\System32\OpenSSH\;C:\Program Files\Java\jdk1.8.0_172\bin;C:\Program Files\Microsoft SQL Server\Client SDK\ODBC\110\Tools\Binn\;C:\Program Files (x86)\Microsoft SQL Server\120\Tools\Binn\;C:\Program Files\Microsoft SQL Server\120\Tools\Binn\;C:\Program Files\Microsoft SQL Server\120\DTS\Binn\;C:\Program Files (x86)\Microsoft SQL Server\120\Tools\Binn\ManagementStudio\;C:\Program Files (x86)\Microsoft SQL Server\120\DTS\Binn\;C:\Program Files\apache-maven-3.5.4\bin;C:\Program Files\Redis\;C:\Program Files\nodejs\;C:\Program Files\Zookeeper\zookeeper-3.4.10\bin;C:\Program Files\Git\cmd;C:\Users\UPPERLINK\AppData\Local\Microsoft\WindowsApps;;C:\Program Files (x86)\Microsoft VS Code\bin;C:\Users\UPPERLINK\AppData\Roaming\npm;.]
2019-09-10 08:22:20 - Initializing Spring embedded WebApplicationContext
2019-09-10 08:22:20 - Root WebApplicationContext: initialization completed in 4722 ms
2019-09-10 08:22:21 - HikariPool-1 - Starting...
2019-09-10 08:22:21 - HikariPool-1 - Driver does not support get/set network timeout for connections. (This operation is not supported.)
2019-09-10 08:22:21 - HikariPool-1 - Start completed.
2019-09-10 08:22:22 - HHH000204: Processing PersistenceUnitInfo [
	name: default
	...]
2019-09-10 08:22:22 - HHH000412: Hibernate Core {5.3.7.Final}
2019-09-10 08:22:22 - HHH000206: hibernate.properties not found
2019-09-10 08:22:22 - HCANN000001: Hibernate Commons Annotations {5.0.4.Final}
2019-09-10 08:22:22 - HHH000400: Using dialect: org.hibernate.dialect.SQLServer2012Dialect
2019-09-10 08:22:23 - Initialized JPA EntityManagerFactory for persistence unit 'default'
2019-09-10 08:22:24 - Initializing ExecutorService 'applicationTaskExecutor'
2019-09-10 08:22:24 - spring.jpa.open-in-view is enabled by default. Therefore, database queries may be performed during view rendering. Explicitly configure spring.jpa.open-in-view to disable this warning
2019-09-10 08:22:24 - LiveReload server is running on port 35729
2019-09-10 08:22:24 - Exposing 2 endpoint(s) beneath base path '/management'
2019-09-10 08:22:24 - Starting ProtocolHandler ["http-nio-8092"]
2019-09-10 08:22:24 - Tomcat started on port(s): 8092 (http) with context path ''
2019-09-10 08:22:24 - Started ProjectApplication in 9.82 seconds (JVM running for 13.396)
2019-09-10 08:22:39 - Initializing Spring DispatcherServlet 'dispatcherServlet'
2019-09-10 08:22:39 - Initializing Servlet 'dispatcherServlet'
2019-09-10 08:22:39 - Completed initialization in 12 ms
2019-09-10 08:22:39 - HHH000397: Using ASTQueryTranslatorFactory
2019-09-10 08:23:44 - Starting ProjectApplication on DESKTOP-11J5U7N with PID 120740 (C:\Users\UPPERLINK\Desktop\PROJECTS\project\target\classes started by UPPERLINK in C:\Users\UPPERLINK\Desktop\PROJECTS\project)
2019-09-10 08:23:44 - No active profile set, falling back to default profiles: default
2019-09-10 08:23:44 - Devtools property defaults active! Set 'spring.devtools.add-properties' to 'false' to disable
2019-09-10 08:23:44 - For additional web related logging consider setting the 'logging.level.web' property to 'DEBUG'
2019-09-10 08:23:46 - Bootstrapping Spring Data repositories in DEFAULT mode.
2019-09-10 08:23:46 - Finished Spring Data repository scanning in 108ms. Found 1 repository interfaces.
2019-09-10 08:23:47 - Bean 'org.springframework.transaction.annotation.ProxyTransactionManagementConfiguration' of type [org.springframework.transaction.annotation.ProxyTransactionManagementConfiguration$$EnhancerBySpringCGLIB$$ee61f1c4] is not eligible for getting processed by all BeanPostProcessors (for example: not eligible for auto-proxying)
2019-09-10 08:23:48 - Tomcat initialized with port(s): 8092 (http)
2019-09-10 08:23:48 - Initializing ProtocolHandler ["http-nio-8092"]
2019-09-10 08:23:48 - Starting service [Tomcat]
2019-09-10 08:23:48 - Starting Servlet engine: [Apache Tomcat/9.0.16]
2019-09-10 08:23:48 - The APR based Apache Tomcat Native library which allows optimal performance in production environments was not found on the java.library.path: [C:\Program Files\Java\jdk1.8.0_172\bin;C:\Windows\Sun\Java\bin;C:\Windows\system32;C:\Windows;C:\app\UPPERLINK\product\11.2.0\dbhome_1\bin;C:\Windows\system32;C:\Windows;C:\Windows\System32\Wbem;C:\Windows\System32\WindowsPowerShell\v1.0\;C:\Windows\System32\OpenSSH\;C:\Program Files\Java\jdk1.8.0_172\bin;C:\Program Files\Microsoft SQL Server\Client SDK\ODBC\110\Tools\Binn\;C:\Program Files (x86)\Microsoft SQL Server\120\Tools\Binn\;C:\Program Files\Microsoft SQL Server\120\Tools\Binn\;C:\Program Files\Microsoft SQL Server\120\DTS\Binn\;C:\Program Files (x86)\Microsoft SQL Server\120\Tools\Binn\ManagementStudio\;C:\Program Files (x86)\Microsoft SQL Server\120\DTS\Binn\;C:\Program Files\apache-maven-3.5.4\bin;C:\Program Files\Redis\;C:\Program Files\nodejs\;C:\Program Files\Zookeeper\zookeeper-3.4.10\bin;C:\Program Files\Git\cmd;C:\Users\UPPERLINK\AppData\Local\Microsoft\WindowsApps;;C:\Program Files (x86)\Microsoft VS Code\bin;C:\Users\UPPERLINK\AppData\Roaming\npm;.]
2019-09-10 08:23:49 - Initializing Spring embedded WebApplicationContext
2019-09-10 08:23:49 - Root WebApplicationContext: initialization completed in 4119 ms
2019-09-10 08:23:49 - HikariPool-1 - Starting...
2019-09-10 08:23:50 - HikariPool-1 - Driver does not support get/set network timeout for connections. (This operation is not supported.)
2019-09-10 08:23:50 - HikariPool-1 - Start completed.
2019-09-10 08:23:50 - HHH000204: Processing PersistenceUnitInfo [
	name: default
	...]
2019-09-10 08:23:50 - HHH000412: Hibernate Core {5.3.7.Final}
2019-09-10 08:23:50 - HHH000206: hibernate.properties not found
2019-09-10 08:23:50 - HCANN000001: Hibernate Commons Annotations {5.0.4.Final}
2019-09-10 08:23:51 - HHH000400: Using dialect: org.hibernate.dialect.SQLServer2012Dialect
2019-09-10 08:23:51 - Initialized JPA EntityManagerFactory for persistence unit 'default'
2019-09-10 08:23:52 - Initializing ExecutorService 'applicationTaskExecutor'
2019-09-10 08:23:52 - spring.jpa.open-in-view is enabled by default. Therefore, database queries may be performed during view rendering. Explicitly configure spring.jpa.open-in-view to disable this warning
2019-09-10 08:23:53 - LiveReload server is running on port 35729
2019-09-10 08:23:53 - Exposing 2 endpoint(s) beneath base path '/management'
2019-09-10 08:23:53 - Starting ProtocolHandler ["http-nio-8092"]
2019-09-10 08:23:53 - Tomcat started on port(s): 8092 (http) with context path ''
2019-09-10 08:23:53 - Started ProjectApplication in 9.626 seconds (JVM running for 12.365)
2019-09-10 08:23:58 - Initializing Spring DispatcherServlet 'dispatcherServlet'
2019-09-10 08:23:58 - Initializing Servlet 'dispatcherServlet'
2019-09-10 08:23:58 - Completed initialization in 11 ms
2019-09-10 08:23:58 - HHH000397: Using ASTQueryTranslatorFactory
2019-09-10 08:24:43 - Starting ProjectApplication on DESKTOP-11J5U7N with PID 119348 (C:\Users\UPPERLINK\Desktop\PROJECTS\project\target\classes started by UPPERLINK in C:\Users\UPPERLINK\Desktop\PROJECTS\project)
2019-09-10 08:24:43 - No active profile set, falling back to default profiles: default
2019-09-10 08:24:43 - Devtools property defaults active! Set 'spring.devtools.add-properties' to 'false' to disable
2019-09-10 08:24:43 - For additional web related logging consider setting the 'logging.level.web' property to 'DEBUG'
2019-09-10 08:24:44 - Bootstrapping Spring Data repositories in DEFAULT mode.
2019-09-10 08:24:44 - Finished Spring Data repository scanning in 78ms. Found 1 repository interfaces.
2019-09-10 08:24:45 - Bean 'org.springframework.transaction.annotation.ProxyTransactionManagementConfiguration' of type [org.springframework.transaction.annotation.ProxyTransactionManagementConfiguration$$EnhancerBySpringCGLIB$$a7b78b02] is not eligible for getting processed by all BeanPostProcessors (for example: not eligible for auto-proxying)
2019-09-10 08:24:45 - Tomcat initialized with port(s): 8092 (http)
2019-09-10 08:24:46 - Initializing ProtocolHandler ["http-nio-8092"]
2019-09-10 08:24:46 - Starting service [Tomcat]
2019-09-10 08:24:46 - Starting Servlet engine: [Apache Tomcat/9.0.16]
2019-09-10 08:24:46 - The APR based Apache Tomcat Native library which allows optimal performance in production environments was not found on the java.library.path: [C:\Program Files\Java\jdk1.8.0_172\bin;C:\Windows\Sun\Java\bin;C:\Windows\system32;C:\Windows;C:\app\UPPERLINK\product\11.2.0\dbhome_1\bin;C:\Windows\system32;C:\Windows;C:\Windows\System32\Wbem;C:\Windows\System32\WindowsPowerShell\v1.0\;C:\Windows\System32\OpenSSH\;C:\Program Files\Java\jdk1.8.0_172\bin;C:\Program Files\Microsoft SQL Server\Client SDK\ODBC\110\Tools\Binn\;C:\Program Files (x86)\Microsoft SQL Server\120\Tools\Binn\;C:\Program Files\Microsoft SQL Server\120\Tools\Binn\;C:\Program Files\Microsoft SQL Server\120\DTS\Binn\;C:\Program Files (x86)\Microsoft SQL Server\120\Tools\Binn\ManagementStudio\;C:\Program Files (x86)\Microsoft SQL Server\120\DTS\Binn\;C:\Program Files\apache-maven-3.5.4\bin;C:\Program Files\Redis\;C:\Program Files\nodejs\;C:\Program Files\Zookeeper\zookeeper-3.4.10\bin;C:\Program Files\Git\cmd;C:\Users\UPPERLINK\AppData\Local\Microsoft\WindowsApps;;C:\Program Files (x86)\Microsoft VS Code\bin;C:\Users\UPPERLINK\AppData\Roaming\npm;.]
2019-09-10 08:24:46 - Initializing Spring embedded WebApplicationContext
2019-09-10 08:24:46 - Root WebApplicationContext: initialization completed in 3120 ms
2019-09-10 08:24:47 - HikariPool-1 - Starting...
2019-09-10 08:24:47 - HikariPool-1 - Driver does not support get/set network timeout for connections. (This operation is not supported.)
2019-09-10 08:24:47 - HikariPool-1 - Start completed.
2019-09-10 08:24:47 - HHH000204: Processing PersistenceUnitInfo [
	name: default
	...]
2019-09-10 08:24:47 - HHH000412: Hibernate Core {5.3.7.Final}
2019-09-10 08:24:47 - HHH000206: hibernate.properties not found
2019-09-10 08:24:48 - HCANN000001: Hibernate Commons Annotations {5.0.4.Final}
2019-09-10 08:24:48 - HHH000400: Using dialect: org.hibernate.dialect.SQLServer2012Dialect
2019-09-10 08:24:49 - Initialized JPA EntityManagerFactory for persistence unit 'default'
2019-09-10 08:24:49 - Initializing ExecutorService 'applicationTaskExecutor'
2019-09-10 08:24:50 - spring.jpa.open-in-view is enabled by default. Therefore, database queries may be performed during view rendering. Explicitly configure spring.jpa.open-in-view to disable this warning
2019-09-10 08:24:50 - LiveReload server is running on port 35729
2019-09-10 08:24:50 - Exposing 2 endpoint(s) beneath base path '/management'
2019-09-10 08:24:50 - Starting ProtocolHandler ["http-nio-8092"]
2019-09-10 08:24:50 - Tomcat started on port(s): 8092 (http) with context path ''
2019-09-10 08:24:51 - Started ProjectApplication in 8.891 seconds (JVM running for 11.06)
