2019-06-25 14:19:21 - Starting ProjectApplication on DESKTOP-11J5U7N with PID 28280 (C:\Users\UPPERLINK\Desktop\PROJECTS\project\target\classes started by UPPERLINK in C:\Users\UPPERLINK\Desktop\PROJECTS\project)
2019-06-25 14:19:21 - No active profile set, falling back to default profiles: default
2019-06-25 14:19:29 - Bootstrapping Spring Data repositories in DEFAULT mode.
2019-06-25 14:19:29 - Finished Spring Data repository scanning in 371ms. Found 1 repository interfaces.
2019-06-25 14:19:32 - Bean 'org.springframework.transaction.annotation.ProxyTransactionManagementConfiguration' of type [org.springframework.transaction.annotation.ProxyTransactionManagementConfiguration$$EnhancerBySpringCGLIB$$94667be7] is not eligible for getting processed by all BeanPostProcessors (for example: not eligible for auto-proxying)
2019-06-25 14:19:35 - Tomcat initialized with port(s): 8092 (http)
2019-06-25 14:19:35 - Initializing ProtocolHandler ["http-nio-8092"]
2019-06-25 14:19:35 - Starting service [Tomcat]
2019-06-25 14:19:35 - Starting Servlet engine: [Apache Tomcat/9.0.16]
2019-06-25 14:19:35 - The APR based Apache Tomcat Native library which allows optimal performance in production environments was not found on the java.library.path: [C:\Program Files\Java\jdk1.8.0_172\bin;C:\Windows\Sun\Java\bin;C:\Windows\system32;C:\Windows;C:\app\UPPERLINK\product\11.2.0\dbhome_1\bin;C:\Windows\system32;C:\Windows;C:\Windows\System32\Wbem;C:\Windows\System32\WindowsPowerShell\v1.0\;C:\Windows\System32\OpenSSH\;C:\Program Files\Java\jdk1.8.0_172\bin;C:\Program Files\Microsoft SQL Server\Client SDK\ODBC\110\Tools\Binn\;C:\Program Files (x86)\Microsoft SQL Server\120\Tools\Binn\;C:\Program Files\Microsoft SQL Server\120\Tools\Binn\;C:\Program Files\Microsoft SQL Server\120\DTS\Binn\;C:\Program Files (x86)\Microsoft SQL Server\120\Tools\Binn\ManagementStudio\;C:\Program Files (x86)\Microsoft SQL Server\120\DTS\Binn\;C:\Program Files\apache-maven-3.5.4\bin;C:\Program Files\Redis\;C:\Program Files\nodejs\;C:\Program Files\Zookeeper\zookeeper-3.4.10\bin;C:\Program Files\Git\cmd;C:\Users\UPPERLINK\AppData\Local\Microsoft\WindowsApps;;C:\Program Files (x86)\Microsoft VS Code\bin;C:\Users\UPPERLINK\AppData\Roaming\npm;.]
2019-06-25 14:19:35 - Initializing Spring embedded WebApplicationContext
2019-06-25 14:19:35 - Root WebApplicationContext: initialization completed in 13310 ms
2019-06-25 14:19:37 - HikariPool-1 - Starting...
2019-06-25 14:19:37 - HikariPool-1 - Driver does not support get/set network timeout for connections. (This operation is not supported.)
2019-06-25 14:19:37 - HikariPool-1 - Start completed.
2019-06-25 14:19:38 - HHH000204: Processing PersistenceUnitInfo [
	name: default
	...]
2019-06-25 14:19:38 - HHH000412: Hibernate Core {5.3.7.Final}
2019-06-25 14:19:38 - HHH000206: hibernate.properties not found
2019-06-25 14:19:39 - HCANN000001: Hibernate Commons Annotations {5.0.4.Final}
2019-06-25 14:19:40 - HHH000400: Using dialect: org.hibernate.dialect.SQLServer2012Dialect
2019-06-25 14:19:44 - Initialized JPA EntityManagerFactory for persistence unit 'default'
2019-06-25 14:19:48 - Initializing ExecutorService 'applicationTaskExecutor'
2019-06-25 14:19:48 - spring.jpa.open-in-view is enabled by default. Therefore, database queries may be performed during view rendering. Explicitly configure spring.jpa.open-in-view to disable this warning
2019-06-25 14:19:49 - Exposing 2 endpoint(s) beneath base path '/actuator'
2019-06-25 14:19:50 - Starting ProtocolHandler ["http-nio-8092"]
2019-06-25 14:19:50 - Tomcat started on port(s): 8092 (http) with context path ''
2019-06-25 14:19:50 - Started ProjectApplication in 30.588 seconds (JVM running for 36.289)
2019-06-25 14:24:11 - Initializing Spring DispatcherServlet 'dispatcherServlet'
2019-06-25 14:24:11 - Initializing Servlet 'dispatcherServlet'
2019-06-25 14:24:11 - Completed initialization in 11 ms
2019-06-25 14:24:11 - HHH000397: Using ASTQueryTranslatorFactory
2019-06-25 14:39:01 - Starting ProjectApplication on DESKTOP-11J5U7N with PID 33720 (C:\Users\UPPERLINK\Desktop\PROJECTS\project\target\classes started by UPPERLINK in C:\Users\UPPERLINK\Desktop\PROJECTS\project)
2019-06-25 14:39:01 - No active profile set, falling back to default profiles: default
2019-06-25 14:39:03 - Bootstrapping Spring Data repositories in DEFAULT mode.
2019-06-25 14:39:03 - Finished Spring Data repository scanning in 103ms. Found 1 repository interfaces.
2019-06-25 14:39:04 - Bean 'org.springframework.transaction.annotation.ProxyTransactionManagementConfiguration' of type [org.springframework.transaction.annotation.ProxyTransactionManagementConfiguration$$EnhancerBySpringCGLIB$$2363729c] is not eligible for getting processed by all BeanPostProcessors (for example: not eligible for auto-proxying)
2019-06-25 14:39:04 - Tomcat initialized with port(s): 8092 (http)
2019-06-25 14:39:04 - Initializing ProtocolHandler ["http-nio-8092"]
2019-06-25 14:39:04 - Starting service [Tomcat]
2019-06-25 14:39:04 - Starting Servlet engine: [Apache Tomcat/9.0.16]
2019-06-25 14:39:04 - The APR based Apache Tomcat Native library which allows optimal performance in production environments was not found on the java.library.path: [C:\Program Files\Java\jdk1.8.0_172\bin;C:\Windows\Sun\Java\bin;C:\Windows\system32;C:\Windows;C:\app\UPPERLINK\product\11.2.0\dbhome_1\bin;C:\Windows\system32;C:\Windows;C:\Windows\System32\Wbem;C:\Windows\System32\WindowsPowerShell\v1.0\;C:\Windows\System32\OpenSSH\;C:\Program Files\Java\jdk1.8.0_172\bin;C:\Program Files\Microsoft SQL Server\Client SDK\ODBC\110\Tools\Binn\;C:\Program Files (x86)\Microsoft SQL Server\120\Tools\Binn\;C:\Program Files\Microsoft SQL Server\120\Tools\Binn\;C:\Program Files\Microsoft SQL Server\120\DTS\Binn\;C:\Program Files (x86)\Microsoft SQL Server\120\Tools\Binn\ManagementStudio\;C:\Program Files (x86)\Microsoft SQL Server\120\DTS\Binn\;C:\Program Files\apache-maven-3.5.4\bin;C:\Program Files\Redis\;C:\Program Files\nodejs\;C:\Program Files\Zookeeper\zookeeper-3.4.10\bin;C:\Program Files\Git\cmd;C:\Users\UPPERLINK\AppData\Local\Microsoft\WindowsApps;;C:\Program Files (x86)\Microsoft VS Code\bin;C:\Users\UPPERLINK\AppData\Roaming\npm;.]
2019-06-25 14:39:05 - Initializing Spring embedded WebApplicationContext
2019-06-25 14:39:05 - Root WebApplicationContext: initialization completed in 3253 ms
2019-06-25 14:39:06 - HikariPool-1 - Starting...
2019-06-25 14:39:06 - HikariPool-1 - Driver does not support get/set network timeout for connections. (This operation is not supported.)
2019-06-25 14:39:07 - HikariPool-1 - Start completed.
2019-06-25 14:39:07 - HHH000204: Processing PersistenceUnitInfo [
	name: default
	...]
2019-06-25 14:39:07 - HHH000412: Hibernate Core {5.3.7.Final}
2019-06-25 14:39:07 - HHH000206: hibernate.properties not found
2019-06-25 14:39:07 - HCANN000001: Hibernate Commons Annotations {5.0.4.Final}
2019-06-25 14:39:07 - HHH000400: Using dialect: org.hibernate.dialect.SQLServer2012Dialect
2019-06-25 14:39:08 - Initialized JPA EntityManagerFactory for persistence unit 'default'
2019-06-25 14:39:09 - Initializing ExecutorService 'applicationTaskExecutor'
2019-06-25 14:39:09 - spring.jpa.open-in-view is enabled by default. Therefore, database queries may be performed during view rendering. Explicitly configure spring.jpa.open-in-view to disable this warning
2019-06-25 14:39:09 - Exposing 2 endpoint(s) beneath base path '/actuator'
2019-06-25 14:39:10 - Starting ProtocolHandler ["http-nio-8092"]
2019-06-25 14:39:10 - Tomcat started on port(s): 8092 (http) with context path ''
2019-06-25 14:39:10 - Started ProjectApplication in 8.853 seconds (JVM running for 10.66)
2019-06-25 14:42:23 - Bean 'org.springframework.cloud.autoconfigure.ConfigurationPropertiesRebinderAutoConfiguration' of type [org.springframework.cloud.autoconfigure.ConfigurationPropertiesRebinderAutoConfiguration$$EnhancerBySpringCGLIB$$fda864ab] is not eligible for getting processed by all BeanPostProcessors (for example: not eligible for auto-proxying)
2019-06-25 14:42:24 - No active profile set, falling back to default profiles: default
2019-06-25 14:42:25 - Bootstrapping Spring Data repositories in DEFAULT mode.
2019-06-25 14:42:25 - Finished Spring Data repository scanning in 102ms. Found 1 repository interfaces.
2019-06-25 14:42:25 - Endpoint ID 'service-registry' contains invalid characters, please migrate to a valid format.
2019-06-25 14:42:26 - BeanFactory id=6ce9ef8b-c40b-36c3-9128-c7ad404e1c56
2019-06-25 14:42:26 - Bean 'org.springframework.transaction.annotation.ProxyTransactionManagementConfiguration' of type [org.springframework.transaction.annotation.ProxyTransactionManagementConfiguration$$EnhancerBySpringCGLIB$$e18e61ae] is not eligible for getting processed by all BeanPostProcessors (for example: not eligible for auto-proxying)
2019-06-25 14:42:26 - Bean 'org.springframework.cloud.autoconfigure.ConfigurationPropertiesRebinderAutoConfiguration' of type [org.springframework.cloud.autoconfigure.ConfigurationPropertiesRebinderAutoConfiguration$$EnhancerBySpringCGLIB$$fda864ab] is not eligible for getting processed by all BeanPostProcessors (for example: not eligible for auto-proxying)
2019-06-25 14:42:26 - Tomcat initialized with port(s): 8092 (http)
2019-06-25 14:42:26 - Initializing ProtocolHandler ["http-nio-8092"]
2019-06-25 14:42:26 - Starting service [Tomcat]
2019-06-25 14:42:26 - Starting Servlet engine: [Apache Tomcat/9.0.16]
2019-06-25 14:42:26 - The APR based Apache Tomcat Native library which allows optimal performance in production environments was not found on the java.library.path: [C:\Program Files\Java\jdk1.8.0_172\bin;C:\Windows\Sun\Java\bin;C:\Windows\system32;C:\Windows;C:\app\UPPERLINK\product\11.2.0\dbhome_1\bin;C:\Windows\system32;C:\Windows;C:\Windows\System32\Wbem;C:\Windows\System32\WindowsPowerShell\v1.0\;C:\Windows\System32\OpenSSH\;C:\Program Files\Java\jdk1.8.0_172\bin;C:\Program Files\Microsoft SQL Server\Client SDK\ODBC\110\Tools\Binn\;C:\Program Files (x86)\Microsoft SQL Server\120\Tools\Binn\;C:\Program Files\Microsoft SQL Server\120\Tools\Binn\;C:\Program Files\Microsoft SQL Server\120\DTS\Binn\;C:\Program Files (x86)\Microsoft SQL Server\120\Tools\Binn\ManagementStudio\;C:\Program Files (x86)\Microsoft SQL Server\120\DTS\Binn\;C:\Program Files\apache-maven-3.5.4\bin;C:\Program Files\Redis\;C:\Program Files\nodejs\;C:\Program Files\Zookeeper\zookeeper-3.4.10\bin;C:\Program Files\Git\cmd;C:\Users\UPPERLINK\AppData\Local\Microsoft\WindowsApps;;C:\Program Files (x86)\Microsoft VS Code\bin;C:\Users\UPPERLINK\AppData\Roaming\npm;.]
2019-06-25 14:42:26 - Initializing Spring embedded WebApplicationContext
2019-06-25 14:42:26 - Root WebApplicationContext: initialization completed in 2548 ms
2019-06-25 14:42:27 - No URLs will be polled as dynamic configuration sources.
2019-06-25 14:42:27 - To enable URLs as dynamic configuration sources, define System property archaius.configurationSource.additionalUrls or make config.properties available on classpath.
2019-06-25 14:42:27 - DynamicPropertyFactory is initialized with configuration sources: com.netflix.config.ConcurrentCompositeConfiguration@557a84fe
2019-06-25 14:42:28 - HikariPool-1 - Starting...
2019-06-25 14:42:28 - HikariPool-1 - Driver does not support get/set network timeout for connections. (This operation is not supported.)
2019-06-25 14:42:28 - HikariPool-1 - Start completed.
2019-06-25 14:42:28 - HHH000204: Processing PersistenceUnitInfo [
	name: default
	...]
2019-06-25 14:42:28 - HHH000412: Hibernate Core {5.3.7.Final}
2019-06-25 14:42:28 - HHH000206: hibernate.properties not found
2019-06-25 14:42:29 - HCANN000001: Hibernate Commons Annotations {5.0.4.Final}
2019-06-25 14:42:29 - HHH000400: Using dialect: org.hibernate.dialect.SQLServer2012Dialect
2019-06-25 14:42:29 - Initialized JPA EntityManagerFactory for persistence unit 'default'
2019-06-25 14:42:30 - No URLs will be polled as dynamic configuration sources.
2019-06-25 14:42:30 - To enable URLs as dynamic configuration sources, define System property archaius.configurationSource.additionalUrls or make config.properties available on classpath.
2019-06-25 14:42:31 - Initializing ExecutorService 'applicationTaskExecutor'
2019-06-25 14:42:31 - spring.jpa.open-in-view is enabled by default. Therefore, database queries may be performed during view rendering. Explicitly configure spring.jpa.open-in-view to disable this warning
2019-06-25 14:42:32 - Exposing 2 endpoint(s) beneath base path '/actuator'
2019-06-25 14:42:32 - Setting initial instance status as: STARTING
2019-06-25 14:42:32 - Initializing Eureka in region us-east-1
2019-06-25 14:42:32 - Using JSON encoding codec LegacyJacksonJson
2019-06-25 14:42:32 - Using JSON decoding codec LegacyJacksonJson
2019-06-25 14:42:32 - Using XML encoding codec XStreamXml
2019-06-25 14:42:32 - Using XML decoding codec XStreamXml
2019-06-25 14:42:33 - Resolving eureka endpoints via configuration
2019-06-25 14:42:33 - Disable delta property : false
2019-06-25 14:42:33 - Single vip registry refresh property : null
2019-06-25 14:42:33 - Force full registry fetch : false
2019-06-25 14:42:33 - Application is null : false
2019-06-25 14:42:33 - Registered Applications size is zero : true
2019-06-25 14:42:33 - Application version is -1: true
2019-06-25 14:42:33 - Getting all instance registry info from the eureka server
2019-06-25 14:42:34 - The response status is 200
2019-06-25 14:42:34 - Starting heartbeat executor: renew interval is: 30
2019-06-25 14:42:34 - InstanceInfoReplicator onDemand update allowed rate per min is 4
2019-06-25 14:42:34 - Discovery Client initialized at timestamp 1561470154655 with initial instances count: 0
2019-06-25 14:42:34 - Registering application PROJECT-SERVICE with eureka with status UP
2019-06-25 14:42:34 - Saw local status change event StatusChangeEvent [timestamp=1561470154661, current=UP, previous=STARTING]
2019-06-25 14:42:34 - DiscoveryClient_PROJECT-SERVICE/172.16.16.87:project-service:8092: registering service...
2019-06-25 14:42:34 - Starting ProtocolHandler ["http-nio-8092"]
2019-06-25 14:42:34 - Tomcat started on port(s): 8092 (http) with context path ''
2019-06-25 14:42:34 - Updating port to 8092
2019-06-25 14:42:34 - Started ProjectApplication in 13.602 seconds (JVM running for 15.476)
2019-06-25 14:42:34 - DiscoveryClient_PROJECT-SERVICE/172.16.16.87:project-service:8092 - registration status: 204
2019-06-25 14:43:04 - Disable delta property : false
2019-06-25 14:43:04 - Single vip registry refresh property : null
2019-06-25 14:43:04 - Force full registry fetch : false
2019-06-25 14:43:04 - Application is null : false
2019-06-25 14:43:04 - Registered Applications size is zero : true
2019-06-25 14:43:04 - Application version is -1: false
2019-06-25 14:43:04 - Getting all instance registry info from the eureka server
2019-06-25 14:43:04 - The response status is 200
2019-06-25 14:47:33 - Resolving eureka endpoints via configuration
2019-06-25 14:52:33 - Resolving eureka endpoints via configuration
2019-06-25 14:57:33 - Resolving eureka endpoints via configuration
2019-06-25 15:02:33 - Resolving eureka endpoints via configuration
2019-06-25 15:07:33 - Resolving eureka endpoints via configuration
2019-06-25 15:12:33 - Resolving eureka endpoints via configuration
2019-06-25 15:17:33 - Resolving eureka endpoints via configuration
2019-06-25 15:22:33 - Resolving eureka endpoints via configuration
2019-06-25 15:27:33 - Resolving eureka endpoints via configuration
2019-06-25 15:32:33 - Resolving eureka endpoints via configuration
2019-06-25 15:37:33 - Resolving eureka endpoints via configuration
2019-06-25 15:38:08 - Initializing Spring DispatcherServlet 'dispatcherServlet'
2019-06-25 15:38:08 - Initializing Servlet 'dispatcherServlet'
2019-06-25 15:38:08 - Completed initialization in 12 ms
2019-06-25 15:38:08 - HHH000397: Using ASTQueryTranslatorFactory
