2019-06-17 09:38:04 - Neither @ContextConfiguration nor @ContextHierarchy found for test class [com.sample.project.ProjectApplicationTests], using SpringBootContextLoader
2019-06-17 09:38:04 - Could not detect default resource locations for test class [com.sample.project.ProjectApplicationTests]: no resource found for suffixes {-context.xml, Context.groovy}.
2019-06-17 09:38:04 - Could not detect default configuration classes for test class [com.sample.project.ProjectApplicationTests]: ProjectApplicationTests does not declare any static, non-private, non-final, nested classes annotated with @Configuration.
2019-06-17 09:38:04 - Found @SpringBootConfiguration com.sample.project.ProjectApplication for test class com.sample.project.ProjectApplicationTests
2019-06-17 09:38:05 - Loaded default TestExecutionListener class names from location [META-INF/spring.factories]: [org.springframework.boot.test.mock.mockito.MockitoTestExecutionListener, org.springframework.boot.test.mock.mockito.ResetMocksTestExecutionListener, org.springframework.boot.test.autoconfigure.restdocs.RestDocsTestExecutionListener, org.springframework.boot.test.autoconfigure.web.client.MockRestServiceServerResetTestExecutionListener, org.springframework.boot.test.autoconfigure.web.servlet.MockMvcPrintOnlyOnFailureTestExecutionListener, org.springframework.boot.test.autoconfigure.web.servlet.WebDriverTestExecutionListener, org.springframework.test.context.web.ServletTestExecutionListener, org.springframework.test.context.support.DirtiesContextBeforeModesTestExecutionListener, org.springframework.test.context.support.DependencyInjectionTestExecutionListener, org.springframework.test.context.support.DirtiesContextTestExecutionListener, org.springframework.test.context.transaction.TransactionalTestExecutionListener, org.springframework.test.context.jdbc.SqlScriptsTestExecutionListener]
2019-06-17 09:38:05 - Using TestExecutionListeners: [org.springframework.test.context.web.ServletTestExecutionListener@272ed83b, org.springframework.test.context.support.DirtiesContextBeforeModesTestExecutionListener@41fecb8b, org.springframework.boot.test.mock.mockito.MockitoTestExecutionListener@120f102b, org.springframework.boot.test.autoconfigure.SpringBootDependencyInjectionTestExecutionListener@625732, org.springframework.test.context.support.DirtiesContextTestExecutionListener@51dcb805, org.springframework.test.context.transaction.TransactionalTestExecutionListener@66498326, org.springframework.test.context.jdbc.SqlScriptsTestExecutionListener@cad498c, org.springframework.boot.test.mock.mockito.ResetMocksTestExecutionListener@1e6454ec, org.springframework.boot.test.autoconfigure.restdocs.RestDocsTestExecutionListener@2accdbb5, org.springframework.boot.test.autoconfigure.web.client.MockRestServiceServerResetTestExecutionListener@b62d79, org.springframework.boot.test.autoconfigure.web.servlet.MockMvcPrintOnlyOnFailureTestExecutionListener@6631f5ca, org.springframework.boot.test.autoconfigure.web.servlet.WebDriverTestExecutionListener@5ace1ed4]
2019-06-17 09:38:06 - Starting ProjectApplicationTests on DESKTOP-11J5U7N with PID 210024 (started by UPPERLINK in C:\Users\UPPERLINK\Desktop\PROJECTS\project)
2019-06-17 09:38:06 - No active profile set, falling back to default profiles: default
2019-06-17 09:38:08 - Bootstrapping Spring Data repositories in DEFAULT mode.
2019-06-17 09:38:08 - Finished Spring Data repository scanning in 125ms. Found 1 repository interfaces.
2019-06-17 09:38:10 - Bean 'org.springframework.transaction.annotation.ProxyTransactionManagementConfiguration' of type [org.springframework.transaction.annotation.ProxyTransactionManagementConfiguration$$EnhancerBySpringCGLIB$$cc1be8da] is not eligible for getting processed by all BeanPostProcessors (for example: not eligible for auto-proxying)
2019-06-17 09:38:10 - HikariPool-1 - Starting...
2019-06-17 09:38:12 - HikariPool-1 - Driver does not support get/set network timeout for connections. (This operation is not supported.)
2019-06-17 09:38:12 - HikariPool-1 - Start completed.
2019-06-17 09:38:12 - HHH000204: Processing PersistenceUnitInfo [
	name: default
	...]
2019-06-17 09:38:13 - HHH000412: Hibernate Core {5.3.7.Final}
2019-06-17 09:38:13 - HHH000206: hibernate.properties not found
2019-06-17 09:38:14 - HCANN000001: Hibernate Commons Annotations {5.0.4.Final}
2019-06-17 09:38:15 - HHH000400: Using dialect: org.hibernate.dialect.SQLServer2012Dialect
2019-06-17 09:38:17 - Initialized JPA EntityManagerFactory for persistence unit 'default'
2019-06-17 09:38:21 - Initializing ExecutorService 'applicationTaskExecutor'
2019-06-17 09:38:22 - spring.jpa.open-in-view is enabled by default. Therefore, database queries may be performed during view rendering. Explicitly configure spring.jpa.open-in-view to disable this warning
2019-06-17 09:38:25 - Exposing 2 endpoint(s) beneath base path '/actuator'
2019-06-17 09:38:25 - Started ProjectApplicationTests in 20.448 seconds (JVM running for 22.768)
2019-06-17 09:38:27 - Shutting down ExecutorService 'applicationTaskExecutor'
2019-06-17 09:38:27 - Closing JPA EntityManagerFactory for persistence unit 'default'
2019-06-17 09:38:27 - HikariPool-1 - Shutdown initiated...
2019-06-17 09:38:27 - HikariPool-1 - Shutdown completed.
2019-06-17 09:47:38 - Neither @ContextConfiguration nor @ContextHierarchy found for test class [com.sample.project.ProjectApplicationTests], using SpringBootContextLoader
2019-06-17 09:47:38 - Could not detect default resource locations for test class [com.sample.project.ProjectApplicationTests]: no resource found for suffixes {-context.xml, Context.groovy}.
2019-06-17 09:47:38 - Could not detect default configuration classes for test class [com.sample.project.ProjectApplicationTests]: ProjectApplicationTests does not declare any static, non-private, non-final, nested classes annotated with @Configuration.
2019-06-17 09:47:38 - Found @SpringBootConfiguration com.sample.project.ProjectApplication for test class com.sample.project.ProjectApplicationTests
2019-06-17 09:47:39 - Loaded default TestExecutionListener class names from location [META-INF/spring.factories]: [org.springframework.boot.test.mock.mockito.MockitoTestExecutionListener, org.springframework.boot.test.mock.mockito.ResetMocksTestExecutionListener, org.springframework.boot.test.autoconfigure.restdocs.RestDocsTestExecutionListener, org.springframework.boot.test.autoconfigure.web.client.MockRestServiceServerResetTestExecutionListener, org.springframework.boot.test.autoconfigure.web.servlet.MockMvcPrintOnlyOnFailureTestExecutionListener, org.springframework.boot.test.autoconfigure.web.servlet.WebDriverTestExecutionListener, org.springframework.test.context.web.ServletTestExecutionListener, org.springframework.test.context.support.DirtiesContextBeforeModesTestExecutionListener, org.springframework.test.context.support.DependencyInjectionTestExecutionListener, org.springframework.test.context.support.DirtiesContextTestExecutionListener, org.springframework.test.context.transaction.TransactionalTestExecutionListener, org.springframework.test.context.jdbc.SqlScriptsTestExecutionListener]
2019-06-17 09:47:39 - Using TestExecutionListeners: [org.springframework.test.context.web.ServletTestExecutionListener@272ed83b, org.springframework.test.context.support.DirtiesContextBeforeModesTestExecutionListener@41fecb8b, org.springframework.boot.test.mock.mockito.MockitoTestExecutionListener@120f102b, org.springframework.boot.test.autoconfigure.SpringBootDependencyInjectionTestExecutionListener@625732, org.springframework.test.context.support.DirtiesContextTestExecutionListener@51dcb805, org.springframework.test.context.transaction.TransactionalTestExecutionListener@66498326, org.springframework.test.context.jdbc.SqlScriptsTestExecutionListener@cad498c, org.springframework.boot.test.mock.mockito.ResetMocksTestExecutionListener@1e6454ec, org.springframework.boot.test.autoconfigure.restdocs.RestDocsTestExecutionListener@2accdbb5, org.springframework.boot.test.autoconfigure.web.client.MockRestServiceServerResetTestExecutionListener@b62d79, org.springframework.boot.test.autoconfigure.web.servlet.MockMvcPrintOnlyOnFailureTestExecutionListener@6631f5ca, org.springframework.boot.test.autoconfigure.web.servlet.WebDriverTestExecutionListener@5ace1ed4]
2019-06-17 09:47:40 - Starting ProjectApplicationTests on DESKTOP-11J5U7N with PID 255932 (started by UPPERLINK in C:\Users\UPPERLINK\Desktop\PROJECTS\project)
2019-06-17 09:47:40 - No active profile set, falling back to default profiles: default
2019-06-17 09:47:42 - Bootstrapping Spring Data repositories in DEFAULT mode.
2019-06-17 09:47:42 - Finished Spring Data repository scanning in 97ms. Found 1 repository interfaces.
2019-06-17 09:47:44 - Bean 'org.springframework.transaction.annotation.ProxyTransactionManagementConfiguration' of type [org.springframework.transaction.annotation.ProxyTransactionManagementConfiguration$$EnhancerBySpringCGLIB$$c423f665] is not eligible for getting processed by all BeanPostProcessors (for example: not eligible for auto-proxying)
2019-06-17 09:47:44 - HikariPool-1 - Starting...
2019-06-17 09:47:46 - HikariPool-1 - Driver does not support get/set network timeout for connections. (This operation is not supported.)
2019-06-17 09:47:46 - HikariPool-1 - Start completed.
2019-06-17 09:47:46 - HHH000204: Processing PersistenceUnitInfo [
	name: default
	...]
2019-06-17 09:47:46 - HHH000412: Hibernate Core {5.3.7.Final}
2019-06-17 09:47:46 - HHH000206: hibernate.properties not found
2019-06-17 09:47:46 - HCANN000001: Hibernate Commons Annotations {5.0.4.Final}
2019-06-17 09:47:47 - HHH000400: Using dialect: org.hibernate.dialect.SQLServer2012Dialect
2019-06-17 09:47:48 - Initialized JPA EntityManagerFactory for persistence unit 'default'
2019-06-17 09:47:51 - Initializing ExecutorService 'applicationTaskExecutor'
2019-06-17 09:47:51 - spring.jpa.open-in-view is enabled by default. Therefore, database queries may be performed during view rendering. Explicitly configure spring.jpa.open-in-view to disable this warning
2019-06-17 09:47:54 - Exposing 2 endpoint(s) beneath base path '/actuator'
2019-06-17 09:47:54 - Started ProjectApplicationTests in 14.818 seconds (JVM running for 17.32)
2019-06-17 09:47:54 - Shutting down ExecutorService 'applicationTaskExecutor'
2019-06-17 09:47:54 - Closing JPA EntityManagerFactory for persistence unit 'default'
2019-06-17 09:47:54 - HikariPool-1 - Shutdown initiated...
2019-06-17 09:47:54 - HikariPool-1 - Shutdown completed.
2019-06-17 09:50:35 - Neither @ContextConfiguration nor @ContextHierarchy found for test class [com.sample.project.ProjectApplicationTests], using SpringBootContextLoader
2019-06-17 09:50:35 - Could not detect default resource locations for test class [com.sample.project.ProjectApplicationTests]: no resource found for suffixes {-context.xml, Context.groovy}.
2019-06-17 09:50:35 - Could not detect default configuration classes for test class [com.sample.project.ProjectApplicationTests]: ProjectApplicationTests does not declare any static, non-private, non-final, nested classes annotated with @Configuration.
2019-06-17 09:50:35 - Found @SpringBootConfiguration com.sample.project.ProjectApplication for test class com.sample.project.ProjectApplicationTests
2019-06-17 09:50:35 - Loaded default TestExecutionListener class names from location [META-INF/spring.factories]: [org.springframework.boot.test.mock.mockito.MockitoTestExecutionListener, org.springframework.boot.test.mock.mockito.ResetMocksTestExecutionListener, org.springframework.boot.test.autoconfigure.restdocs.RestDocsTestExecutionListener, org.springframework.boot.test.autoconfigure.web.client.MockRestServiceServerResetTestExecutionListener, org.springframework.boot.test.autoconfigure.web.servlet.MockMvcPrintOnlyOnFailureTestExecutionListener, org.springframework.boot.test.autoconfigure.web.servlet.WebDriverTestExecutionListener, org.springframework.test.context.web.ServletTestExecutionListener, org.springframework.test.context.support.DirtiesContextBeforeModesTestExecutionListener, org.springframework.test.context.support.DependencyInjectionTestExecutionListener, org.springframework.test.context.support.DirtiesContextTestExecutionListener, org.springframework.test.context.transaction.TransactionalTestExecutionListener, org.springframework.test.context.jdbc.SqlScriptsTestExecutionListener]
2019-06-17 09:50:35 - Using TestExecutionListeners: [org.springframework.test.context.web.ServletTestExecutionListener@272ed83b, org.springframework.test.context.support.DirtiesContextBeforeModesTestExecutionListener@41fecb8b, org.springframework.boot.test.mock.mockito.MockitoTestExecutionListener@120f102b, org.springframework.boot.test.autoconfigure.SpringBootDependencyInjectionTestExecutionListener@625732, org.springframework.test.context.support.DirtiesContextTestExecutionListener@51dcb805, org.springframework.test.context.transaction.TransactionalTestExecutionListener@66498326, org.springframework.test.context.jdbc.SqlScriptsTestExecutionListener@cad498c, org.springframework.boot.test.mock.mockito.ResetMocksTestExecutionListener@1e6454ec, org.springframework.boot.test.autoconfigure.restdocs.RestDocsTestExecutionListener@2accdbb5, org.springframework.boot.test.autoconfigure.web.client.MockRestServiceServerResetTestExecutionListener@b62d79, org.springframework.boot.test.autoconfigure.web.servlet.MockMvcPrintOnlyOnFailureTestExecutionListener@6631f5ca, org.springframework.boot.test.autoconfigure.web.servlet.WebDriverTestExecutionListener@5ace1ed4]
2019-06-17 09:50:36 - Starting ProjectApplicationTests on DESKTOP-11J5U7N with PID 257872 (started by UPPERLINK in C:\Users\UPPERLINK\Desktop\PROJECTS\project)
2019-06-17 09:50:36 - No active profile set, falling back to default profiles: default
2019-06-17 09:50:39 - Bootstrapping Spring Data repositories in DEFAULT mode.
2019-06-17 09:50:39 - Finished Spring Data repository scanning in 113ms. Found 1 repository interfaces.
2019-06-17 09:50:40 - Bean 'org.springframework.transaction.annotation.ProxyTransactionManagementConfiguration' of type [org.springframework.transaction.annotation.ProxyTransactionManagementConfiguration$$EnhancerBySpringCGLIB$$b5598efb] is not eligible for getting processed by all BeanPostProcessors (for example: not eligible for auto-proxying)
2019-06-17 09:50:41 - HikariPool-1 - Starting...
2019-06-17 09:50:42 - HikariPool-1 - Driver does not support get/set network timeout for connections. (This operation is not supported.)
2019-06-17 09:50:43 - HikariPool-1 - Start completed.
2019-06-17 09:50:43 - HHH000204: Processing PersistenceUnitInfo [
	name: default
	...]
2019-06-17 09:50:43 - HHH000412: Hibernate Core {5.3.7.Final}
2019-06-17 09:50:43 - HHH000206: hibernate.properties not found
2019-06-17 09:50:43 - HCANN000001: Hibernate Commons Annotations {5.0.4.Final}
2019-06-17 09:50:43 - HHH000400: Using dialect: org.hibernate.dialect.SQLServer2012Dialect
2019-06-17 09:50:45 - Initialized JPA EntityManagerFactory for persistence unit 'default'
2019-06-17 09:50:49 - Initializing ExecutorService 'applicationTaskExecutor'
2019-06-17 09:50:49 - spring.jpa.open-in-view is enabled by default. Therefore, database queries may be performed during view rendering. Explicitly configure spring.jpa.open-in-view to disable this warning
2019-06-17 09:50:52 - Exposing 2 endpoint(s) beneath base path '/actuator'
2019-06-17 09:50:52 - Started ProjectApplicationTests in 16.138 seconds (JVM running for 18.161)
2019-06-17 09:50:52 - Shutting down ExecutorService 'applicationTaskExecutor'
2019-06-17 09:50:52 - Closing JPA EntityManagerFactory for persistence unit 'default'
2019-06-17 09:50:52 - HikariPool-1 - Shutdown initiated...
2019-06-17 09:50:52 - HikariPool-1 - Shutdown completed.
2019-06-17 10:02:03 - Neither @ContextConfiguration nor @ContextHierarchy found for test class [com.sample.project.ProjectApplicationTests], using SpringBootContextLoader
2019-06-17 10:02:03 - Could not detect default resource locations for test class [com.sample.project.ProjectApplicationTests]: no resource found for suffixes {-context.xml, Context.groovy}.
2019-06-17 10:02:03 - Could not detect default configuration classes for test class [com.sample.project.ProjectApplicationTests]: ProjectApplicationTests does not declare any static, non-private, non-final, nested classes annotated with @Configuration.
2019-06-17 10:02:03 - Found @SpringBootConfiguration com.sample.project.ProjectApplication for test class com.sample.project.ProjectApplicationTests
2019-06-17 10:02:03 - Loaded default TestExecutionListener class names from location [META-INF/spring.factories]: [org.springframework.boot.test.mock.mockito.MockitoTestExecutionListener, org.springframework.boot.test.mock.mockito.ResetMocksTestExecutionListener, org.springframework.boot.test.autoconfigure.restdocs.RestDocsTestExecutionListener, org.springframework.boot.test.autoconfigure.web.client.MockRestServiceServerResetTestExecutionListener, org.springframework.boot.test.autoconfigure.web.servlet.MockMvcPrintOnlyOnFailureTestExecutionListener, org.springframework.boot.test.autoconfigure.web.servlet.WebDriverTestExecutionListener, org.springframework.test.context.web.ServletTestExecutionListener, org.springframework.test.context.support.DirtiesContextBeforeModesTestExecutionListener, org.springframework.test.context.support.DependencyInjectionTestExecutionListener, org.springframework.test.context.support.DirtiesContextTestExecutionListener, org.springframework.test.context.transaction.TransactionalTestExecutionListener, org.springframework.test.context.jdbc.SqlScriptsTestExecutionListener]
2019-06-17 10:02:03 - Using TestExecutionListeners: [org.springframework.test.context.web.ServletTestExecutionListener@272ed83b, org.springframework.test.context.support.DirtiesContextBeforeModesTestExecutionListener@41fecb8b, org.springframework.boot.test.mock.mockito.MockitoTestExecutionListener@120f102b, org.springframework.boot.test.autoconfigure.SpringBootDependencyInjectionTestExecutionListener@625732, org.springframework.test.context.support.DirtiesContextTestExecutionListener@51dcb805, org.springframework.test.context.transaction.TransactionalTestExecutionListener@66498326, org.springframework.test.context.jdbc.SqlScriptsTestExecutionListener@cad498c, org.springframework.boot.test.mock.mockito.ResetMocksTestExecutionListener@1e6454ec, org.springframework.boot.test.autoconfigure.restdocs.RestDocsTestExecutionListener@2accdbb5, org.springframework.boot.test.autoconfigure.web.client.MockRestServiceServerResetTestExecutionListener@b62d79, org.springframework.boot.test.autoconfigure.web.servlet.MockMvcPrintOnlyOnFailureTestExecutionListener@6631f5ca, org.springframework.boot.test.autoconfigure.web.servlet.WebDriverTestExecutionListener@5ace1ed4]
2019-06-17 10:02:04 - Starting ProjectApplicationTests on DESKTOP-11J5U7N with PID 259624 (started by UPPERLINK in C:\Users\UPPERLINK\Desktop\PROJECTS\project)
2019-06-17 10:02:04 - No active profile set, falling back to default profiles: default
2019-06-17 10:02:07 - Bootstrapping Spring Data repositories in DEFAULT mode.
2019-06-17 10:02:07 - Finished Spring Data repository scanning in 156ms. Found 1 repository interfaces.
2019-06-17 10:02:08 - Bean 'org.springframework.transaction.annotation.ProxyTransactionManagementConfiguration' of type [org.springframework.transaction.annotation.ProxyTransactionManagementConfiguration$$EnhancerBySpringCGLIB$$6e772ed] is not eligible for getting processed by all BeanPostProcessors (for example: not eligible for auto-proxying)
2019-06-17 10:02:08 - HikariPool-1 - Starting...
2019-06-17 10:02:10 - HikariPool-1 - Driver does not support get/set network timeout for connections. (This operation is not supported.)
2019-06-17 10:02:10 - HikariPool-1 - Start completed.
2019-06-17 10:02:10 - HHH000204: Processing PersistenceUnitInfo [
	name: default
	...]
2019-06-17 10:02:10 - HHH000412: Hibernate Core {5.3.7.Final}
2019-06-17 10:02:10 - HHH000206: hibernate.properties not found
2019-06-17 10:02:11 - HCANN000001: Hibernate Commons Annotations {5.0.4.Final}
2019-06-17 10:02:11 - HHH000400: Using dialect: org.hibernate.dialect.SQLServer2012Dialect
2019-06-17 10:02:12 - Initialized JPA EntityManagerFactory for persistence unit 'default'
2019-06-17 10:02:15 - Initializing ExecutorService 'applicationTaskExecutor'
2019-06-17 10:02:15 - spring.jpa.open-in-view is enabled by default. Therefore, database queries may be performed during view rendering. Explicitly configure spring.jpa.open-in-view to disable this warning
2019-06-17 10:02:20 - Exposing 2 endpoint(s) beneath base path '/actuator'
2019-06-17 10:02:20 - Started ProjectApplicationTests in 17.145 seconds (JVM running for 19.604)
2019-06-17 10:02:21 - Shutting down ExecutorService 'applicationTaskExecutor'
2019-06-17 10:02:21 - Closing JPA EntityManagerFactory for persistence unit 'default'
2019-06-17 10:02:21 - HikariPool-1 - Shutdown initiated...
2019-06-17 10:02:21 - HikariPool-1 - Shutdown completed.
2019-06-17 15:48:44 - Neither @ContextConfiguration nor @ContextHierarchy found for test class [com.sample.project.ProjectApplicationTests], using SpringBootContextLoader
2019-06-17 15:48:44 - Could not detect default resource locations for test class [com.sample.project.ProjectApplicationTests]: no resource found for suffixes {-context.xml, Context.groovy}.
2019-06-17 15:48:44 - Could not detect default configuration classes for test class [com.sample.project.ProjectApplicationTests]: ProjectApplicationTests does not declare any static, non-private, non-final, nested classes annotated with @Configuration.
2019-06-17 15:48:44 - Found @SpringBootConfiguration com.sample.project.ProjectApplication for test class com.sample.project.ProjectApplicationTests
2019-06-17 15:48:44 - Loaded default TestExecutionListener class names from location [META-INF/spring.factories]: [org.springframework.boot.test.mock.mockito.MockitoTestExecutionListener, org.springframework.boot.test.mock.mockito.ResetMocksTestExecutionListener, org.springframework.boot.test.autoconfigure.restdocs.RestDocsTestExecutionListener, org.springframework.boot.test.autoconfigure.web.client.MockRestServiceServerResetTestExecutionListener, org.springframework.boot.test.autoconfigure.web.servlet.MockMvcPrintOnlyOnFailureTestExecutionListener, org.springframework.boot.test.autoconfigure.web.servlet.WebDriverTestExecutionListener, org.springframework.test.context.web.ServletTestExecutionListener, org.springframework.test.context.support.DirtiesContextBeforeModesTestExecutionListener, org.springframework.test.context.support.DependencyInjectionTestExecutionListener, org.springframework.test.context.support.DirtiesContextTestExecutionListener, org.springframework.test.context.transaction.TransactionalTestExecutionListener, org.springframework.test.context.jdbc.SqlScriptsTestExecutionListener]
2019-06-17 15:48:44 - Using TestExecutionListeners: [org.springframework.test.context.web.ServletTestExecutionListener@272ed83b, org.springframework.test.context.support.DirtiesContextBeforeModesTestExecutionListener@41fecb8b, org.springframework.boot.test.mock.mockito.MockitoTestExecutionListener@120f102b, org.springframework.boot.test.autoconfigure.SpringBootDependencyInjectionTestExecutionListener@625732, org.springframework.test.context.support.DirtiesContextTestExecutionListener@51dcb805, org.springframework.test.context.transaction.TransactionalTestExecutionListener@66498326, org.springframework.test.context.jdbc.SqlScriptsTestExecutionListener@cad498c, org.springframework.boot.test.mock.mockito.ResetMocksTestExecutionListener@1e6454ec, org.springframework.boot.test.autoconfigure.restdocs.RestDocsTestExecutionListener@2accdbb5, org.springframework.boot.test.autoconfigure.web.client.MockRestServiceServerResetTestExecutionListener@b62d79, org.springframework.boot.test.autoconfigure.web.servlet.MockMvcPrintOnlyOnFailureTestExecutionListener@6631f5ca, org.springframework.boot.test.autoconfigure.web.servlet.WebDriverTestExecutionListener@5ace1ed4]
2019-06-17 15:48:45 - Starting ProjectApplicationTests on DESKTOP-11J5U7N with PID 262780 (started by UPPERLINK in C:\Users\UPPERLINK\Desktop\PROJECTS\project)
2019-06-17 15:48:45 - No active profile set, falling back to default profiles: default
2019-06-17 15:48:48 - Bootstrapping Spring Data repositories in DEFAULT mode.
2019-06-17 15:48:48 - Finished Spring Data repository scanning in 149ms. Found 1 repository interfaces.
2019-06-17 15:48:49 - Bean 'org.springframework.transaction.annotation.ProxyTransactionManagementConfiguration' of type [org.springframework.transaction.annotation.ProxyTransactionManagementConfiguration$$EnhancerBySpringCGLIB$$c357c0ef] is not eligible for getting processed by all BeanPostProcessors (for example: not eligible for auto-proxying)
2019-06-17 15:48:50 - HikariPool-1 - Starting...
2019-06-17 15:48:51 - HikariPool-1 - Driver does not support get/set network timeout for connections. (This operation is not supported.)
2019-06-17 15:48:52 - HikariPool-1 - Start completed.
2019-06-17 15:48:52 - HHH000204: Processing PersistenceUnitInfo [
	name: default
	...]
2019-06-17 15:48:52 - HHH000412: Hibernate Core {5.3.7.Final}
2019-06-17 15:48:52 - HHH000206: hibernate.properties not found
2019-06-17 15:48:52 - HCANN000001: Hibernate Commons Annotations {5.0.4.Final}
2019-06-17 15:48:53 - HHH000400: Using dialect: org.hibernate.dialect.SQLServer2012Dialect
2019-06-17 15:49:06 - Initialized JPA EntityManagerFactory for persistence unit 'default'
2019-06-17 15:49:22 - Initializing ExecutorService 'applicationTaskExecutor'
2019-06-17 15:49:23 - spring.jpa.open-in-view is enabled by default. Therefore, database queries may be performed during view rendering. Explicitly configure spring.jpa.open-in-view to disable this warning
2019-06-17 15:49:29 - Exposing 2 endpoint(s) beneath base path '/actuator'
2019-06-17 15:49:29 - Started ProjectApplicationTests in 44.719 seconds (JVM running for 47.221)
2019-06-17 15:49:30 - Shutting down ExecutorService 'applicationTaskExecutor'
2019-06-17 15:49:30 - Closing JPA EntityManagerFactory for persistence unit 'default'
2019-06-17 15:49:30 - HikariPool-1 - Shutdown initiated...
2019-06-17 15:49:30 - HikariPool-1 - Shutdown completed.
2019-06-17 15:53:28 - Neither @ContextConfiguration nor @ContextHierarchy found for test class [com.sample.project.ProjectApplicationTests], using SpringBootContextLoader
2019-06-17 15:53:28 - Could not detect default resource locations for test class [com.sample.project.ProjectApplicationTests]: no resource found for suffixes {-context.xml, Context.groovy}.
2019-06-17 15:53:28 - Could not detect default configuration classes for test class [com.sample.project.ProjectApplicationTests]: ProjectApplicationTests does not declare any static, non-private, non-final, nested classes annotated with @Configuration.
2019-06-17 15:53:28 - Found @SpringBootConfiguration com.sample.project.ProjectApplication for test class com.sample.project.ProjectApplicationTests
2019-06-17 15:53:29 - Loaded default TestExecutionListener class names from location [META-INF/spring.factories]: [org.springframework.boot.test.mock.mockito.MockitoTestExecutionListener, org.springframework.boot.test.mock.mockito.ResetMocksTestExecutionListener, org.springframework.boot.test.autoconfigure.restdocs.RestDocsTestExecutionListener, org.springframework.boot.test.autoconfigure.web.client.MockRestServiceServerResetTestExecutionListener, org.springframework.boot.test.autoconfigure.web.servlet.MockMvcPrintOnlyOnFailureTestExecutionListener, org.springframework.boot.test.autoconfigure.web.servlet.WebDriverTestExecutionListener, org.springframework.test.context.web.ServletTestExecutionListener, org.springframework.test.context.support.DirtiesContextBeforeModesTestExecutionListener, org.springframework.test.context.support.DependencyInjectionTestExecutionListener, org.springframework.test.context.support.DirtiesContextTestExecutionListener, org.springframework.test.context.transaction.TransactionalTestExecutionListener, org.springframework.test.context.jdbc.SqlScriptsTestExecutionListener]
2019-06-17 15:53:29 - Using TestExecutionListeners: [org.springframework.test.context.web.ServletTestExecutionListener@272ed83b, org.springframework.test.context.support.DirtiesContextBeforeModesTestExecutionListener@41fecb8b, org.springframework.boot.test.mock.mockito.MockitoTestExecutionListener@120f102b, org.springframework.boot.test.autoconfigure.SpringBootDependencyInjectionTestExecutionListener@625732, org.springframework.test.context.support.DirtiesContextTestExecutionListener@51dcb805, org.springframework.test.context.transaction.TransactionalTestExecutionListener@66498326, org.springframework.test.context.jdbc.SqlScriptsTestExecutionListener@cad498c, org.springframework.boot.test.mock.mockito.ResetMocksTestExecutionListener@1e6454ec, org.springframework.boot.test.autoconfigure.restdocs.RestDocsTestExecutionListener@2accdbb5, org.springframework.boot.test.autoconfigure.web.client.MockRestServiceServerResetTestExecutionListener@b62d79, org.springframework.boot.test.autoconfigure.web.servlet.MockMvcPrintOnlyOnFailureTestExecutionListener@6631f5ca, org.springframework.boot.test.autoconfigure.web.servlet.WebDriverTestExecutionListener@5ace1ed4]
2019-06-17 15:53:30 - Starting ProjectApplicationTests on DESKTOP-11J5U7N with PID 274600 (started by UPPERLINK in C:\Users\UPPERLINK\Desktop\PROJECTS\project)
2019-06-17 15:53:30 - No active profile set, falling back to default profiles: default
2019-06-17 15:53:32 - Bootstrapping Spring Data repositories in DEFAULT mode.
2019-06-17 15:53:32 - Finished Spring Data repository scanning in 125ms. Found 1 repository interfaces.
2019-06-17 15:53:34 - Bean 'org.springframework.transaction.annotation.ProxyTransactionManagementConfiguration' of type [org.springframework.transaction.annotation.ProxyTransactionManagementConfiguration$$EnhancerBySpringCGLIB$$aef51d94] is not eligible for getting processed by all BeanPostProcessors (for example: not eligible for auto-proxying)
2019-06-17 15:53:34 - HikariPool-1 - Starting...
2019-06-17 15:53:36 - HikariPool-1 - Driver does not support get/set network timeout for connections. (This operation is not supported.)
2019-06-17 15:53:36 - HikariPool-1 - Start completed.
2019-06-17 15:53:36 - HHH000204: Processing PersistenceUnitInfo [
	name: default
	...]
2019-06-17 15:53:36 - HHH000412: Hibernate Core {5.3.7.Final}
2019-06-17 15:53:36 - HHH000206: hibernate.properties not found
2019-06-17 15:53:36 - HCANN000001: Hibernate Commons Annotations {5.0.4.Final}
2019-06-17 15:53:37 - HHH000400: Using dialect: org.hibernate.dialect.SQLServer2012Dialect
2019-06-17 15:53:39 - Initialized JPA EntityManagerFactory for persistence unit 'default'
2019-06-17 15:53:43 - Initializing ExecutorService 'applicationTaskExecutor'
2019-06-17 15:53:43 - spring.jpa.open-in-view is enabled by default. Therefore, database queries may be performed during view rendering. Explicitly configure spring.jpa.open-in-view to disable this warning
2019-06-17 15:53:47 - Exposing 2 endpoint(s) beneath base path '/actuator'
2019-06-17 15:53:47 - Started ProjectApplicationTests in 18.13 seconds (JVM running for 20.841)
2019-06-17 15:53:47 - Shutting down ExecutorService 'applicationTaskExecutor'
2019-06-17 15:53:47 - Closing JPA EntityManagerFactory for persistence unit 'default'
2019-06-17 15:53:47 - HikariPool-1 - Shutdown initiated...
2019-06-17 15:53:47 - HikariPool-1 - Shutdown completed.
