2019-09-16 15:18:53 - Starting ProjectApplication on Davyjones with PID 4640 (started by USER in C:\Users\USER\IdeaProjects\SAMPLE APPLICATIONS\project)
2019-09-16 15:18:53 - No active profile set, falling back to default profiles: default
2019-09-16 15:18:54 - Devtools property defaults active! Set 'spring.devtools.add-properties' to 'false' to disable
2019-09-16 15:18:54 - For additional web related logging consider setting the 'logging.level.web' property to 'DEBUG'
2019-09-16 15:19:01 - Bootstrapping Spring Data repositories in DEFAULT mode.
2019-09-16 15:19:01 - Finished Spring Data repository scanning in 161ms. Found 1 repository interfaces.
2019-09-16 15:19:03 - Bean 'org.springframework.transaction.annotation.ProxyTransactionManagementConfiguration' of type [org.springframework.transaction.annotation.ProxyTransactionManagementConfiguration$$EnhancerBySpringCGLIB$$114f7a89] is not eligible for getting processed by all BeanPostProcessors (for example: not eligible for auto-proxying)
2019-09-16 15:19:07 - Tomcat initialized with port(s): 8092 (http)
2019-09-16 15:19:07 - Initializing ProtocolHandler ["http-nio-8092"]
2019-09-16 15:19:07 - Starting service [Tomcat]
2019-09-16 15:19:07 - Starting Servlet engine: [Apache Tomcat/9.0.16]
2019-09-16 15:19:07 - The APR based Apache Tomcat Native library which allows optimal performance in production environments was not found on the java.library.path: [C:\Program Files\Java\jdk1.8.0_171\bin;C:\WINDOWS\Sun\Java\bin;C:\WINDOWS\system32;C:\WINDOWS;C:\Program Files (x86)\Common Files\Oracle\Java\javapath;C:\WINDOWS\system32;C:\WINDOWS;C:\WINDOWS\System32\Wbem;C:\WINDOWS\System32\WindowsPowerShell\v1.0\;C:\Program Files\Microsoft SQL Server\Client SDK\ODBC\110\Tools\Binn\;C:\Program Files (x86)\Microsoft SQL Server\120\Tools\Binn\;C:\Program Files\Microsoft SQL Server\120\Tools\Binn\;C:\Program Files\Microsoft SQL Server\120\DTS\Binn\;C:\Program Files (x86)\Microsoft SQL Server\120\Tools\Binn\ManagementStudio\;C:\Program Files (x86)\Microsoft SQL Server\120\DTS\Binn\;C:\Program Files\Git\cmd;C:\Program Files\nodejs\;C:\HashiCorp\Vagrant\bin;C:\Program Files\Java\jdk1.8.0_171\bin;C:\Program Files\Java\apache-maven-3.5.0\bin;;C:\WINDOWS\System32\OpenSSH\;C:\Users\USER\AppData\Roaming\npm;C:\Users\USER\AppData\Local\Microsoft\WindowsApps;;C:\Program Files\Microsoft VS Code\bin;.]
2019-09-16 15:19:07 - Initializing Spring embedded WebApplicationContext
2019-09-16 15:19:07 - Root WebApplicationContext: initialization completed in 13189 ms
2019-09-16 15:19:09 - HikariPool-1 - Starting...
2019-09-16 15:19:10 - HikariPool-1 - Driver does not support get/set network timeout for connections. (This operation is not supported.)
2019-09-16 15:19:10 - HikariPool-1 - Start completed.
2019-09-16 15:19:11 - HHH000204: Processing PersistenceUnitInfo [
	name: default
	...]
2019-09-16 15:19:12 - HHH000412: Hibernate Core {5.3.7.Final}
2019-09-16 15:19:12 - HHH000206: hibernate.properties not found
2019-09-16 15:19:12 - HCANN000001: Hibernate Commons Annotations {5.0.4.Final}
2019-09-16 15:19:13 - HHH000400: Using dialect: org.hibernate.dialect.SQLServer2012Dialect
2019-09-16 15:19:21 - Initialized JPA EntityManagerFactory for persistence unit 'default'
2019-09-16 15:19:23 - Initializing ExecutorService 'applicationTaskExecutor'
2019-09-16 15:19:23 - spring.jpa.open-in-view is enabled by default. Therefore, database queries may be performed during view rendering. Explicitly configure spring.jpa.open-in-view to disable this warning
2019-09-16 15:19:24 - LiveReload server is running on port 35729
2019-09-16 15:19:24 - Exposing 2 endpoint(s) beneath base path '/management'
2019-09-16 15:19:24 - Starting ProtocolHandler ["http-nio-8092"]
2019-09-16 15:19:25 - Tomcat started on port(s): 8092 (http) with context path ''
2019-09-16 15:19:25 - Started ProjectApplication in 33.096 seconds (JVM running for 42.936)
