2019-06-13 10:45:34 - Neither @ContextConfiguration nor @ContextHierarchy found for test class [com.sample.project.ProjectApplicationTests], using SpringBootContextLoader
2019-06-13 10:45:34 - Could not detect default resource locations for test class [com.sample.project.ProjectApplicationTests]: no resource found for suffixes {-context.xml, Context.groovy}.
2019-06-13 10:45:34 - Could not detect default configuration classes for test class [com.sample.project.ProjectApplicationTests]: ProjectApplicationTests does not declare any static, non-private, non-final, nested classes annotated with @Configuration.
2019-06-13 10:45:34 - Found @SpringBootConfiguration com.sample.project.ProjectApplication for test class com.sample.project.ProjectApplicationTests
2019-06-13 10:45:34 - Loaded default TestExecutionListener class names from location [META-INF/spring.factories]: [org.springframework.boot.test.mock.mockito.MockitoTestExecutionListener, org.springframework.boot.test.mock.mockito.ResetMocksTestExecutionListener, org.springframework.boot.test.autoconfigure.restdocs.RestDocsTestExecutionListener, org.springframework.boot.test.autoconfigure.web.client.MockRestServiceServerResetTestExecutionListener, org.springframework.boot.test.autoconfigure.web.servlet.MockMvcPrintOnlyOnFailureTestExecutionListener, org.springframework.boot.test.autoconfigure.web.servlet.WebDriverTestExecutionListener, org.springframework.test.context.web.ServletTestExecutionListener, org.springframework.test.context.support.DirtiesContextBeforeModesTestExecutionListener, org.springframework.test.context.support.DependencyInjectionTestExecutionListener, org.springframework.test.context.support.DirtiesContextTestExecutionListener, org.springframework.test.context.transaction.TransactionalTestExecutionListener, org.springframework.test.context.jdbc.SqlScriptsTestExecutionListener]
2019-06-13 10:45:34 - Using TestExecutionListeners: [org.springframework.test.context.web.ServletTestExecutionListener@66498326, org.springframework.test.context.support.DirtiesContextBeforeModesTestExecutionListener@cad498c, org.springframework.boot.test.mock.mockito.MockitoTestExecutionListener@1e6454ec, org.springframework.boot.test.autoconfigure.SpringBootDependencyInjectionTestExecutionListener@2accdbb5, org.springframework.test.context.support.DirtiesContextTestExecutionListener@b62d79, org.springframework.test.context.transaction.TransactionalTestExecutionListener@6631f5ca, org.springframework.test.context.jdbc.SqlScriptsTestExecutionListener@5ace1ed4, org.springframework.boot.test.mock.mockito.ResetMocksTestExecutionListener@1613674b, org.springframework.boot.test.autoconfigure.restdocs.RestDocsTestExecutionListener@27ff5d15, org.springframework.boot.test.autoconfigure.web.client.MockRestServiceServerResetTestExecutionListener@4e096385, org.springframework.boot.test.autoconfigure.web.servlet.MockMvcPrintOnlyOnFailureTestExecutionListener@649bec2e, org.springframework.boot.test.autoconfigure.web.servlet.WebDriverTestExecutionListener@693fe6c9]
2019-06-13 10:45:36 - Starting ProjectApplicationTests on DESKTOP-11J5U7N with PID 202820 (started by UPPERLINK in C:\Users\UPPERLINK\Desktop\project)
2019-06-13 10:45:36 - No active profile set, falling back to default profiles: default
2019-06-13 10:45:40 - Bootstrapping Spring Data repositories in DEFAULT mode.
2019-06-13 10:45:41 - Finished Spring Data repository scanning in 284ms. Found 1 repository interfaces.
2019-06-13 10:45:42 - Bean 'org.springframework.transaction.annotation.ProxyTransactionManagementConfiguration' of type [org.springframework.transaction.annotation.ProxyTransactionManagementConfiguration$$EnhancerBySpringCGLIB$$fd72a246] is not eligible for getting processed by all BeanPostProcessors (for example: not eligible for auto-proxying)
2019-06-13 10:45:44 - HikariPool-1 - Starting...
2019-06-13 10:45:46 - HikariPool-1 - Driver does not support get/set network timeout for connections. (This operation is not supported.)
2019-06-13 10:45:46 - HikariPool-1 - Start completed.
2019-06-13 10:45:47 - HHH000204: Processing PersistenceUnitInfo [
	name: default
	...]
2019-06-13 10:45:47 - HHH000412: Hibernate Core {5.3.7.Final}
2019-06-13 10:45:47 - HHH000206: hibernate.properties not found
2019-06-13 10:45:48 - HCANN000001: Hibernate Commons Annotations {5.0.4.Final}
2019-06-13 10:45:49 - HHH000400: Using dialect: org.hibernate.dialect.SQLServer2012Dialect
2019-06-13 10:45:51 - Initialized JPA EntityManagerFactory for persistence unit 'default'
2019-06-13 10:45:56 - Initializing ExecutorService 'applicationTaskExecutor'
2019-06-13 10:45:56 - spring.jpa.open-in-view is enabled by default. Therefore, database queries may be performed during view rendering. Explicitly configure spring.jpa.open-in-view to disable this warning
2019-06-13 10:45:59 - Exposing 2 endpoint(s) beneath base path '/actuator'
2019-06-13 10:45:59 - Started ProjectApplicationTests in 24.337 seconds (JVM running for 27.812)
2019-06-13 10:46:00 - Shutting down ExecutorService 'applicationTaskExecutor'
2019-06-13 10:46:00 - Closing JPA EntityManagerFactory for persistence unit 'default'
2019-06-13 10:46:00 - HikariPool-1 - Shutdown initiated...
2019-06-13 10:46:00 - HikariPool-1 - Shutdown completed.
