2019-09-13 09:00:34 - Starting ProjectApplication on DESKTOP-11J5U7N with PID 219504 (C:\Users\UPPERLINK\Desktop\PROJECTS\project\target\classes started by UPPERLINK in C:\Users\UPPERLINK\Desktop\PROJECTS\project)
2019-09-13 09:00:34 - No active profile set, falling back to default profiles: default
2019-09-13 09:00:34 - Devtools property defaults active! Set 'spring.devtools.add-properties' to 'false' to disable
2019-09-13 09:00:34 - For additional web related logging consider setting the 'logging.level.web' property to 'DEBUG'
2019-09-13 09:00:41 - Bootstrapping Spring Data repositories in DEFAULT mode.
2019-09-13 09:00:41 - Finished Spring Data repository scanning in 298ms. Found 1 repository interfaces.
2019-09-13 09:00:42 - Bean 'org.springframework.transaction.annotation.ProxyTransactionManagementConfiguration' of type [org.springframework.transaction.annotation.ProxyTransactionManagementConfiguration$$EnhancerBySpringCGLIB$$12477136] is not eligible for getting processed by all BeanPostProcessors (for example: not eligible for auto-proxying)
2019-09-13 09:00:50 - Tomcat initialized with port(s): 8092 (http)
2019-09-13 09:00:50 - Initializing ProtocolHandler ["http-nio-8092"]
2019-09-13 09:00:51 - Starting service [Tomcat]
2019-09-13 09:00:51 - Starting Servlet engine: [Apache Tomcat/9.0.16]
2019-09-13 09:00:51 - The APR based Apache Tomcat Native library which allows optimal performance in production environments was not found on the java.library.path: [C:\Program Files\Java\jdk1.8.0_172\bin;C:\Windows\Sun\Java\bin;C:\Windows\system32;C:\Windows;C:\app\UPPERLINK\product\11.2.0\dbhome_1\bin;C:\Windows\system32;C:\Windows;C:\Windows\System32\Wbem;C:\Windows\System32\WindowsPowerShell\v1.0\;C:\Windows\System32\OpenSSH\;C:\Program Files\Java\jdk1.8.0_172\bin;C:\Program Files\Microsoft SQL Server\Client SDK\ODBC\110\Tools\Binn\;C:\Program Files (x86)\Microsoft SQL Server\120\Tools\Binn\;C:\Program Files\Microsoft SQL Server\120\Tools\Binn\;C:\Program Files\Microsoft SQL Server\120\DTS\Binn\;C:\Program Files (x86)\Microsoft SQL Server\120\Tools\Binn\ManagementStudio\;C:\Program Files (x86)\Microsoft SQL Server\120\DTS\Binn\;C:\Program Files\apache-maven-3.5.4\bin;C:\Program Files\Redis\;C:\Program Files\nodejs\;C:\Program Files\Zookeeper\zookeeper-3.4.10\bin;C:\Program Files\Git\cmd;C:\Users\UPPERLINK\AppData\Local\Microsoft\WindowsApps;;C:\Program Files (x86)\Microsoft VS Code\bin;C:\Users\UPPERLINK\AppData\Roaming\npm;.]
2019-09-13 09:00:52 - Initializing Spring embedded WebApplicationContext
2019-09-13 09:00:52 - Root WebApplicationContext: initialization completed in 17556 ms
2019-09-13 09:00:55 - HikariPool-1 - Starting...
2019-09-13 09:00:58 - HikariPool-1 - Driver does not support get/set network timeout for connections. (This operation is not supported.)
2019-09-13 09:00:58 - HikariPool-1 - Start completed.
2019-09-13 09:00:59 - HHH000204: Processing PersistenceUnitInfo [
	name: default
	...]
2019-09-13 09:01:03 - HHH000412: Hibernate Core {5.3.7.Final}
2019-09-13 09:01:03 - HHH000206: hibernate.properties not found
2019-09-13 09:01:13 - HCANN000001: Hibernate Commons Annotations {5.0.4.Final}
2019-09-13 09:01:18 - HHH000400: Using dialect: org.hibernate.dialect.SQLServer2012Dialect
2019-09-13 09:01:58 - Initialized JPA EntityManagerFactory for persistence unit 'default'
2019-09-13 09:02:15 - Initializing ExecutorService 'applicationTaskExecutor'
2019-09-13 09:02:15 - spring.jpa.open-in-view is enabled by default. Therefore, database queries may be performed during view rendering. Explicitly configure spring.jpa.open-in-view to disable this warning
2019-09-13 09:02:20 - LiveReload server is running on port 35729
2019-09-13 09:02:20 - Exposing 2 endpoint(s) beneath base path '/management'
2019-09-13 09:02:20 - Starting ProtocolHandler ["http-nio-8092"]
2019-09-13 09:02:20 - Tomcat started on port(s): 8092 (http) with context path ''
2019-09-13 09:02:20 - Started ProjectApplication in 110.494 seconds (JVM running for 139.255)
2019-09-13 09:09:30 - Initializing Spring DispatcherServlet 'dispatcherServlet'
2019-09-13 09:09:30 - Initializing Servlet 'dispatcherServlet'
2019-09-13 09:09:30 - Completed initialization in 446 ms
2019-09-13 09:12:24 - HHH000397: Using ASTQueryTranslatorFactory
2019-09-13 09:14:12 - Starting ProjectApplication on DESKTOP-11J5U7N with PID 225660 (C:\Users\UPPERLINK\Desktop\PROJECTS\project\target\classes started by UPPERLINK in C:\Users\UPPERLINK\Desktop\PROJECTS\project)
2019-09-13 09:14:12 - No active profile set, falling back to default profiles: default
2019-09-13 09:14:13 - Devtools property defaults active! Set 'spring.devtools.add-properties' to 'false' to disable
2019-09-13 09:14:13 - For additional web related logging consider setting the 'logging.level.web' property to 'DEBUG'
2019-09-13 09:14:17 - Bootstrapping Spring Data repositories in DEFAULT mode.
2019-09-13 09:14:18 - Finished Spring Data repository scanning in 645ms. Found 1 repository interfaces.
2019-09-13 09:14:19 - Bean 'org.springframework.transaction.annotation.ProxyTransactionManagementConfiguration' of type [org.springframework.transaction.annotation.ProxyTransactionManagementConfiguration$$EnhancerBySpringCGLIB$$eec9b61c] is not eligible for getting processed by all BeanPostProcessors (for example: not eligible for auto-proxying)
2019-09-13 09:14:26 - Tomcat initialized with port(s): 8092 (http)
2019-09-13 09:14:26 - Initializing ProtocolHandler ["http-nio-8092"]
2019-09-13 09:14:27 - Starting service [Tomcat]
2019-09-13 09:14:27 - Starting Servlet engine: [Apache Tomcat/9.0.16]
2019-09-13 09:14:27 - The APR based Apache Tomcat Native library which allows optimal performance in production environments was not found on the java.library.path: [C:\Program Files\Java\jdk1.8.0_172\bin;C:\Windows\Sun\Java\bin;C:\Windows\system32;C:\Windows;C:\app\UPPERLINK\product\11.2.0\dbhome_1\bin;C:\Windows\system32;C:\Windows;C:\Windows\System32\Wbem;C:\Windows\System32\WindowsPowerShell\v1.0\;C:\Windows\System32\OpenSSH\;C:\Program Files\Java\jdk1.8.0_172\bin;C:\Program Files\Microsoft SQL Server\Client SDK\ODBC\110\Tools\Binn\;C:\Program Files (x86)\Microsoft SQL Server\120\Tools\Binn\;C:\Program Files\Microsoft SQL Server\120\Tools\Binn\;C:\Program Files\Microsoft SQL Server\120\DTS\Binn\;C:\Program Files (x86)\Microsoft SQL Server\120\Tools\Binn\ManagementStudio\;C:\Program Files (x86)\Microsoft SQL Server\120\DTS\Binn\;C:\Program Files\apache-maven-3.5.4\bin;C:\Program Files\Redis\;C:\Program Files\nodejs\;C:\Program Files\Zookeeper\zookeeper-3.4.10\bin;C:\Program Files\Git\cmd;C:\Users\UPPERLINK\AppData\Local\Microsoft\WindowsApps;;C:\Program Files (x86)\Microsoft VS Code\bin;C:\Users\UPPERLINK\AppData\Roaming\npm;.]
2019-09-13 09:14:27 - Initializing Spring embedded WebApplicationContext
2019-09-13 09:14:27 - Root WebApplicationContext: initialization completed in 14452 ms
2019-09-13 09:14:30 - HikariPool-1 - Starting...
2019-09-13 09:14:32 - HikariPool-1 - Driver does not support get/set network timeout for connections. (This operation is not supported.)
2019-09-13 09:14:32 - HikariPool-1 - Start completed.
2019-09-13 09:14:33 - HHH000204: Processing PersistenceUnitInfo [
	name: default
	...]
2019-09-13 09:14:35 - HHH000412: Hibernate Core {5.3.7.Final}
2019-09-13 09:14:35 - HHH000206: hibernate.properties not found
2019-09-13 09:14:42 - HCANN000001: Hibernate Commons Annotations {5.0.4.Final}
2019-09-13 09:14:44 - HHH000400: Using dialect: org.hibernate.dialect.SQLServer2012Dialect
2019-09-13 09:15:00 - Initialized JPA EntityManagerFactory for persistence unit 'default'
2019-09-13 09:15:02 - Initializing ExecutorService 'applicationTaskExecutor'
2019-09-13 09:15:02 - spring.jpa.open-in-view is enabled by default. Therefore, database queries may be performed during view rendering. Explicitly configure spring.jpa.open-in-view to disable this warning
2019-09-13 09:15:04 - LiveReload server is running on port 35729
2019-09-13 09:15:04 - Exposing 2 endpoint(s) beneath base path '/management'
2019-09-13 09:15:04 - Starting ProtocolHandler ["http-nio-8092"]
2019-09-13 09:15:04 - Tomcat started on port(s): 8092 (http) with context path ''
2019-09-13 09:15:04 - Started ProjectApplication in 55.547 seconds (JVM running for 63.751)
2019-09-13 09:15:12 - Initializing Spring DispatcherServlet 'dispatcherServlet'
2019-09-13 09:15:12 - Initializing Servlet 'dispatcherServlet'
2019-09-13 09:15:13 - Completed initialization in 62 ms
2019-09-13 09:15:13 - org.springframework.web.bind.MissingServletRequestParameterException: Required String parameter 'lastName' is not present
2019-09-13 09:15:13 - org.springframework.web.bind.MissingServletRequestParameterException: Required String parameter 'lastName' is not present
	at org.springframework.web.method.annotation.RequestParamMethodArgumentResolver.handleMissingValue(RequestParamMethodArgumentResolver.java:202)
	at org.springframework.web.method.annotation.AbstractNamedValueMethodArgumentResolver.resolveArgument(AbstractNamedValueMethodArgumentResolver.java:113)
	at org.springframework.web.method.support.HandlerMethodArgumentResolverComposite.resolveArgument(HandlerMethodArgumentResolverComposite.java:126)
	at org.springframework.web.method.support.InvocableHandlerMethod.getMethodArgumentValues(InvocableHandlerMethod.java:166)
	at org.springframework.web.method.support.InvocableHandlerMethod.invokeForRequest(InvocableHandlerMethod.java:134)
	at org.springframework.web.servlet.mvc.method.annotation.ServletInvocableHandlerMethod.invokeAndHandle(ServletInvocableHandlerMethod.java:102)
	at org.springframework.web.servlet.mvc.method.annotation.RequestMappingHandlerAdapter.invokeHandlerMethod(RequestMappingHandlerAdapter.java:895)
	at org.springframework.web.servlet.mvc.method.annotation.RequestMappingHandlerAdapter.handleInternal(RequestMappingHandlerAdapter.java:800)
	at org.springframework.web.servlet.mvc.method.AbstractHandlerMethodAdapter.handle(AbstractHandlerMethodAdapter.java:87)
	at org.springframework.web.servlet.DispatcherServlet.doDispatch(DispatcherServlet.java:1038)
	at org.springframework.web.servlet.DispatcherServlet.doService(DispatcherServlet.java:942)
	at org.springframework.web.servlet.FrameworkServlet.processRequest(FrameworkServlet.java:1005)
	at org.springframework.web.servlet.FrameworkServlet.doPost(FrameworkServlet.java:908)
	at javax.servlet.http.HttpServlet.service(HttpServlet.java:660)
	at org.springframework.web.servlet.FrameworkServlet.service(FrameworkServlet.java:882)
	at javax.servlet.http.HttpServlet.service(HttpServlet.java:741)
	at org.apache.catalina.core.ApplicationFilterChain.internalDoFilter(ApplicationFilterChain.java:231)
	at org.apache.catalina.core.ApplicationFilterChain.doFilter(ApplicationFilterChain.java:166)
	at org.apache.tomcat.websocket.server.WsFilter.doFilter(WsFilter.java:53)
	at org.apache.catalina.core.ApplicationFilterChain.internalDoFilter(ApplicationFilterChain.java:193)
	at org.apache.catalina.core.ApplicationFilterChain.doFilter(ApplicationFilterChain.java:166)
	at org.springframework.boot.actuate.web.trace.servlet.HttpTraceFilter.doFilterInternal(HttpTraceFilter.java:90)
	at org.springframework.web.filter.OncePerRequestFilter.doFilter(OncePerRequestFilter.java:107)
	at org.apache.catalina.core.ApplicationFilterChain.internalDoFilter(ApplicationFilterChain.java:193)
	at org.apache.catalina.core.ApplicationFilterChain.doFilter(ApplicationFilterChain.java:166)
	at org.springframework.web.filter.RequestContextFilter.doFilterInternal(RequestContextFilter.java:99)
	at org.springframework.web.filter.OncePerRequestFilter.doFilter(OncePerRequestFilter.java:107)
	at org.apache.catalina.core.ApplicationFilterChain.internalDoFilter(ApplicationFilterChain.java:193)
	at org.apache.catalina.core.ApplicationFilterChain.doFilter(ApplicationFilterChain.java:166)
	at org.springframework.web.filter.FormContentFilter.doFilterInternal(FormContentFilter.java:92)
	at org.springframework.web.filter.OncePerRequestFilter.doFilter(OncePerRequestFilter.java:107)
	at org.apache.catalina.core.ApplicationFilterChain.internalDoFilter(ApplicationFilterChain.java:193)
	at org.apache.catalina.core.ApplicationFilterChain.doFilter(ApplicationFilterChain.java:166)
	at org.springframework.web.filter.HiddenHttpMethodFilter.doFilterInternal(HiddenHttpMethodFilter.java:93)
	at org.springframework.web.filter.OncePerRequestFilter.doFilter(OncePerRequestFilter.java:107)
	at org.apache.catalina.core.ApplicationFilterChain.internalDoFilter(ApplicationFilterChain.java:193)
	at org.apache.catalina.core.ApplicationFilterChain.doFilter(ApplicationFilterChain.java:166)
	at org.springframework.boot.actuate.metrics.web.servlet.WebMvcMetricsFilter.filterAndRecordMetrics(WebMvcMetricsFilter.java:117)
	at org.springframework.boot.actuate.metrics.web.servlet.WebMvcMetricsFilter.doFilterInternal(WebMvcMetricsFilter.java:106)
	at org.springframework.web.filter.OncePerRequestFilter.doFilter(OncePerRequestFilter.java:107)
	at org.apache.catalina.core.ApplicationFilterChain.internalDoFilter(ApplicationFilterChain.java:193)
	at org.apache.catalina.core.ApplicationFilterChain.doFilter(ApplicationFilterChain.java:166)
	at org.springframework.web.filter.CharacterEncodingFilter.doFilterInternal(CharacterEncodingFilter.java:200)
	at org.springframework.web.filter.OncePerRequestFilter.doFilter(OncePerRequestFilter.java:107)
	at org.apache.catalina.core.ApplicationFilterChain.internalDoFilter(ApplicationFilterChain.java:193)
	at org.apache.catalina.core.ApplicationFilterChain.doFilter(ApplicationFilterChain.java:166)
	at org.apache.catalina.core.StandardWrapperValve.invoke(StandardWrapperValve.java:200)
	at org.apache.catalina.core.StandardContextValve.invoke(StandardContextValve.java:96)
	at org.apache.catalina.authenticator.AuthenticatorBase.invoke(AuthenticatorBase.java:490)
	at org.apache.catalina.core.StandardHostValve.invoke(StandardHostValve.java:139)
	at org.apache.catalina.valves.ErrorReportValve.invoke(ErrorReportValve.java:92)
	at org.apache.catalina.core.StandardEngineValve.invoke(StandardEngineValve.java:74)
	at org.apache.catalina.connector.CoyoteAdapter.service(CoyoteAdapter.java:343)
	at org.apache.coyote.http11.Http11Processor.service(Http11Processor.java:408)
	at org.apache.coyote.AbstractProcessorLight.process(AbstractProcessorLight.java:66)
	at org.apache.coyote.AbstractProtocol$ConnectionHandler.process(AbstractProtocol.java:834)
	at org.apache.tomcat.util.net.NioEndpoint$SocketProcessor.doRun(NioEndpoint.java:1415)
	at org.apache.tomcat.util.net.SocketProcessorBase.run(SocketProcessorBase.java:49)
	at java.util.concurrent.ThreadPoolExecutor.runWorker(ThreadPoolExecutor.java:1149)
	at java.util.concurrent.ThreadPoolExecutor$Worker.run(ThreadPoolExecutor.java:624)
	at org.apache.tomcat.util.threads.TaskThread$WrappingRunnable.run(TaskThread.java:61)
	at java.lang.Thread.run(Thread.java:748)

2019-09-13 09:15:14 - Resolved [org.springframework.web.bind.MissingServletRequestParameterException: Required String parameter 'lastName' is not present]
2019-09-13 09:15:22 - org.springframework.web.bind.MissingServletRequestParameterException: Required String parameter 'lastName' is not present
2019-09-13 09:15:22 - org.springframework.web.bind.MissingServletRequestParameterException: Required String parameter 'lastName' is not present
	at org.springframework.web.method.annotation.RequestParamMethodArgumentResolver.handleMissingValue(RequestParamMethodArgumentResolver.java:202)
	at org.springframework.web.method.annotation.AbstractNamedValueMethodArgumentResolver.resolveArgument(AbstractNamedValueMethodArgumentResolver.java:113)
	at org.springframework.web.method.support.HandlerMethodArgumentResolverComposite.resolveArgument(HandlerMethodArgumentResolverComposite.java:126)
	at org.springframework.web.method.support.InvocableHandlerMethod.getMethodArgumentValues(InvocableHandlerMethod.java:166)
	at org.springframework.web.method.support.InvocableHandlerMethod.invokeForRequest(InvocableHandlerMethod.java:134)
	at org.springframework.web.servlet.mvc.method.annotation.ServletInvocableHandlerMethod.invokeAndHandle(ServletInvocableHandlerMethod.java:102)
	at org.springframework.web.servlet.mvc.method.annotation.RequestMappingHandlerAdapter.invokeHandlerMethod(RequestMappingHandlerAdapter.java:895)
	at org.springframework.web.servlet.mvc.method.annotation.RequestMappingHandlerAdapter.handleInternal(RequestMappingHandlerAdapter.java:800)
	at org.springframework.web.servlet.mvc.method.AbstractHandlerMethodAdapter.handle(AbstractHandlerMethodAdapter.java:87)
	at org.springframework.web.servlet.DispatcherServlet.doDispatch(DispatcherServlet.java:1038)
	at org.springframework.web.servlet.DispatcherServlet.doService(DispatcherServlet.java:942)
	at org.springframework.web.servlet.FrameworkServlet.processRequest(FrameworkServlet.java:1005)
	at org.springframework.web.servlet.FrameworkServlet.doPost(FrameworkServlet.java:908)
	at javax.servlet.http.HttpServlet.service(HttpServlet.java:660)
	at org.springframework.web.servlet.FrameworkServlet.service(FrameworkServlet.java:882)
	at javax.servlet.http.HttpServlet.service(HttpServlet.java:741)
	at org.apache.catalina.core.ApplicationFilterChain.internalDoFilter(ApplicationFilterChain.java:231)
	at org.apache.catalina.core.ApplicationFilterChain.doFilter(ApplicationFilterChain.java:166)
	at org.apache.tomcat.websocket.server.WsFilter.doFilter(WsFilter.java:53)
	at org.apache.catalina.core.ApplicationFilterChain.internalDoFilter(ApplicationFilterChain.java:193)
	at org.apache.catalina.core.ApplicationFilterChain.doFilter(ApplicationFilterChain.java:166)
	at org.springframework.boot.actuate.web.trace.servlet.HttpTraceFilter.doFilterInternal(HttpTraceFilter.java:90)
	at org.springframework.web.filter.OncePerRequestFilter.doFilter(OncePerRequestFilter.java:107)
	at org.apache.catalina.core.ApplicationFilterChain.internalDoFilter(ApplicationFilterChain.java:193)
	at org.apache.catalina.core.ApplicationFilterChain.doFilter(ApplicationFilterChain.java:166)
	at org.springframework.web.filter.RequestContextFilter.doFilterInternal(RequestContextFilter.java:99)
	at org.springframework.web.filter.OncePerRequestFilter.doFilter(OncePerRequestFilter.java:107)
	at org.apache.catalina.core.ApplicationFilterChain.internalDoFilter(ApplicationFilterChain.java:193)
	at org.apache.catalina.core.ApplicationFilterChain.doFilter(ApplicationFilterChain.java:166)
	at org.springframework.web.filter.FormContentFilter.doFilterInternal(FormContentFilter.java:92)
	at org.springframework.web.filter.OncePerRequestFilter.doFilter(OncePerRequestFilter.java:107)
	at org.apache.catalina.core.ApplicationFilterChain.internalDoFilter(ApplicationFilterChain.java:193)
	at org.apache.catalina.core.ApplicationFilterChain.doFilter(ApplicationFilterChain.java:166)
	at org.springframework.web.filter.HiddenHttpMethodFilter.doFilterInternal(HiddenHttpMethodFilter.java:93)
	at org.springframework.web.filter.OncePerRequestFilter.doFilter(OncePerRequestFilter.java:107)
	at org.apache.catalina.core.ApplicationFilterChain.internalDoFilter(ApplicationFilterChain.java:193)
	at org.apache.catalina.core.ApplicationFilterChain.doFilter(ApplicationFilterChain.java:166)
	at org.springframework.boot.actuate.metrics.web.servlet.WebMvcMetricsFilter.filterAndRecordMetrics(WebMvcMetricsFilter.java:117)
	at org.springframework.boot.actuate.metrics.web.servlet.WebMvcMetricsFilter.doFilterInternal(WebMvcMetricsFilter.java:106)
	at org.springframework.web.filter.OncePerRequestFilter.doFilter(OncePerRequestFilter.java:107)
	at org.apache.catalina.core.ApplicationFilterChain.internalDoFilter(ApplicationFilterChain.java:193)
	at org.apache.catalina.core.ApplicationFilterChain.doFilter(ApplicationFilterChain.java:166)
	at org.springframework.web.filter.CharacterEncodingFilter.doFilterInternal(CharacterEncodingFilter.java:200)
	at org.springframework.web.filter.OncePerRequestFilter.doFilter(OncePerRequestFilter.java:107)
	at org.apache.catalina.core.ApplicationFilterChain.internalDoFilter(ApplicationFilterChain.java:193)
	at org.apache.catalina.core.ApplicationFilterChain.doFilter(ApplicationFilterChain.java:166)
	at org.apache.catalina.core.StandardWrapperValve.invoke(StandardWrapperValve.java:200)
	at org.apache.catalina.core.StandardContextValve.invoke(StandardContextValve.java:96)
	at org.apache.catalina.authenticator.AuthenticatorBase.invoke(AuthenticatorBase.java:490)
	at org.apache.catalina.core.StandardHostValve.invoke(StandardHostValve.java:139)
	at org.apache.catalina.valves.ErrorReportValve.invoke(ErrorReportValve.java:92)
	at org.apache.catalina.core.StandardEngineValve.invoke(StandardEngineValve.java:74)
	at org.apache.catalina.connector.CoyoteAdapter.service(CoyoteAdapter.java:343)
	at org.apache.coyote.http11.Http11Processor.service(Http11Processor.java:408)
	at org.apache.coyote.AbstractProcessorLight.process(AbstractProcessorLight.java:66)
	at org.apache.coyote.AbstractProtocol$ConnectionHandler.process(AbstractProtocol.java:834)
	at org.apache.tomcat.util.net.NioEndpoint$SocketProcessor.doRun(NioEndpoint.java:1415)
	at org.apache.tomcat.util.net.SocketProcessorBase.run(SocketProcessorBase.java:49)
	at java.util.concurrent.ThreadPoolExecutor.runWorker(ThreadPoolExecutor.java:1149)
	at java.util.concurrent.ThreadPoolExecutor$Worker.run(ThreadPoolExecutor.java:624)
	at org.apache.tomcat.util.threads.TaskThread$WrappingRunnable.run(TaskThread.java:61)
	at java.lang.Thread.run(Thread.java:748)

2019-09-13 09:15:22 - Resolved [org.springframework.web.bind.MissingServletRequestParameterException: Required String parameter 'lastName' is not present]
2019-09-13 09:16:13 - Starting ProjectApplication on DESKTOP-11J5U7N with PID 202928 (C:\Users\UPPERLINK\Desktop\PROJECTS\project\target\classes started by UPPERLINK in C:\Users\UPPERLINK\Desktop\PROJECTS\project)
2019-09-13 09:16:13 - No active profile set, falling back to default profiles: default
2019-09-13 09:16:13 - Devtools property defaults active! Set 'spring.devtools.add-properties' to 'false' to disable
2019-09-13 09:16:13 - For additional web related logging consider setting the 'logging.level.web' property to 'DEBUG'
2019-09-13 09:16:14 - Bootstrapping Spring Data repositories in DEFAULT mode.
2019-09-13 09:16:15 - Finished Spring Data repository scanning in 99ms. Found 1 repository interfaces.
2019-09-13 09:16:15 - Bean 'org.springframework.transaction.annotation.ProxyTransactionManagementConfiguration' of type [org.springframework.transaction.annotation.ProxyTransactionManagementConfiguration$$EnhancerBySpringCGLIB$$9b05c49f] is not eligible for getting processed by all BeanPostProcessors (for example: not eligible for auto-proxying)
2019-09-13 09:16:16 - Tomcat initialized with port(s): 8092 (http)
2019-09-13 09:16:16 - Initializing ProtocolHandler ["http-nio-8092"]
2019-09-13 09:16:16 - Starting service [Tomcat]
2019-09-13 09:16:16 - Starting Servlet engine: [Apache Tomcat/9.0.16]
2019-09-13 09:16:16 - The APR based Apache Tomcat Native library which allows optimal performance in production environments was not found on the java.library.path: [C:\Program Files\Java\jdk1.8.0_172\bin;C:\Windows\Sun\Java\bin;C:\Windows\system32;C:\Windows;C:\app\UPPERLINK\product\11.2.0\dbhome_1\bin;C:\Windows\system32;C:\Windows;C:\Windows\System32\Wbem;C:\Windows\System32\WindowsPowerShell\v1.0\;C:\Windows\System32\OpenSSH\;C:\Program Files\Java\jdk1.8.0_172\bin;C:\Program Files\Microsoft SQL Server\Client SDK\ODBC\110\Tools\Binn\;C:\Program Files (x86)\Microsoft SQL Server\120\Tools\Binn\;C:\Program Files\Microsoft SQL Server\120\Tools\Binn\;C:\Program Files\Microsoft SQL Server\120\DTS\Binn\;C:\Program Files (x86)\Microsoft SQL Server\120\Tools\Binn\ManagementStudio\;C:\Program Files (x86)\Microsoft SQL Server\120\DTS\Binn\;C:\Program Files\apache-maven-3.5.4\bin;C:\Program Files\Redis\;C:\Program Files\nodejs\;C:\Program Files\Zookeeper\zookeeper-3.4.10\bin;C:\Program Files\Git\cmd;C:\Users\UPPERLINK\AppData\Local\Microsoft\WindowsApps;;C:\Program Files (x86)\Microsoft VS Code\bin;C:\Users\UPPERLINK\AppData\Roaming\npm;.]
2019-09-13 09:16:17 - Initializing Spring embedded WebApplicationContext
2019-09-13 09:16:17 - Root WebApplicationContext: initialization completed in 4023 ms
2019-09-13 09:16:18 - HikariPool-1 - Starting...
2019-09-13 09:16:19 - HikariPool-1 - Driver does not support get/set network timeout for connections. (This operation is not supported.)
2019-09-13 09:16:19 - HikariPool-1 - Start completed.
2019-09-13 09:16:19 - HHH000204: Processing PersistenceUnitInfo [
	name: default
	...]
2019-09-13 09:16:20 - HHH000412: Hibernate Core {5.3.7.Final}
2019-09-13 09:16:20 - HHH000206: hibernate.properties not found
2019-09-13 09:16:20 - HCANN000001: Hibernate Commons Annotations {5.0.4.Final}
2019-09-13 09:16:20 - HHH000400: Using dialect: org.hibernate.dialect.SQLServer2012Dialect
2019-09-13 09:16:22 - Initialized JPA EntityManagerFactory for persistence unit 'default'
2019-09-13 09:16:24 - Initializing ExecutorService 'applicationTaskExecutor'
2019-09-13 09:16:24 - spring.jpa.open-in-view is enabled by default. Therefore, database queries may be performed during view rendering. Explicitly configure spring.jpa.open-in-view to disable this warning
2019-09-13 09:16:25 - LiveReload server is running on port 35729
2019-09-13 09:16:25 - Exposing 2 endpoint(s) beneath base path '/management'
2019-09-13 09:16:25 - Starting ProtocolHandler ["http-nio-8092"]
2019-09-13 09:16:25 - Tomcat started on port(s): 8092 (http) with context path ''
2019-09-13 09:16:25 - Started ProjectApplication in 13.742 seconds (JVM running for 16.79)
2019-09-13 09:17:14 - Initializing Spring DispatcherServlet 'dispatcherServlet'
2019-09-13 09:17:14 - Initializing Servlet 'dispatcherServlet'
2019-09-13 09:17:14 - Completed initialization in 18 ms
2019-09-13 09:17:14 - HHH000397: Using ASTQueryTranslatorFactory
2019-09-13 09:39:18 - Starting ProjectApplication on DESKTOP-11J5U7N with PID 221288 (C:\Users\UPPERLINK\Desktop\PROJECTS\project\target\classes started by UPPERLINK in C:\Users\UPPERLINK\Desktop\PROJECTS\project)
2019-09-13 09:39:18 - No active profile set, falling back to default profiles: default
2019-09-13 09:39:18 - Devtools property defaults active! Set 'spring.devtools.add-properties' to 'false' to disable
2019-09-13 09:39:18 - For additional web related logging consider setting the 'logging.level.web' property to 'DEBUG'
2019-09-13 09:39:21 - Bootstrapping Spring Data repositories in DEFAULT mode.
2019-09-13 09:39:21 - Finished Spring Data repository scanning in 136ms. Found 1 repository interfaces.
2019-09-13 09:39:22 - Bean 'org.springframework.transaction.annotation.ProxyTransactionManagementConfiguration' of type [org.springframework.transaction.annotation.ProxyTransactionManagementConfiguration$$EnhancerBySpringCGLIB$$ac03a7f5] is not eligible for getting processed by all BeanPostProcessors (for example: not eligible for auto-proxying)
2019-09-13 09:39:23 - Tomcat initialized with port(s): 8092 (http)
2019-09-13 09:39:23 - Initializing ProtocolHandler ["http-nio-8092"]
2019-09-13 09:39:23 - Starting service [Tomcat]
2019-09-13 09:39:23 - Starting Servlet engine: [Apache Tomcat/9.0.16]
2019-09-13 09:39:23 - The APR based Apache Tomcat Native library which allows optimal performance in production environments was not found on the java.library.path: [C:\Program Files\Java\jdk1.8.0_172\bin;C:\Windows\Sun\Java\bin;C:\Windows\system32;C:\Windows;C:\app\UPPERLINK\product\11.2.0\dbhome_1\bin;C:\Windows\system32;C:\Windows;C:\Windows\System32\Wbem;C:\Windows\System32\WindowsPowerShell\v1.0\;C:\Windows\System32\OpenSSH\;C:\Program Files\Java\jdk1.8.0_172\bin;C:\Program Files\Microsoft SQL Server\Client SDK\ODBC\110\Tools\Binn\;C:\Program Files (x86)\Microsoft SQL Server\120\Tools\Binn\;C:\Program Files\Microsoft SQL Server\120\Tools\Binn\;C:\Program Files\Microsoft SQL Server\120\DTS\Binn\;C:\Program Files (x86)\Microsoft SQL Server\120\Tools\Binn\ManagementStudio\;C:\Program Files (x86)\Microsoft SQL Server\120\DTS\Binn\;C:\Program Files\apache-maven-3.5.4\bin;C:\Program Files\Redis\;C:\Program Files\nodejs\;C:\Program Files\Zookeeper\zookeeper-3.4.10\bin;C:\Program Files\Git\cmd;C:\Users\UPPERLINK\AppData\Local\Microsoft\WindowsApps;;C:\Program Files (x86)\Microsoft VS Code\bin;C:\Users\UPPERLINK\AppData\Roaming\npm;.]
2019-09-13 09:39:23 - Initializing Spring embedded WebApplicationContext
2019-09-13 09:39:23 - Root WebApplicationContext: initialization completed in 5089 ms
2019-09-13 09:39:25 - HikariPool-1 - Starting...
2019-09-13 09:39:25 - HikariPool-1 - Driver does not support get/set network timeout for connections. (This operation is not supported.)
2019-09-13 09:39:25 - HikariPool-1 - Start completed.
2019-09-13 09:39:25 - HHH000204: Processing PersistenceUnitInfo [
	name: default
	...]
2019-09-13 09:39:26 - HHH000412: Hibernate Core {5.3.7.Final}
2019-09-13 09:39:26 - HHH000206: hibernate.properties not found
2019-09-13 09:39:26 - HCANN000001: Hibernate Commons Annotations {5.0.4.Final}
2019-09-13 09:39:26 - HHH000400: Using dialect: org.hibernate.dialect.SQLServer2012Dialect
2019-09-13 09:39:28 - Initialized JPA EntityManagerFactory for persistence unit 'default'
2019-09-13 09:39:29 - Initializing ExecutorService 'applicationTaskExecutor'
2019-09-13 09:39:29 - spring.jpa.open-in-view is enabled by default. Therefore, database queries may be performed during view rendering. Explicitly configure spring.jpa.open-in-view to disable this warning
2019-09-13 09:39:30 - LiveReload server is running on port 35729
2019-09-13 09:39:30 - Exposing 2 endpoint(s) beneath base path '/management'
2019-09-13 09:39:30 - Starting ProtocolHandler ["http-nio-8092"]
2019-09-13 09:39:30 - Tomcat started on port(s): 8092 (http) with context path ''
2019-09-13 09:39:30 - Started ProjectApplication in 12.692 seconds (JVM running for 15.346)
2019-09-13 09:39:54 - Initializing Spring DispatcherServlet 'dispatcherServlet'
2019-09-13 09:39:54 - Initializing Servlet 'dispatcherServlet'
2019-09-13 09:39:54 - Completed initialization in 15 ms
2019-09-13 09:39:54 - HHH000397: Using ASTQueryTranslatorFactory
2019-09-13 13:25:29 - Starting ProjectApplication on DESKTOP-11J5U7N with PID 221412 (C:\Users\UPPERLINK\Desktop\PROJECTS\project\target\classes started by UPPERLINK in C:\Users\UPPERLINK\Desktop\PROJECTS\project)
2019-09-13 13:25:29 - No active profile set, falling back to default profiles: default
2019-09-13 13:25:29 - Devtools property defaults active! Set 'spring.devtools.add-properties' to 'false' to disable
2019-09-13 13:25:29 - For additional web related logging consider setting the 'logging.level.web' property to 'DEBUG'
2019-09-13 13:25:36 - Bootstrapping Spring Data repositories in DEFAULT mode.
2019-09-13 13:25:36 - Finished Spring Data repository scanning in 176ms. Found 1 repository interfaces.
2019-09-13 13:25:37 - Bean 'org.springframework.transaction.annotation.ProxyTransactionManagementConfiguration' of type [org.springframework.transaction.annotation.ProxyTransactionManagementConfiguration$$EnhancerBySpringCGLIB$$22606d59] is not eligible for getting processed by all BeanPostProcessors (for example: not eligible for auto-proxying)
2019-09-13 13:25:39 - Tomcat initialized with port(s): 8092 (http)
2019-09-13 13:25:39 - Initializing ProtocolHandler ["http-nio-8092"]
2019-09-13 13:25:39 - Starting service [Tomcat]
2019-09-13 13:25:39 - Starting Servlet engine: [Apache Tomcat/9.0.16]
2019-09-13 13:25:39 - The APR based Apache Tomcat Native library which allows optimal performance in production environments was not found on the java.library.path: [C:\Program Files\Java\jdk1.8.0_172\bin;C:\Windows\Sun\Java\bin;C:\Windows\system32;C:\Windows;C:\app\UPPERLINK\product\11.2.0\dbhome_1\bin;C:\Windows\system32;C:\Windows;C:\Windows\System32\Wbem;C:\Windows\System32\WindowsPowerShell\v1.0\;C:\Windows\System32\OpenSSH\;C:\Program Files\Java\jdk1.8.0_172\bin;C:\Program Files\Microsoft SQL Server\Client SDK\ODBC\110\Tools\Binn\;C:\Program Files (x86)\Microsoft SQL Server\120\Tools\Binn\;C:\Program Files\Microsoft SQL Server\120\Tools\Binn\;C:\Program Files\Microsoft SQL Server\120\DTS\Binn\;C:\Program Files (x86)\Microsoft SQL Server\120\Tools\Binn\ManagementStudio\;C:\Program Files (x86)\Microsoft SQL Server\120\DTS\Binn\;C:\Program Files\apache-maven-3.5.4\bin;C:\Program Files\Redis\;C:\Program Files\nodejs\;C:\Program Files\Zookeeper\zookeeper-3.4.10\bin;C:\Program Files\Git\cmd;C:\Users\UPPERLINK\AppData\Local\Microsoft\WindowsApps;;C:\Program Files (x86)\Microsoft VS Code\bin;C:\Users\UPPERLINK\AppData\Roaming\npm;.]
2019-09-13 13:25:39 - Initializing Spring embedded WebApplicationContext
2019-09-13 13:25:39 - Root WebApplicationContext: initialization completed in 10085 ms
2019-09-13 13:25:42 - HikariPool-1 - Starting...
2019-09-13 13:25:43 - HikariPool-1 - Driver does not support get/set network timeout for connections. (This operation is not supported.)
2019-09-13 13:25:43 - HikariPool-1 - Start completed.
2019-09-13 13:25:43 - HHH000204: Processing PersistenceUnitInfo [
	name: default
	...]
2019-09-13 13:25:43 - HHH000412: Hibernate Core {5.3.7.Final}
2019-09-13 13:25:43 - HHH000206: hibernate.properties not found
2019-09-13 13:25:44 - HCANN000001: Hibernate Commons Annotations {5.0.4.Final}
2019-09-13 13:25:44 - HHH000400: Using dialect: org.hibernate.dialect.SQLServer2012Dialect
2019-09-13 13:25:48 - Initialized JPA EntityManagerFactory for persistence unit 'default'
2019-09-13 13:25:50 - Initializing ExecutorService 'applicationTaskExecutor'
2019-09-13 13:25:51 - spring.jpa.open-in-view is enabled by default. Therefore, database queries may be performed during view rendering. Explicitly configure spring.jpa.open-in-view to disable this warning
2019-09-13 13:25:53 - LiveReload server is running on port 35729
2019-09-13 13:25:53 - Exposing 2 endpoint(s) beneath base path '/management'
2019-09-13 13:25:54 - Starting ProtocolHandler ["http-nio-8092"]
2019-09-13 13:25:54 - Tomcat started on port(s): 8092 (http) with context path ''
2019-09-13 13:25:54 - Started ProjectApplication in 26.836 seconds (JVM running for 29.946)
2019-09-13 13:27:28 - Initializing Spring DispatcherServlet 'dispatcherServlet'
2019-09-13 13:27:28 - Initializing Servlet 'dispatcherServlet'
2019-09-13 13:27:28 - Completed initialization in 17 ms
2019-09-13 13:27:31 - org.springframework.dao.InvalidDataAccessApiUsageException: The given id must not be null!; nested exception is java.lang.IllegalArgumentException: The given id must not be null!
2019-09-13 13:27:31 - org.springframework.dao.InvalidDataAccessApiUsageException: The given id must not be null!; nested exception is java.lang.IllegalArgumentException: The given id must not be null!
	at org.springframework.orm.jpa.EntityManagerFactoryUtils.convertJpaAccessExceptionIfPossible(EntityManagerFactoryUtils.java:373)
	at org.springframework.orm.jpa.vendor.HibernateJpaDialect.translateExceptionIfPossible(HibernateJpaDialect.java:255)
	at org.springframework.orm.jpa.AbstractEntityManagerFactoryBean.translateExceptionIfPossible(AbstractEntityManagerFactoryBean.java:527)
	at org.springframework.dao.support.ChainedPersistenceExceptionTranslator.translateExceptionIfPossible(ChainedPersistenceExceptionTranslator.java:61)
	at org.springframework.dao.support.DataAccessUtils.translateIfNecessary(DataAccessUtils.java:242)
	at org.springframework.dao.support.PersistenceExceptionTranslationInterceptor.invoke(PersistenceExceptionTranslationInterceptor.java:153)
	at org.springframework.aop.framework.ReflectiveMethodInvocation.proceed(ReflectiveMethodInvocation.java:186)
	at org.springframework.data.jpa.repository.support.CrudMethodMetadataPostProcessor$CrudMethodMetadataPopulatingMethodInterceptor.invoke(CrudMethodMetadataPostProcessor.java:135)
	at org.springframework.aop.framework.ReflectiveMethodInvocation.proceed(ReflectiveMethodInvocation.java:186)
	at org.springframework.aop.interceptor.ExposeInvocationInterceptor.invoke(ExposeInvocationInterceptor.java:93)
	at org.springframework.aop.framework.ReflectiveMethodInvocation.proceed(ReflectiveMethodInvocation.java:186)
	at org.springframework.data.repository.core.support.SurroundingTransactionDetectorMethodInterceptor.invoke(SurroundingTransactionDetectorMethodInterceptor.java:61)
	at org.springframework.aop.framework.ReflectiveMethodInvocation.proceed(ReflectiveMethodInvocation.java:186)
	at org.springframework.aop.framework.JdkDynamicAopProxy.invoke(JdkDynamicAopProxy.java:212)
	at com.sun.proxy.$Proxy111.findById(Unknown Source)
	at com.sample.project.Controller.RestApiController.search(RestApiController.java:78)
	at sun.reflect.NativeMethodAccessorImpl.invoke0(Native Method)
	at sun.reflect.NativeMethodAccessorImpl.invoke(NativeMethodAccessorImpl.java:62)
	at sun.reflect.DelegatingMethodAccessorImpl.invoke(DelegatingMethodAccessorImpl.java:43)
	at java.lang.reflect.Method.invoke(Method.java:498)
	at org.springframework.web.method.support.InvocableHandlerMethod.doInvoke(InvocableHandlerMethod.java:189)
	at org.springframework.web.method.support.InvocableHandlerMethod.invokeForRequest(InvocableHandlerMethod.java:138)
	at org.springframework.web.servlet.mvc.method.annotation.ServletInvocableHandlerMethod.invokeAndHandle(ServletInvocableHandlerMethod.java:102)
	at org.springframework.web.servlet.mvc.method.annotation.RequestMappingHandlerAdapter.invokeHandlerMethod(RequestMappingHandlerAdapter.java:895)
	at org.springframework.web.servlet.mvc.method.annotation.RequestMappingHandlerAdapter.handleInternal(RequestMappingHandlerAdapter.java:800)
	at org.springframework.web.servlet.mvc.method.AbstractHandlerMethodAdapter.handle(AbstractHandlerMethodAdapter.java:87)
	at org.springframework.web.servlet.DispatcherServlet.doDispatch(DispatcherServlet.java:1038)
	at org.springframework.web.servlet.DispatcherServlet.doService(DispatcherServlet.java:942)
	at org.springframework.web.servlet.FrameworkServlet.processRequest(FrameworkServlet.java:1005)
	at org.springframework.web.servlet.FrameworkServlet.doPost(FrameworkServlet.java:908)
	at javax.servlet.http.HttpServlet.service(HttpServlet.java:660)
	at org.springframework.web.servlet.FrameworkServlet.service(FrameworkServlet.java:882)
	at javax.servlet.http.HttpServlet.service(HttpServlet.java:741)
	at org.apache.catalina.core.ApplicationFilterChain.internalDoFilter(ApplicationFilterChain.java:231)
	at org.apache.catalina.core.ApplicationFilterChain.doFilter(ApplicationFilterChain.java:166)
	at org.apache.tomcat.websocket.server.WsFilter.doFilter(WsFilter.java:53)
	at org.apache.catalina.core.ApplicationFilterChain.internalDoFilter(ApplicationFilterChain.java:193)
	at org.apache.catalina.core.ApplicationFilterChain.doFilter(ApplicationFilterChain.java:166)
	at org.springframework.boot.actuate.web.trace.servlet.HttpTraceFilter.doFilterInternal(HttpTraceFilter.java:90)
	at org.springframework.web.filter.OncePerRequestFilter.doFilter(OncePerRequestFilter.java:107)
	at org.apache.catalina.core.ApplicationFilterChain.internalDoFilter(ApplicationFilterChain.java:193)
	at org.apache.catalina.core.ApplicationFilterChain.doFilter(ApplicationFilterChain.java:166)
	at org.springframework.web.filter.RequestContextFilter.doFilterInternal(RequestContextFilter.java:99)
	at org.springframework.web.filter.OncePerRequestFilter.doFilter(OncePerRequestFilter.java:107)
	at org.apache.catalina.core.ApplicationFilterChain.internalDoFilter(ApplicationFilterChain.java:193)
	at org.apache.catalina.core.ApplicationFilterChain.doFilter(ApplicationFilterChain.java:166)
	at org.springframework.web.filter.FormContentFilter.doFilterInternal(FormContentFilter.java:92)
	at org.springframework.web.filter.OncePerRequestFilter.doFilter(OncePerRequestFilter.java:107)
	at org.apache.catalina.core.ApplicationFilterChain.internalDoFilter(ApplicationFilterChain.java:193)
	at org.apache.catalina.core.ApplicationFilterChain.doFilter(ApplicationFilterChain.java:166)
	at org.springframework.web.filter.HiddenHttpMethodFilter.doFilterInternal(HiddenHttpMethodFilter.java:93)
	at org.springframework.web.filter.OncePerRequestFilter.doFilter(OncePerRequestFilter.java:107)
	at org.apache.catalina.core.ApplicationFilterChain.internalDoFilter(ApplicationFilterChain.java:193)
	at org.apache.catalina.core.ApplicationFilterChain.doFilter(ApplicationFilterChain.java:166)
	at org.springframework.boot.actuate.metrics.web.servlet.WebMvcMetricsFilter.filterAndRecordMetrics(WebMvcMetricsFilter.java:117)
	at org.springframework.boot.actuate.metrics.web.servlet.WebMvcMetricsFilter.doFilterInternal(WebMvcMetricsFilter.java:106)
	at org.springframework.web.filter.OncePerRequestFilter.doFilter(OncePerRequestFilter.java:107)
	at org.apache.catalina.core.ApplicationFilterChain.internalDoFilter(ApplicationFilterChain.java:193)
	at org.apache.catalina.core.ApplicationFilterChain.doFilter(ApplicationFilterChain.java:166)
	at org.springframework.web.filter.CharacterEncodingFilter.doFilterInternal(CharacterEncodingFilter.java:200)
	at org.springframework.web.filter.OncePerRequestFilter.doFilter(OncePerRequestFilter.java:107)
	at org.apache.catalina.core.ApplicationFilterChain.internalDoFilter(ApplicationFilterChain.java:193)
	at org.apache.catalina.core.ApplicationFilterChain.doFilter(ApplicationFilterChain.java:166)
	at org.apache.catalina.core.StandardWrapperValve.invoke(StandardWrapperValve.java:200)
	at org.apache.catalina.core.StandardContextValve.invoke(StandardContextValve.java:96)
	at org.apache.catalina.authenticator.AuthenticatorBase.invoke(AuthenticatorBase.java:490)
	at org.apache.catalina.core.StandardHostValve.invoke(StandardHostValve.java:139)
	at org.apache.catalina.valves.ErrorReportValve.invoke(ErrorReportValve.java:92)
	at org.apache.catalina.core.StandardEngineValve.invoke(StandardEngineValve.java:74)
	at org.apache.catalina.connector.CoyoteAdapter.service(CoyoteAdapter.java:343)
	at org.apache.coyote.http11.Http11Processor.service(Http11Processor.java:408)
	at org.apache.coyote.AbstractProcessorLight.process(AbstractProcessorLight.java:66)
	at org.apache.coyote.AbstractProtocol$ConnectionHandler.process(AbstractProtocol.java:834)
	at org.apache.tomcat.util.net.NioEndpoint$SocketProcessor.doRun(NioEndpoint.java:1415)
	at org.apache.tomcat.util.net.SocketProcessorBase.run(SocketProcessorBase.java:49)
	at java.util.concurrent.ThreadPoolExecutor.runWorker(ThreadPoolExecutor.java:1149)
	at java.util.concurrent.ThreadPoolExecutor$Worker.run(ThreadPoolExecutor.java:624)
	at org.apache.tomcat.util.threads.TaskThread$WrappingRunnable.run(TaskThread.java:61)
	at java.lang.Thread.run(Thread.java:748)
Caused by: java.lang.IllegalArgumentException: The given id must not be null!
	at org.springframework.util.Assert.notNull(Assert.java:198)
	at org.springframework.data.jpa.repository.support.SimpleJpaRepository.findById(SimpleJpaRepository.java:222)
	at sun.reflect.NativeMethodAccessorImpl.invoke0(Native Method)
	at sun.reflect.NativeMethodAccessorImpl.invoke(NativeMethodAccessorImpl.java:62)
	at sun.reflect.DelegatingMethodAccessorImpl.invoke(DelegatingMethodAccessorImpl.java:43)
	at java.lang.reflect.Method.invoke(Method.java:498)
	at org.springframework.data.repository.core.support.RepositoryComposition$RepositoryFragments.invoke(RepositoryComposition.java:359)
	at org.springframework.data.repository.core.support.RepositoryComposition.invoke(RepositoryComposition.java:200)
	at org.springframework.data.repository.core.support.RepositoryFactorySupport$ImplementationMethodExecutionInterceptor.invoke(RepositoryFactorySupport.java:644)
	at org.springframework.aop.framework.ReflectiveMethodInvocation.proceed(ReflectiveMethodInvocation.java:186)
	at org.springframework.data.repository.core.support.RepositoryFactorySupport$QueryExecutorMethodInterceptor.doInvoke(RepositoryFactorySupport.java:608)
	at org.springframework.data.repository.core.support.RepositoryFactorySupport$QueryExecutorMethodInterceptor.lambda$invoke$3(RepositoryFactorySupport.java:595)
	at org.springframework.data.repository.core.support.RepositoryFactorySupport$QueryExecutorMethodInterceptor.invoke(RepositoryFactorySupport.java:595)
	at org.springframework.aop.framework.ReflectiveMethodInvocation.proceed(ReflectiveMethodInvocation.java:186)
	at org.springframework.data.projection.DefaultMethodInvokingMethodInterceptor.invoke(DefaultMethodInvokingMethodInterceptor.java:59)
	at org.springframework.aop.framework.ReflectiveMethodInvocation.proceed(ReflectiveMethodInvocation.java:186)
	at org.springframework.transaction.interceptor.TransactionAspectSupport.invokeWithinTransaction(TransactionAspectSupport.java:294)
	at org.springframework.transaction.interceptor.TransactionInterceptor.invoke(TransactionInterceptor.java:98)
	at org.springframework.aop.framework.ReflectiveMethodInvocation.proceed(ReflectiveMethodInvocation.java:186)
	at org.springframework.dao.support.PersistenceExceptionTranslationInterceptor.invoke(PersistenceExceptionTranslationInterceptor.java:139)
	... 73 more

2019-09-13 13:27:31 - Resolved [org.springframework.dao.InvalidDataAccessApiUsageException: The given id must not be null!; nested exception is java.lang.IllegalArgumentException: The given id must not be null!]
2019-09-13 13:29:11 - Starting ProjectApplication on DESKTOP-11J5U7N with PID 229508 (C:\Users\UPPERLINK\Desktop\PROJECTS\project\target\classes started by UPPERLINK in C:\Users\UPPERLINK\Desktop\PROJECTS\project)
2019-09-13 13:29:11 - No active profile set, falling back to default profiles: default
2019-09-13 13:29:11 - Devtools property defaults active! Set 'spring.devtools.add-properties' to 'false' to disable
2019-09-13 13:29:11 - For additional web related logging consider setting the 'logging.level.web' property to 'DEBUG'
2019-09-13 13:29:14 - Bootstrapping Spring Data repositories in DEFAULT mode.
2019-09-13 13:29:14 - Finished Spring Data repository scanning in 141ms. Found 1 repository interfaces.
2019-09-13 13:29:15 - Bean 'org.springframework.transaction.annotation.ProxyTransactionManagementConfiguration' of type [org.springframework.transaction.annotation.ProxyTransactionManagementConfiguration$$EnhancerBySpringCGLIB$$a1ffb48f] is not eligible for getting processed by all BeanPostProcessors (for example: not eligible for auto-proxying)
2019-09-13 13:29:17 - Tomcat initialized with port(s): 8092 (http)
2019-09-13 13:29:17 - Initializing ProtocolHandler ["http-nio-8092"]
2019-09-13 13:29:17 - Starting service [Tomcat]
2019-09-13 13:29:17 - Starting Servlet engine: [Apache Tomcat/9.0.16]
2019-09-13 13:29:17 - The APR based Apache Tomcat Native library which allows optimal performance in production environments was not found on the java.library.path: [C:\Program Files\Java\jdk1.8.0_172\bin;C:\Windows\Sun\Java\bin;C:\Windows\system32;C:\Windows;C:\app\UPPERLINK\product\11.2.0\dbhome_1\bin;C:\Windows\system32;C:\Windows;C:\Windows\System32\Wbem;C:\Windows\System32\WindowsPowerShell\v1.0\;C:\Windows\System32\OpenSSH\;C:\Program Files\Java\jdk1.8.0_172\bin;C:\Program Files\Microsoft SQL Server\Client SDK\ODBC\110\Tools\Binn\;C:\Program Files (x86)\Microsoft SQL Server\120\Tools\Binn\;C:\Program Files\Microsoft SQL Server\120\Tools\Binn\;C:\Program Files\Microsoft SQL Server\120\DTS\Binn\;C:\Program Files (x86)\Microsoft SQL Server\120\Tools\Binn\ManagementStudio\;C:\Program Files (x86)\Microsoft SQL Server\120\DTS\Binn\;C:\Program Files\apache-maven-3.5.4\bin;C:\Program Files\Redis\;C:\Program Files\nodejs\;C:\Program Files\Zookeeper\zookeeper-3.4.10\bin;C:\Program Files\Git\cmd;C:\Users\UPPERLINK\AppData\Local\Microsoft\WindowsApps;;C:\Program Files (x86)\Microsoft VS Code\bin;C:\Users\UPPERLINK\AppData\Roaming\npm;.]
2019-09-13 13:29:18 - Initializing Spring embedded WebApplicationContext
2019-09-13 13:29:18 - Root WebApplicationContext: initialization completed in 6489 ms
2019-09-13 13:29:20 - HikariPool-1 - Starting...
2019-09-13 13:29:20 - HikariPool-1 - Driver does not support get/set network timeout for connections. (This operation is not supported.)
2019-09-13 13:29:21 - HikariPool-1 - Start completed.
2019-09-13 13:29:21 - HHH000204: Processing PersistenceUnitInfo [
	name: default
	...]
2019-09-13 13:29:21 - HHH000412: Hibernate Core {5.3.7.Final}
2019-09-13 13:29:21 - HHH000206: hibernate.properties not found
2019-09-13 13:29:21 - HCANN000001: Hibernate Commons Annotations {5.0.4.Final}
2019-09-13 13:29:21 - HHH000400: Using dialect: org.hibernate.dialect.SQLServer2012Dialect
2019-09-13 13:29:23 - Initialized JPA EntityManagerFactory for persistence unit 'default'
2019-09-13 13:29:24 - Initializing ExecutorService 'applicationTaskExecutor'
2019-09-13 13:29:24 - spring.jpa.open-in-view is enabled by default. Therefore, database queries may be performed during view rendering. Explicitly configure spring.jpa.open-in-view to disable this warning
2019-09-13 13:29:24 - LiveReload server is running on port 35729
2019-09-13 13:29:24 - Exposing 2 endpoint(s) beneath base path '/management'
2019-09-13 13:29:25 - Starting ProtocolHandler ["http-nio-8092"]
2019-09-13 13:29:25 - Tomcat started on port(s): 8092 (http) with context path ''
2019-09-13 13:29:25 - Started ProjectApplication in 14.595 seconds (JVM running for 20.918)
2019-09-13 13:29:59 - Initializing Spring DispatcherServlet 'dispatcherServlet'
2019-09-13 13:29:59 - Initializing Servlet 'dispatcherServlet'
2019-09-13 13:29:59 - Completed initialization in 18 ms
2019-09-13 13:30:00 - HHH000397: Using ASTQueryTranslatorFactory
2019-09-13 13:31:07 - com.sample.project.exceptions.ConflictException: user does not exist
2019-09-13 13:31:07 - com.sample.project.exceptions.ConflictException: user does not exist
	at com.sample.project.Controller.RestApiController.search(RestApiController.java:84)
	at sun.reflect.NativeMethodAccessorImpl.invoke0(Native Method)
	at sun.reflect.NativeMethodAccessorImpl.invoke(NativeMethodAccessorImpl.java:62)
	at sun.reflect.DelegatingMethodAccessorImpl.invoke(DelegatingMethodAccessorImpl.java:43)
	at java.lang.reflect.Method.invoke(Method.java:498)
	at org.springframework.web.method.support.InvocableHandlerMethod.doInvoke(InvocableHandlerMethod.java:189)
	at org.springframework.web.method.support.InvocableHandlerMethod.invokeForRequest(InvocableHandlerMethod.java:138)
	at org.springframework.web.servlet.mvc.method.annotation.ServletInvocableHandlerMethod.invokeAndHandle(ServletInvocableHandlerMethod.java:102)
	at org.springframework.web.servlet.mvc.method.annotation.RequestMappingHandlerAdapter.invokeHandlerMethod(RequestMappingHandlerAdapter.java:895)
	at org.springframework.web.servlet.mvc.method.annotation.RequestMappingHandlerAdapter.handleInternal(RequestMappingHandlerAdapter.java:800)
	at org.springframework.web.servlet.mvc.method.AbstractHandlerMethodAdapter.handle(AbstractHandlerMethodAdapter.java:87)
	at org.springframework.web.servlet.DispatcherServlet.doDispatch(DispatcherServlet.java:1038)
	at org.springframework.web.servlet.DispatcherServlet.doService(DispatcherServlet.java:942)
	at org.springframework.web.servlet.FrameworkServlet.processRequest(FrameworkServlet.java:1005)
	at org.springframework.web.servlet.FrameworkServlet.doPost(FrameworkServlet.java:908)
	at javax.servlet.http.HttpServlet.service(HttpServlet.java:660)
	at org.springframework.web.servlet.FrameworkServlet.service(FrameworkServlet.java:882)
	at javax.servlet.http.HttpServlet.service(HttpServlet.java:741)
	at org.apache.catalina.core.ApplicationFilterChain.internalDoFilter(ApplicationFilterChain.java:231)
	at org.apache.catalina.core.ApplicationFilterChain.doFilter(ApplicationFilterChain.java:166)
	at org.apache.tomcat.websocket.server.WsFilter.doFilter(WsFilter.java:53)
	at org.apache.catalina.core.ApplicationFilterChain.internalDoFilter(ApplicationFilterChain.java:193)
	at org.apache.catalina.core.ApplicationFilterChain.doFilter(ApplicationFilterChain.java:166)
	at org.springframework.boot.actuate.web.trace.servlet.HttpTraceFilter.doFilterInternal(HttpTraceFilter.java:90)
	at org.springframework.web.filter.OncePerRequestFilter.doFilter(OncePerRequestFilter.java:107)
	at org.apache.catalina.core.ApplicationFilterChain.internalDoFilter(ApplicationFilterChain.java:193)
	at org.apache.catalina.core.ApplicationFilterChain.doFilter(ApplicationFilterChain.java:166)
	at org.springframework.web.filter.RequestContextFilter.doFilterInternal(RequestContextFilter.java:99)
	at org.springframework.web.filter.OncePerRequestFilter.doFilter(OncePerRequestFilter.java:107)
	at org.apache.catalina.core.ApplicationFilterChain.internalDoFilter(ApplicationFilterChain.java:193)
	at org.apache.catalina.core.ApplicationFilterChain.doFilter(ApplicationFilterChain.java:166)
	at org.springframework.web.filter.FormContentFilter.doFilterInternal(FormContentFilter.java:92)
	at org.springframework.web.filter.OncePerRequestFilter.doFilter(OncePerRequestFilter.java:107)
	at org.apache.catalina.core.ApplicationFilterChain.internalDoFilter(ApplicationFilterChain.java:193)
	at org.apache.catalina.core.ApplicationFilterChain.doFilter(ApplicationFilterChain.java:166)
	at org.springframework.web.filter.HiddenHttpMethodFilter.doFilterInternal(HiddenHttpMethodFilter.java:93)
	at org.springframework.web.filter.OncePerRequestFilter.doFilter(OncePerRequestFilter.java:107)
	at org.apache.catalina.core.ApplicationFilterChain.internalDoFilter(ApplicationFilterChain.java:193)
	at org.apache.catalina.core.ApplicationFilterChain.doFilter(ApplicationFilterChain.java:166)
	at org.springframework.boot.actuate.metrics.web.servlet.WebMvcMetricsFilter.filterAndRecordMetrics(WebMvcMetricsFilter.java:117)
	at org.springframework.boot.actuate.metrics.web.servlet.WebMvcMetricsFilter.doFilterInternal(WebMvcMetricsFilter.java:106)
	at org.springframework.web.filter.OncePerRequestFilter.doFilter(OncePerRequestFilter.java:107)
	at org.apache.catalina.core.ApplicationFilterChain.internalDoFilter(ApplicationFilterChain.java:193)
	at org.apache.catalina.core.ApplicationFilterChain.doFilter(ApplicationFilterChain.java:166)
	at org.springframework.web.filter.CharacterEncodingFilter.doFilterInternal(CharacterEncodingFilter.java:200)
	at org.springframework.web.filter.OncePerRequestFilter.doFilter(OncePerRequestFilter.java:107)
	at org.apache.catalina.core.ApplicationFilterChain.internalDoFilter(ApplicationFilterChain.java:193)
	at org.apache.catalina.core.ApplicationFilterChain.doFilter(ApplicationFilterChain.java:166)
	at org.apache.catalina.core.StandardWrapperValve.invoke(StandardWrapperValve.java:200)
	at org.apache.catalina.core.StandardContextValve.invoke(StandardContextValve.java:96)
	at org.apache.catalina.authenticator.AuthenticatorBase.invoke(AuthenticatorBase.java:490)
	at org.apache.catalina.core.StandardHostValve.invoke(StandardHostValve.java:139)
	at org.apache.catalina.valves.ErrorReportValve.invoke(ErrorReportValve.java:92)
	at org.apache.catalina.core.StandardEngineValve.invoke(StandardEngineValve.java:74)
	at org.apache.catalina.connector.CoyoteAdapter.service(CoyoteAdapter.java:343)
	at org.apache.coyote.http11.Http11Processor.service(Http11Processor.java:408)
	at org.apache.coyote.AbstractProcessorLight.process(AbstractProcessorLight.java:66)
	at org.apache.coyote.AbstractProtocol$ConnectionHandler.process(AbstractProtocol.java:834)
	at org.apache.tomcat.util.net.NioEndpoint$SocketProcessor.doRun(NioEndpoint.java:1415)
	at org.apache.tomcat.util.net.SocketProcessorBase.run(SocketProcessorBase.java:49)
	at java.util.concurrent.ThreadPoolExecutor.runWorker(ThreadPoolExecutor.java:1149)
	at java.util.concurrent.ThreadPoolExecutor$Worker.run(ThreadPoolExecutor.java:624)
	at org.apache.tomcat.util.threads.TaskThread$WrappingRunnable.run(TaskThread.java:61)
	at java.lang.Thread.run(Thread.java:748)

2019-09-13 13:31:07 - Resolved [com.sample.project.exceptions.ConflictException: user does not exist]
2019-09-13 14:30:57 - Starting ProjectApplication on DESKTOP-11J5U7N with PID 244896 (C:\Users\UPPERLINK\Desktop\PROJECTS\project\target\classes started by UPPERLINK in C:\Users\UPPERLINK\Desktop\PROJECTS\project)
2019-09-13 14:30:57 - No active profile set, falling back to default profiles: default
2019-09-13 14:30:57 - Devtools property defaults active! Set 'spring.devtools.add-properties' to 'false' to disable
2019-09-13 14:30:57 - For additional web related logging consider setting the 'logging.level.web' property to 'DEBUG'
2019-09-13 14:31:01 - Bootstrapping Spring Data repositories in DEFAULT mode.
2019-09-13 14:31:01 - Finished Spring Data repository scanning in 188ms. Found 1 repository interfaces.
2019-09-13 14:31:02 - Bean 'org.springframework.transaction.annotation.ProxyTransactionManagementConfiguration' of type [org.springframework.transaction.annotation.ProxyTransactionManagementConfiguration$$EnhancerBySpringCGLIB$$d2024d74] is not eligible for getting processed by all BeanPostProcessors (for example: not eligible for auto-proxying)
2019-09-13 14:31:04 - Tomcat initialized with port(s): 8092 (http)
2019-09-13 14:31:05 - Initializing ProtocolHandler ["http-nio-8092"]
2019-09-13 14:31:05 - Starting service [Tomcat]
2019-09-13 14:31:05 - Starting Servlet engine: [Apache Tomcat/9.0.16]
2019-09-13 14:31:05 - The APR based Apache Tomcat Native library which allows optimal performance in production environments was not found on the java.library.path: [C:\Program Files\Java\jdk1.8.0_172\bin;C:\Windows\Sun\Java\bin;C:\Windows\system32;C:\Windows;C:\app\UPPERLINK\product\11.2.0\dbhome_1\bin;C:\Windows\system32;C:\Windows;C:\Windows\System32\Wbem;C:\Windows\System32\WindowsPowerShell\v1.0\;C:\Windows\System32\OpenSSH\;C:\Program Files\Java\jdk1.8.0_172\bin;C:\Program Files\Microsoft SQL Server\Client SDK\ODBC\110\Tools\Binn\;C:\Program Files (x86)\Microsoft SQL Server\120\Tools\Binn\;C:\Program Files\Microsoft SQL Server\120\Tools\Binn\;C:\Program Files\Microsoft SQL Server\120\DTS\Binn\;C:\Program Files (x86)\Microsoft SQL Server\120\Tools\Binn\ManagementStudio\;C:\Program Files (x86)\Microsoft SQL Server\120\DTS\Binn\;C:\Program Files\apache-maven-3.5.4\bin;C:\Program Files\Redis\;C:\Program Files\nodejs\;C:\Program Files\Zookeeper\zookeeper-3.4.10\bin;C:\Program Files\Git\cmd;C:\Users\UPPERLINK\AppData\Local\Microsoft\WindowsApps;;C:\Program Files (x86)\Microsoft VS Code\bin;C:\Users\UPPERLINK\AppData\Roaming\npm;.]
2019-09-13 14:31:05 - Initializing Spring embedded WebApplicationContext
2019-09-13 14:31:05 - Root WebApplicationContext: initialization completed in 8390 ms
2019-09-13 14:31:07 - HikariPool-1 - Starting...
2019-09-13 14:31:07 - HikariPool-1 - Driver does not support get/set network timeout for connections. (This operation is not supported.)
2019-09-13 14:31:08 - HikariPool-1 - Start completed.
2019-09-13 14:31:08 - HHH000204: Processing PersistenceUnitInfo [
	name: default
	...]
2019-09-13 14:31:08 - HHH000412: Hibernate Core {5.3.7.Final}
2019-09-13 14:31:08 - HHH000206: hibernate.properties not found
2019-09-13 14:31:09 - HCANN000001: Hibernate Commons Annotations {5.0.4.Final}
2019-09-13 14:31:09 - HHH000400: Using dialect: org.hibernate.dialect.SQLServer2012Dialect
2019-09-13 14:31:12 - Initialized JPA EntityManagerFactory for persistence unit 'default'
2019-09-13 14:31:14 - Initializing ExecutorService 'applicationTaskExecutor'
2019-09-13 14:31:14 - spring.jpa.open-in-view is enabled by default. Therefore, database queries may be performed during view rendering. Explicitly configure spring.jpa.open-in-view to disable this warning
2019-09-13 14:31:15 - LiveReload server is running on port 35729
2019-09-13 14:31:15 - Exposing 2 endpoint(s) beneath base path '/management'
2019-09-13 14:31:15 - Starting ProtocolHandler ["http-nio-8092"]
2019-09-13 14:31:15 - Tomcat started on port(s): 8092 (http) with context path ''
2019-09-13 14:31:15 - Started ProjectApplication in 19.875 seconds (JVM running for 26.272)
2019-09-13 14:32:21 - Initializing Spring DispatcherServlet 'dispatcherServlet'
2019-09-13 14:32:21 - Initializing Servlet 'dispatcherServlet'
2019-09-13 14:32:21 - Completed initialization in 23 ms
2019-09-13 14:32:21 - HHH000397: Using ASTQueryTranslatorFactory
