2019-05-20 14:09:24 - Starting ProjectApplication on DESKTOP-765QC83 with PID 1916 (C:\Users\User\Desktop\project\target\classes started by User in C:\Users\User\Desktop\project)
2019-05-20 14:09:24 - No active profile set, falling back to default profiles: default
2019-05-20 14:09:24 - Devtools property defaults active! Set 'spring.devtools.add-properties' to 'false' to disable
2019-05-20 14:09:24 - For additional web related logging consider setting the 'logging.level.web' property to 'DEBUG'
2019-05-20 14:09:26 - Bootstrapping Spring Data repositories in DEFAULT mode.
2019-05-20 14:09:26 - Finished Spring Data repository scanning in 104ms. Found 1 repository interfaces.
2019-05-20 14:09:27 - Bean 'org.springframework.transaction.annotation.ProxyTransactionManagementConfiguration' of type [org.springframework.transaction.annotation.ProxyTransactionManagementConfiguration$$EnhancerBySpringCGLIB$$2fed67e] is not eligible for getting processed by all BeanPostProcessors (for example: not eligible for auto-proxying)
2019-05-20 14:09:28 - Tomcat initialized with port(s): 8092 (http)
2019-05-20 14:09:28 - Initializing ProtocolHandler ["http-nio-8092"]
2019-05-20 14:09:28 - Starting service [Tomcat]
2019-05-20 14:09:28 - Starting Servlet engine: [Apache Tomcat/9.0.16]
2019-05-20 14:09:28 - The APR based Apache Tomcat Native library which allows optimal performance in production environments was not found on the java.library.path: [C:\Program Files\Java\jdk1.8.0_171\bin;C:\Windows\Sun\Java\bin;C:\Windows\system32;C:\Windows;C:\Program Files (x86)\Common Files\Oracle\Java\javapath;C:\Windows\system32;C:\Windows;C:\Windows\System32\Wbem;C:\Windows\System32\WindowsPowerShell\v1.0\;C:\Program Files\nodejs\;C:\Program Files\Git\cmd;C:\Program Files\Microsoft SQL Server\Client SDK\ODBC\110\Tools\Binn\;C:\Program Files (x86)\Microsoft SQL Server\120\Tools\Binn\;C:\Program Files\Microsoft SQL Server\120\Tools\Binn\;C:\Program Files\Microsoft SQL Server\120\DTS\Binn\;C:\Program Files (x86)\Microsoft SQL Server\120\Tools\Binn\ManagementStudio\;C:\Program Files (x86)\Microsoft SQL Server\120\DTS\Binn\;C:\Users\User\AppData\Local\Microsoft\WindowsApps;C:\Users\User\AppData\Roaming\npm;.]
2019-05-20 14:09:29 - Initializing Spring embedded WebApplicationContext
2019-05-20 14:09:29 - Root WebApplicationContext: initialization completed in 4907 ms
2019-05-20 14:09:30 - HikariPool-1 - Starting...
2019-05-20 14:09:30 - HikariPool-1 - Driver does not support get/set network timeout for connections. (This operation is not supported.)
2019-05-20 14:09:30 - HikariPool-1 - Start completed.
2019-05-20 14:09:30 - HHH000204: Processing PersistenceUnitInfo [
	name: default
	...]
2019-05-20 14:09:31 - HHH000412: Hibernate Core {5.3.7.Final}
2019-05-20 14:09:31 - HHH000206: hibernate.properties not found
2019-05-20 14:09:32 - HCANN000001: Hibernate Commons Annotations {5.0.4.Final}
2019-05-20 14:09:32 - HHH000400: Using dialect: org.hibernate.dialect.SQLServer2012Dialect
2019-05-20 14:09:34 - Initialized JPA EntityManagerFactory for persistence unit 'default'
2019-05-20 14:09:35 - Initializing ExecutorService 'applicationTaskExecutor'
2019-05-20 14:09:35 - spring.jpa.open-in-view is enabled by default. Therefore, database queries may be performed during view rendering. Explicitly configure spring.jpa.open-in-view to disable this warning
2019-05-20 14:09:36 - LiveReload server is running on port 35729
2019-05-20 14:09:36 - Exposing 2 endpoint(s) beneath base path '/actuator'
2019-05-20 14:09:36 - Starting ProtocolHandler ["http-nio-8092"]
2019-05-20 14:09:36 - Tomcat started on port(s): 8092 (http) with context path ''
2019-05-20 14:09:36 - Started ProjectApplication in 13.625 seconds (JVM running for 35.019)
